[ 2019-02-25T21:45:46+08:00 ] 127.0.0.1 127.0.0.1 GET /index.php/index/article/page.html?name=address
[ log ] shop.com/index.php/index/article/page.html?name=address [运行时间：1.394080s][吞吐率：0.72req/s] [内存消耗：1,765.27kb] [文件加载：53]
[ info ] [ DB ] INIT mysql
[ info ] [ LANG ] C:\phpStudy\PHPTutorial\WWW\shop\core\lang\zh-cn.php
[ info ] [ ROUTE ] array (
  'type' => 'module',
  'module' => 
  array (
    0 => 'index',
    1 => 'article',
    2 => 'page',
  ),
)
[ info ] [ HEADER ] array (
  'cookie' => 'pgv_pvi=2544536576',
  'accept-language' => 'zh-CN,zh;q=0.9',
  'accept-encoding' => 'gzip, deflate',
  'accept' => 'text/html,application/xhtml+xml,application/xml;q=0.9,image/webp,image/apng,*/*;q=0.8',
  'user-agent' => 'Mozilla/5.0 (Windows NT 6.1; Win64; x64) AppleWebKit/537.36 (KHTML, like Gecko) Chrome/70.0.3538.110 Safari/537.36',
  'upgrade-insecure-requests' => '1',
  'connection' => 'close',
  'host' => 'shop.com',
)
[ info ] [ PARAM ] array (
  'name' => 'address',
)
[ info ] [ LANG ] C:\phpStudy\PHPTutorial\WWW\shop/application/index\lang\zh-cn.php
[ info ] [ SESSION ] INIT array (
  'prefix' => 'minishop',
  'type' => '',
  'auto_start' => true,
)
[ info ] [ RUN ] /**
	 * 文章单页控制器
	 * @author  tangtanglove <dai_hang_love@126.com>
	 */
Method [ <user> public method page ] {
  @@ C:\phpStudy\PHPTutorial\WWW\shop\application\index\controller\Article.php 158 - 192
}

[ info ] [ VIEW ] ./themes/default/index/page.html [ array (
  0 => 'userinfo',
  1 => 'subPage',
  2 => 'pageInfo',
  3 => 'pidInfo',
) ]
[ info ] [ DB ] INIT mysql
[ info ] [ DB ] INIT mysql
[ info ] [ LOG ] INIT file

---------------------------------------------------------------
[ 2019-02-25T21:45:49+08:00 ] 127.0.0.1 127.0.0.1 GET /
[ log ] shop.com/ [运行时间：1.519087s][吞吐率：0.66req/s] [内存消耗：1,974.29kb] [文件加载：53]
[ info ] [ DB ] INIT mysql
[ info ] [ LANG ] C:\phpStudy\PHPTutorial\WWW\shop\core\lang\zh-cn.php
[ info ] [ ROUTE ] array (
  'type' => 'module',
  'module' => 
  array (
    0 => '',
    1 => NULL,
    2 => NULL,
  ),
)
[ info ] [ HEADER ] array (
  'cookie' => 'pgv_pvi=2544536576; think_var=zh-cn; PHPSESSID=dpqsdsa4qcea71gul4fb316ea1',
  'accept-language' => 'zh-CN,zh;q=0.9',
  'accept-encoding' => 'gzip, deflate',
  'accept' => 'text/html,application/xhtml+xml,application/xml;q=0.9,image/webp,image/apng,*/*;q=0.8',
  'user-agent' => 'Mozilla/5.0 (Windows NT 6.1; Win64; x64) AppleWebKit/537.36 (KHTML, like Gecko) Chrome/70.0.3538.110 Safari/537.36',
  'upgrade-insecure-requests' => '1',
  'connection' => 'close',
  'host' => 'shop.com',
)
[ info ] [ PARAM ] array (
)
[ info ] [ LANG ] C:\phpStudy\PHPTutorial\WWW\shop/application/index\lang\zh-cn.php
[ info ] [ SESSION ] INIT array (
  'prefix' => 'minishop',
  'type' => '',
  'auto_start' => true,
)
[ info ] [ RUN ] Method [ <user> public method index ] {
  @@ C:\phpStudy\PHPTutorial\WWW\shop\application\index\controller\Index.php 21 - 25
}

[ info ] [ VIEW ] ./themes/default/index/index.html [ array (
  0 => 'userinfo',
) ]
[ info ] [ DB ] INIT mysql
[ info ] [ DB ] INIT mysql
[ info ] [ DB ] INIT mysql
[ info ] [ DB ] INIT mysql
[ info ] [ DB ] INIT mysql
[ info ] [ DB ] INIT mysql
[ info ] [ DB ] INIT mysql
[ info ] [ DB ] INIT mysql
[ info ] [ DB ] INIT mysql
[ info ] [ DB ] INIT mysql
[ info ] [ DB ] INIT mysql
[ info ] [ LOG ] INIT file

---------------------------------------------------------------
[ 2019-02-25T21:46:00+08:00 ] 127.0.0.1 127.0.0.1 GET /index.php/index/index/index.html
[ log ] shop.com/index.php/index/index/index.html [运行时间：0.203011s][吞吐率：4.93req/s] [内存消耗：1,974.67kb] [文件加载：53]
[ info ] [ DB ] INIT mysql
[ info ] [ LANG ] C:\phpStudy\PHPTutorial\WWW\shop\core\lang\zh-cn.php
[ info ] [ ROUTE ] array (
  'type' => 'module',
  'module' => 
  array (
    0 => 'index',
    1 => 'index',
    2 => 'index',
  ),
)
[ info ] [ HEADER ] array (
  'cookie' => 'pgv_pvi=2544536576; think_var=zh-cn; PHPSESSID=dpqsdsa4qcea71gul4fb316ea1',
  'accept-language' => 'zh-CN,zh;q=0.9',
  'accept-encoding' => 'gzip, deflate',
  'referer' => 'http://shop.com/',
  'accept' => 'text/html,application/xhtml+xml,application/xml;q=0.9,image/webp,image/apng,*/*;q=0.8',
  'user-agent' => 'Mozilla/5.0 (Windows NT 6.1; Win64; x64) AppleWebKit/537.36 (KHTML, like Gecko) Chrome/70.0.3538.110 Safari/537.36',
  'upgrade-insecure-requests' => '1',
  'connection' => 'close',
  'host' => 'shop.com',
)
[ info ] [ PARAM ] array (
)
[ info ] [ LANG ] C:\phpStudy\PHPTutorial\WWW\shop/application/index\lang\zh-cn.php
[ info ] [ SESSION ] INIT array (
  'prefix' => 'minishop',
  'type' => '',
  'auto_start' => true,
)
[ info ] [ RUN ] Method [ <user> public method index ] {
  @@ C:\phpStudy\PHPTutorial\WWW\shop\application\index\controller\Index.php 21 - 25
}

[ info ] [ VIEW ] ./themes/default/index/index.html [ array (
  0 => 'userinfo',
) ]
[ info ] [ DB ] INIT mysql
[ info ] [ DB ] INIT mysql
[ info ] [ DB ] INIT mysql
[ info ] [ DB ] INIT mysql
[ info ] [ DB ] INIT mysql
[ info ] [ DB ] INIT mysql
[ info ] [ DB ] INIT mysql
[ info ] [ DB ] INIT mysql
[ info ] [ DB ] INIT mysql
[ info ] [ DB ] INIT mysql
[ info ] [ DB ] INIT mysql
[ info ] [ LOG ] INIT file

---------------------------------------------------------------
[ 2019-02-25T21:46:03+08:00 ] 127.0.0.1 127.0.0.1 GET /index.php/index/article/page.html?name=company
[ log ] shop.com/index.php/index/article/page.html?name=company [运行时间：0.099006s][吞吐率：10.10req/s] [内存消耗：1,776.38kb] [文件加载：53]
[ info ] [ DB ] INIT mysql
[ info ] [ LANG ] C:\phpStudy\PHPTutorial\WWW\shop\core\lang\zh-cn.php
[ info ] [ ROUTE ] array (
  'type' => 'module',
  'module' => 
  array (
    0 => 'index',
    1 => 'article',
    2 => 'page',
  ),
)
[ info ] [ HEADER ] array (
  'cookie' => 'pgv_pvi=2544536576; think_var=zh-cn; PHPSESSID=dpqsdsa4qcea71gul4fb316ea1',
  'accept-language' => 'zh-CN,zh;q=0.9',
  'accept-encoding' => 'gzip, deflate',
  'referer' => 'http://shop.com/index.php/index/index/index.html',
  'accept' => 'text/html,application/xhtml+xml,application/xml;q=0.9,image/webp,image/apng,*/*;q=0.8',
  'user-agent' => 'Mozilla/5.0 (Windows NT 6.1; Win64; x64) AppleWebKit/537.36 (KHTML, like Gecko) Chrome/70.0.3538.110 Safari/537.36',
  'upgrade-insecure-requests' => '1',
  'connection' => 'close',
  'host' => 'shop.com',
)
[ info ] [ PARAM ] array (
  'name' => 'company',
)
[ info ] [ LANG ] C:\phpStudy\PHPTutorial\WWW\shop/application/index\lang\zh-cn.php
[ info ] [ SESSION ] INIT array (
  'prefix' => 'minishop',
  'type' => '',
  'auto_start' => true,
)
[ info ] [ RUN ] /**
	 * 文章单页控制器
	 * @author  tangtanglove <dai_hang_love@126.com>
	 */
Method [ <user> public method page ] {
  @@ C:\phpStudy\PHPTutorial\WWW\shop\application\index\controller\Article.php 158 - 192
}

[ info ] [ VIEW ] ./themes/default/index/page.html [ array (
  0 => 'userinfo',
  1 => 'subPage',
  2 => 'pageInfo',
  3 => 'pidInfo',
) ]
[ info ] [ DB ] INIT mysql
[ info ] [ DB ] INIT mysql
[ info ] [ LOG ] INIT file

---------------------------------------------------------------
[ 2019-02-25T21:46:04+08:00 ] 127.0.0.1 127.0.0.1 GET /index.php/index/article/lists.html?category=news
[ log ] shop.com/index.php/index/article/lists.html?category=news [运行时间：0.260014s][吞吐率：3.85req/s] [内存消耗：1,855.23kb] [文件加载：57]
[ info ] [ DB ] INIT mysql
[ info ] [ LANG ] C:\phpStudy\PHPTutorial\WWW\shop\core\lang\zh-cn.php
[ info ] [ ROUTE ] array (
  'type' => 'module',
  'module' => 
  array (
    0 => 'index',
    1 => 'article',
    2 => 'lists',
  ),
)
[ info ] [ HEADER ] array (
  'cookie' => 'pgv_pvi=2544536576; think_var=zh-cn; PHPSESSID=dpqsdsa4qcea71gul4fb316ea1',
  'accept-language' => 'zh-CN,zh;q=0.9',
  'accept-encoding' => 'gzip, deflate',
  'referer' => 'http://shop.com/index.php/index/article/page.html?name=company',
  'accept' => 'text/html,application/xhtml+xml,application/xml;q=0.9,image/webp,image/apng,*/*;q=0.8',
  'user-agent' => 'Mozilla/5.0 (Windows NT 6.1; Win64; x64) AppleWebKit/537.36 (KHTML, like Gecko) Chrome/70.0.3538.110 Safari/537.36',
  'upgrade-insecure-requests' => '1',
  'connection' => 'close',
  'host' => 'shop.com',
)
[ info ] [ PARAM ] array (
  'category' => 'news',
)
[ info ] [ LANG ] C:\phpStudy\PHPTutorial\WWW\shop/application/index\lang\zh-cn.php
[ info ] [ SESSION ] INIT array (
  'prefix' => 'minishop',
  'type' => '',
  'auto_start' => true,
)
[ info ] [ RUN ] /**
	 * 文章列表控制器
	 * @author  tangtanglove <dai_hang_love@126.com>
	 */
Method [ <user> public method lists ] {
  @@ C:\phpStudy\PHPTutorial\WWW\shop\application\index\controller\Article.php 36 - 88
}

[ info ] [ VIEW ] ./themes/default/index/news_list.html [ array (
  0 => 'userinfo',
  1 => 'list',
  2 => 'page',
  3 => 'categoryInfo',
) ]
[ info ] [ DB ] INIT mysql
[ info ] [ DB ] INIT mysql
[ info ] [ LOG ] INIT file

---------------------------------------------------------------
[ 2019-02-25T21:46:05+08:00 ] 127.0.0.1 127.0.0.1 GET /index.php/index/goods/index.html
[ log ] shop.com/index.php/index/goods/index.html [运行时间：0.113006s][吞吐率：8.85req/s] [内存消耗：1,729.64kb] [文件加载：54]
[ info ] [ DB ] INIT mysql
[ info ] [ LANG ] C:\phpStudy\PHPTutorial\WWW\shop\core\lang\zh-cn.php
[ info ] [ ROUTE ] array (
  'type' => 'module',
  'module' => 
  array (
    0 => 'index',
    1 => 'goods',
    2 => 'index',
  ),
)
[ info ] [ HEADER ] array (
  'cookie' => 'pgv_pvi=2544536576; think_var=zh-cn; PHPSESSID=dpqsdsa4qcea71gul4fb316ea1',
  'accept-language' => 'zh-CN,zh;q=0.9',
  'accept-encoding' => 'gzip, deflate',
  'referer' => 'http://shop.com/index.php/index/article/lists.html?category=news',
  'accept' => 'text/html,application/xhtml+xml,application/xml;q=0.9,image/webp,image/apng,*/*;q=0.8',
  'user-agent' => 'Mozilla/5.0 (Windows NT 6.1; Win64; x64) AppleWebKit/537.36 (KHTML, like Gecko) Chrome/70.0.3538.110 Safari/537.36',
  'upgrade-insecure-requests' => '1',
  'connection' => 'close',
  'host' => 'shop.com',
)
[ info ] [ PARAM ] array (
)
[ info ] [ LANG ] C:\phpStudy\PHPTutorial\WWW\shop/application/index\lang\zh-cn.php
[ info ] [ SESSION ] INIT array (
  'prefix' => 'minishop',
  'type' => '',
  'auto_start' => true,
)
[ info ] [ RUN ] Method [ <user> public method index ] {
  @@ C:\phpStudy\PHPTutorial\WWW\shop\application\index\controller\Goods.php 23 - 26
}

[ info ] [ LOG ] INIT file

---------------------------------------------------------------
[ 2019-02-25T21:46:05+08:00 ] 127.0.0.1 127.0.0.1 GET /index.php/index/goods/lists.html
[ log ] shop.com/index.php/index/goods/lists.html [运行时间：0.127007s][吞吐率：7.87req/s] [内存消耗：1,871.24kb] [文件加载：57]
[ info ] [ DB ] INIT mysql
[ info ] [ LANG ] C:\phpStudy\PHPTutorial\WWW\shop\core\lang\zh-cn.php
[ info ] [ ROUTE ] array (
  'type' => 'module',
  'module' => 
  array (
    0 => 'index',
    1 => 'goods',
    2 => 'lists',
  ),
)
[ info ] [ HEADER ] array (
  'cookie' => 'pgv_pvi=2544536576; think_var=zh-cn; PHPSESSID=dpqsdsa4qcea71gul4fb316ea1',
  'accept-language' => 'zh-CN,zh;q=0.9',
  'accept-encoding' => 'gzip, deflate',
  'referer' => 'http://shop.com/index.php/index/article/lists.html?category=news',
  'accept' => 'text/html,application/xhtml+xml,application/xml;q=0.9,image/webp,image/apng,*/*;q=0.8',
  'user-agent' => 'Mozilla/5.0 (Windows NT 6.1; Win64; x64) AppleWebKit/537.36 (KHTML, like Gecko) Chrome/70.0.3538.110 Safari/537.36',
  'upgrade-insecure-requests' => '1',
  'connection' => 'close',
  'host' => 'shop.com',
)
[ info ] [ PARAM ] array (
)
[ info ] [ LANG ] C:\phpStudy\PHPTutorial\WWW\shop/application/index\lang\zh-cn.php
[ info ] [ SESSION ] INIT array (
  'prefix' => 'minishop',
  'type' => '',
  'auto_start' => true,
)
[ info ] [ RUN ] Method [ <user> public method lists ] {
  @@ C:\phpStudy\PHPTutorial\WWW\shop\application\index\controller\Goods.php 29 - 127
}

[ info ] [ VIEW ] ./themes/default/index/goods_list.html [ array (
  0 => 'userinfo',
  1 => 'categoryInfo',
  2 => 'list',
  3 => 'selfCate',
  4 => 'parentCate',
  5 => 'parent',
  6 => 'page',
  7 => 'sort',
  8 => 'type',
) ]
[ info ] [ DB ] INIT mysql
[ info ] [ DB ] INIT mysql
[ info ] [ LOG ] INIT file

---------------------------------------------------------------
[ 2019-02-25T21:46:07+08:00 ] 127.0.0.1 127.0.0.1 GET /index.php/index/article/page.html?name=address
[ log ] shop.com/index.php/index/article/page.html?name=address [运行时间：0.091005s][吞吐率：10.99req/s] [内存消耗：1,764.94kb] [文件加载：53]
[ info ] [ DB ] INIT mysql
[ info ] [ LANG ] C:\phpStudy\PHPTutorial\WWW\shop\core\lang\zh-cn.php
[ info ] [ ROUTE ] array (
  'type' => 'module',
  'module' => 
  array (
    0 => 'index',
    1 => 'article',
    2 => 'page',
  ),
)
[ info ] [ HEADER ] array (
  'cookie' => 'pgv_pvi=2544536576; think_var=zh-cn; PHPSESSID=dpqsdsa4qcea71gul4fb316ea1',
  'accept-language' => 'zh-CN,zh;q=0.9',
  'accept-encoding' => 'gzip, deflate',
  'referer' => 'http://shop.com/index.php/index/goods/lists.html',
  'accept' => 'text/html,application/xhtml+xml,application/xml;q=0.9,image/webp,image/apng,*/*;q=0.8',
  'user-agent' => 'Mozilla/5.0 (Windows NT 6.1; Win64; x64) AppleWebKit/537.36 (KHTML, like Gecko) Chrome/70.0.3538.110 Safari/537.36',
  'upgrade-insecure-requests' => '1',
  'connection' => 'close',
  'host' => 'shop.com',
)
[ info ] [ PARAM ] array (
  'name' => 'address',
)
[ info ] [ LANG ] C:\phpStudy\PHPTutorial\WWW\shop/application/index\lang\zh-cn.php
[ info ] [ SESSION ] INIT array (
  'prefix' => 'minishop',
  'type' => '',
  'auto_start' => true,
)
[ info ] [ RUN ] /**
	 * 文章单页控制器
	 * @author  tangtanglove <dai_hang_love@126.com>
	 */
Method [ <user> public method page ] {
  @@ C:\phpStudy\PHPTutorial\WWW\shop\application\index\controller\Article.php 158 - 192
}

[ info ] [ VIEW ] ./themes/default/index/page.html [ array (
  0 => 'userinfo',
  1 => 'subPage',
  2 => 'pageInfo',
  3 => 'pidInfo',
) ]
[ info ] [ DB ] INIT mysql
[ info ] [ DB ] INIT mysql
[ info ] [ LOG ] INIT file

---------------------------------------------------------------
[ 2019-02-25T21:46:08+08:00 ] 127.0.0.1 127.0.0.1 GET /index.php/index/goods/index.html
[ log ] shop.com/index.php/index/goods/index.html [运行时间：0.049003s][吞吐率：20.41req/s] [内存消耗：1,729.57kb] [文件加载：54]
[ info ] [ DB ] INIT mysql
[ info ] [ LANG ] C:\phpStudy\PHPTutorial\WWW\shop\core\lang\zh-cn.php
[ info ] [ ROUTE ] array (
  'type' => 'module',
  'module' => 
  array (
    0 => 'index',
    1 => 'goods',
    2 => 'index',
  ),
)
[ info ] [ HEADER ] array (
  'cookie' => 'pgv_pvi=2544536576; think_var=zh-cn; PHPSESSID=dpqsdsa4qcea71gul4fb316ea1',
  'accept-language' => 'zh-CN,zh;q=0.9',
  'accept-encoding' => 'gzip, deflate',
  'referer' => 'http://shop.com/index.php/index/article/page.html?name=address',
  'accept' => 'text/html,application/xhtml+xml,application/xml;q=0.9,image/webp,image/apng,*/*;q=0.8',
  'user-agent' => 'Mozilla/5.0 (Windows NT 6.1; Win64; x64) AppleWebKit/537.36 (KHTML, like Gecko) Chrome/70.0.3538.110 Safari/537.36',
  'upgrade-insecure-requests' => '1',
  'connection' => 'close',
  'host' => 'shop.com',
)
[ info ] [ PARAM ] array (
)
[ info ] [ LANG ] C:\phpStudy\PHPTutorial\WWW\shop/application/index\lang\zh-cn.php
[ info ] [ SESSION ] INIT array (
  'prefix' => 'minishop',
  'type' => '',
  'auto_start' => true,
)
[ info ] [ RUN ] Method [ <user> public method index ] {
  @@ C:\phpStudy\PHPTutorial\WWW\shop\application\index\controller\Goods.php 23 - 26
}

[ info ] [ LOG ] INIT file

---------------------------------------------------------------
[ 2019-02-25T21:46:08+08:00 ] 127.0.0.1 127.0.0.1 GET /index.php/index/goods/lists.html
[ log ] shop.com/index.php/index/goods/lists.html [运行时间：0.116007s][吞吐率：8.62req/s] [内存消耗：1,871.23kb] [文件加载：57]
[ info ] [ DB ] INIT mysql
[ info ] [ LANG ] C:\phpStudy\PHPTutorial\WWW\shop\core\lang\zh-cn.php
[ info ] [ ROUTE ] array (
  'type' => 'module',
  'module' => 
  array (
    0 => 'index',
    1 => 'goods',
    2 => 'lists',
  ),
)
[ info ] [ HEADER ] array (
  'cookie' => 'pgv_pvi=2544536576; think_var=zh-cn; PHPSESSID=dpqsdsa4qcea71gul4fb316ea1',
  'accept-language' => 'zh-CN,zh;q=0.9',
  'accept-encoding' => 'gzip, deflate',
  'referer' => 'http://shop.com/index.php/index/article/page.html?name=address',
  'accept' => 'text/html,application/xhtml+xml,application/xml;q=0.9,image/webp,image/apng,*/*;q=0.8',
  'user-agent' => 'Mozilla/5.0 (Windows NT 6.1; Win64; x64) AppleWebKit/537.36 (KHTML, like Gecko) Chrome/70.0.3538.110 Safari/537.36',
  'upgrade-insecure-requests' => '1',
  'connection' => 'close',
  'host' => 'shop.com',
)
[ info ] [ PARAM ] array (
)
[ info ] [ LANG ] C:\phpStudy\PHPTutorial\WWW\shop/application/index\lang\zh-cn.php
[ info ] [ SESSION ] INIT array (
  'prefix' => 'minishop',
  'type' => '',
  'auto_start' => true,
)
[ info ] [ RUN ] Method [ <user> public method lists ] {
  @@ C:\phpStudy\PHPTutorial\WWW\shop\application\index\controller\Goods.php 29 - 127
}

[ info ] [ VIEW ] ./themes/default/index/goods_list.html [ array (
  0 => 'userinfo',
  1 => 'categoryInfo',
  2 => 'list',
  3 => 'selfCate',
  4 => 'parentCate',
  5 => 'parent',
  6 => 'page',
  7 => 'sort',
  8 => 'type',
) ]
[ info ] [ DB ] INIT mysql
[ info ] [ DB ] INIT mysql
[ info ] [ LOG ] INIT file

---------------------------------------------------------------
[ 2019-02-25T21:46:09+08:00 ] 127.0.0.1 127.0.0.1 GET /index.php/index/article/lists.html?category=news
[ log ] shop.com/index.php/index/article/lists.html?category=news [运行时间：0.100005s][吞吐率：10.00req/s] [内存消耗：1,855.22kb] [文件加载：57]
[ info ] [ DB ] INIT mysql
[ info ] [ LANG ] C:\phpStudy\PHPTutorial\WWW\shop\core\lang\zh-cn.php
[ info ] [ ROUTE ] array (
  'type' => 'module',
  'module' => 
  array (
    0 => 'index',
    1 => 'article',
    2 => 'lists',
  ),
)
[ info ] [ HEADER ] array (
  'cookie' => 'pgv_pvi=2544536576; think_var=zh-cn; PHPSESSID=dpqsdsa4qcea71gul4fb316ea1',
  'accept-language' => 'zh-CN,zh;q=0.9',
  'accept-encoding' => 'gzip, deflate',
  'referer' => 'http://shop.com/index.php/index/goods/lists.html',
  'accept' => 'text/html,application/xhtml+xml,application/xml;q=0.9,image/webp,image/apng,*/*;q=0.8',
  'user-agent' => 'Mozilla/5.0 (Windows NT 6.1; Win64; x64) AppleWebKit/537.36 (KHTML, like Gecko) Chrome/70.0.3538.110 Safari/537.36',
  'upgrade-insecure-requests' => '1',
  'connection' => 'close',
  'host' => 'shop.com',
)
[ info ] [ PARAM ] array (
  'category' => 'news',
)
[ info ] [ LANG ] C:\phpStudy\PHPTutorial\WWW\shop/application/index\lang\zh-cn.php
[ info ] [ SESSION ] INIT array (
  'prefix' => 'minishop',
  'type' => '',
  'auto_start' => true,
)
[ info ] [ RUN ] /**
	 * 文章列表控制器
	 * @author  tangtanglove <dai_hang_love@126.com>
	 */
Method [ <user> public method lists ] {
  @@ C:\phpStudy\PHPTutorial\WWW\shop\application\index\controller\Article.php 36 - 88
}

[ info ] [ VIEW ] ./themes/default/index/news_list.html [ array (
  0 => 'userinfo',
  1 => 'list',
  2 => 'page',
  3 => 'categoryInfo',
) ]
[ info ] [ DB ] INIT mysql
[ info ] [ DB ] INIT mysql
[ info ] [ LOG ] INIT file

---------------------------------------------------------------
[ 2019-02-25T21:46:10+08:00 ] 127.0.0.1 127.0.0.1 GET /index.php/index/article/page.html?name=company
[ log ] shop.com/index.php/index/article/page.html?name=company [运行时间：0.094006s][吞吐率：10.64req/s] [内存消耗：1,776.21kb] [文件加载：53]
[ info ] [ DB ] INIT mysql
[ info ] [ LANG ] C:\phpStudy\PHPTutorial\WWW\shop\core\lang\zh-cn.php
[ info ] [ ROUTE ] array (
  'type' => 'module',
  'module' => 
  array (
    0 => 'index',
    1 => 'article',
    2 => 'page',
  ),
)
[ info ] [ HEADER ] array (
  'cookie' => 'pgv_pvi=2544536576; think_var=zh-cn; PHPSESSID=dpqsdsa4qcea71gul4fb316ea1',
  'accept-language' => 'zh-CN,zh;q=0.9',
  'accept-encoding' => 'gzip, deflate',
  'referer' => 'http://shop.com/index.php/index/article/lists.html?category=news',
  'accept' => 'text/html,application/xhtml+xml,application/xml;q=0.9,image/webp,image/apng,*/*;q=0.8',
  'user-agent' => 'Mozilla/5.0 (Windows NT 6.1; Win64; x64) AppleWebKit/537.36 (KHTML, like Gecko) Chrome/70.0.3538.110 Safari/537.36',
  'upgrade-insecure-requests' => '1',
  'connection' => 'close',
  'host' => 'shop.com',
)
[ info ] [ PARAM ] array (
  'name' => 'company',
)
[ info ] [ LANG ] C:\phpStudy\PHPTutorial\WWW\shop/application/index\lang\zh-cn.php
[ info ] [ SESSION ] INIT array (
  'prefix' => 'minishop',
  'type' => '',
  'auto_start' => true,
)
[ info ] [ RUN ] /**
	 * 文章单页控制器
	 * @author  tangtanglove <dai_hang_love@126.com>
	 */
Method [ <user> public method page ] {
  @@ C:\phpStudy\PHPTutorial\WWW\shop\application\index\controller\Article.php 158 - 192
}

[ info ] [ VIEW ] ./themes/default/index/page.html [ array (
  0 => 'userinfo',
  1 => 'subPage',
  2 => 'pageInfo',
  3 => 'pidInfo',
) ]
[ info ] [ DB ] INIT mysql
[ info ] [ DB ] INIT mysql
[ info ] [ LOG ] INIT file

---------------------------------------------------------------
[ 2019-02-25T21:46:10+08:00 ] 127.0.0.1 127.0.0.1 GET /index.php/index/index/index.html
[ log ] shop.com/index.php/index/index/index.html [运行时间：0.178010s][吞吐率：5.62req/s] [内存消耗：1,974.70kb] [文件加载：53]
[ info ] [ DB ] INIT mysql
[ info ] [ LANG ] C:\phpStudy\PHPTutorial\WWW\shop\core\lang\zh-cn.php
[ info ] [ ROUTE ] array (
  'type' => 'module',
  'module' => 
  array (
    0 => 'index',
    1 => 'index',
    2 => 'index',
  ),
)
[ info ] [ HEADER ] array (
  'cookie' => 'pgv_pvi=2544536576; think_var=zh-cn; PHPSESSID=dpqsdsa4qcea71gul4fb316ea1',
  'accept-language' => 'zh-CN,zh;q=0.9',
  'accept-encoding' => 'gzip, deflate',
  'referer' => 'http://shop.com/index.php/index/article/page.html?name=company',
  'accept' => 'text/html,application/xhtml+xml,application/xml;q=0.9,image/webp,image/apng,*/*;q=0.8',
  'user-agent' => 'Mozilla/5.0 (Windows NT 6.1; Win64; x64) AppleWebKit/537.36 (KHTML, like Gecko) Chrome/70.0.3538.110 Safari/537.36',
  'upgrade-insecure-requests' => '1',
  'connection' => 'close',
  'host' => 'shop.com',
)
[ info ] [ PARAM ] array (
)
[ info ] [ LANG ] C:\phpStudy\PHPTutorial\WWW\shop/application/index\lang\zh-cn.php
[ info ] [ SESSION ] INIT array (
  'prefix' => 'minishop',
  'type' => '',
  'auto_start' => true,
)
[ info ] [ RUN ] Method [ <user> public method index ] {
  @@ C:\phpStudy\PHPTutorial\WWW\shop\application\index\controller\Index.php 21 - 25
}

[ info ] [ VIEW ] ./themes/default/index/index.html [ array (
  0 => 'userinfo',
) ]
[ info ] [ DB ] INIT mysql
[ info ] [ DB ] INIT mysql
[ info ] [ DB ] INIT mysql
[ info ] [ DB ] INIT mysql
[ info ] [ DB ] INIT mysql
[ info ] [ DB ] INIT mysql
[ info ] [ DB ] INIT mysql
[ info ] [ DB ] INIT mysql
[ info ] [ DB ] INIT mysql
[ info ] [ DB ] INIT mysql
[ info ] [ DB ] INIT mysql
[ info ] [ LOG ] INIT file

---------------------------------------------------------------
[ 2019-02-25T21:46:13+08:00 ] 127.0.0.1 127.0.0.1 GET /index.php/index/article/page.html?name=honor
[ log ] shop.com/index.php/index/article/page.html?name=honor [运行时间：0.100006s][吞吐率：10.00req/s] [内存消耗：1,776.32kb] [文件加载：53]
[ info ] [ DB ] INIT mysql
[ info ] [ LANG ] C:\phpStudy\PHPTutorial\WWW\shop\core\lang\zh-cn.php
[ info ] [ ROUTE ] array (
  'type' => 'module',
  'module' => 
  array (
    0 => 'index',
    1 => 'article',
    2 => 'page',
  ),
)
[ info ] [ HEADER ] array (
  'cookie' => 'pgv_pvi=2544536576; think_var=zh-cn; PHPSESSID=dpqsdsa4qcea71gul4fb316ea1',
  'accept-language' => 'zh-CN,zh;q=0.9',
  'accept-encoding' => 'gzip, deflate',
  'referer' => 'http://shop.com/index.php/index/index/index.html',
  'accept' => 'text/html,application/xhtml+xml,application/xml;q=0.9,image/webp,image/apng,*/*;q=0.8',
  'user-agent' => 'Mozilla/5.0 (Windows NT 6.1; Win64; x64) AppleWebKit/537.36 (KHTML, like Gecko) Chrome/70.0.3538.110 Safari/537.36',
  'upgrade-insecure-requests' => '1',
  'connection' => 'close',
  'host' => 'shop.com',
)
[ info ] [ PARAM ] array (
  'name' => 'honor',
)
[ info ] [ LANG ] C:\phpStudy\PHPTutorial\WWW\shop/application/index\lang\zh-cn.php
[ info ] [ SESSION ] INIT array (
  'prefix' => 'minishop',
  'type' => '',
  'auto_start' => true,
)
[ info ] [ RUN ] /**
	 * 文章单页控制器
	 * @author  tangtanglove <dai_hang_love@126.com>
	 */
Method [ <user> public method page ] {
  @@ C:\phpStudy\PHPTutorial\WWW\shop\application\index\controller\Article.php 158 - 192
}

[ info ] [ VIEW ] ./themes/default/index/page.html [ array (
  0 => 'userinfo',
  1 => 'subPage',
  2 => 'pageInfo',
  3 => 'pidInfo',
) ]
[ info ] [ DB ] INIT mysql
[ info ] [ DB ] INIT mysql
[ info ] [ LOG ] INIT file

---------------------------------------------------------------
[ 2019-02-25T21:46:23+08:00 ] 127.0.0.1 127.0.0.1 GET /index.php/index/index/login.html
[ log ] shop.com/index.php/index/index/login.html [运行时间：0.081005s][吞吐率：12.34req/s] [内存消耗：1,678.58kb] [文件加载：53]
[ info ] [ DB ] INIT mysql
[ info ] [ LANG ] C:\phpStudy\PHPTutorial\WWW\shop\core\lang\zh-cn.php
[ info ] [ ROUTE ] array (
  'type' => 'module',
  'module' => 
  array (
    0 => 'index',
    1 => 'index',
    2 => 'login',
  ),
)
[ info ] [ HEADER ] array (
  'cookie' => 'pgv_pvi=2544536576; think_var=zh-cn; PHPSESSID=dpqsdsa4qcea71gul4fb316ea1',
  'accept-language' => 'zh-CN,zh;q=0.9',
  'accept-encoding' => 'gzip, deflate',
  'referer' => 'http://shop.com/index.php/index/article/page.html?name=honor',
  'accept' => 'text/html,application/xhtml+xml,application/xml;q=0.9,image/webp,image/apng,*/*;q=0.8',
  'user-agent' => 'Mozilla/5.0 (Windows NT 6.1; Win64; x64) AppleWebKit/537.36 (KHTML, like Gecko) Chrome/70.0.3538.110 Safari/537.36',
  'upgrade-insecure-requests' => '1',
  'connection' => 'close',
  'host' => 'shop.com',
)
[ info ] [ PARAM ] array (
)
[ info ] [ LANG ] C:\phpStudy\PHPTutorial\WWW\shop/application/index\lang\zh-cn.php
[ info ] [ SESSION ] INIT array (
  'prefix' => 'minishop',
  'type' => '',
  'auto_start' => true,
)
[ info ] [ RUN ] /**
     * 用户登录方法
     * @author  矢志bu渝 <745152620@qq.com>
     */
Method [ <user, inherits app\index\controller\Base> public method login ] {
  @@ C:\phpStudy\PHPTutorial\WWW\shop\application\index\controller\Base.php 63 - 96
}

[ info ] [ VIEW ] ./themes/default/index/login.html [ array (
  0 => 'userinfo',
) ]
[ info ] [ LOG ] INIT file

---------------------------------------------------------------
[ 2019-02-25T21:46:27+08:00 ] 127.0.0.1 127.0.0.1 GET /index.php/index/index/index.html
[ log ] shop.com/index.php/index/index/index.html [运行时间：0.201012s][吞吐率：4.97req/s] [内存消耗：1,974.66kb] [文件加载：53]
[ info ] [ DB ] INIT mysql
[ info ] [ LANG ] C:\phpStudy\PHPTutorial\WWW\shop\core\lang\zh-cn.php
[ info ] [ ROUTE ] array (
  'type' => 'module',
  'module' => 
  array (
    0 => 'index',
    1 => 'index',
    2 => 'index',
  ),
)
[ info ] [ HEADER ] array (
  'cookie' => 'pgv_pvi=2544536576; think_var=zh-cn; PHPSESSID=dpqsdsa4qcea71gul4fb316ea1',
  'accept-language' => 'zh-CN,zh;q=0.9',
  'accept-encoding' => 'gzip, deflate',
  'referer' => 'http://shop.com/index.php/index/index/login.html',
  'accept' => 'text/html,application/xhtml+xml,application/xml;q=0.9,image/webp,image/apng,*/*;q=0.8',
  'user-agent' => 'Mozilla/5.0 (Windows NT 6.1; Win64; x64) AppleWebKit/537.36 (KHTML, like Gecko) Chrome/70.0.3538.110 Safari/537.36',
  'upgrade-insecure-requests' => '1',
  'connection' => 'close',
  'host' => 'shop.com',
)
[ info ] [ PARAM ] array (
)
[ info ] [ LANG ] C:\phpStudy\PHPTutorial\WWW\shop/application/index\lang\zh-cn.php
[ info ] [ SESSION ] INIT array (
  'prefix' => 'minishop',
  'type' => '',
  'auto_start' => true,
)
[ info ] [ RUN ] Method [ <user> public method index ] {
  @@ C:\phpStudy\PHPTutorial\WWW\shop\application\index\controller\Index.php 21 - 25
}

[ info ] [ VIEW ] ./themes/default/index/index.html [ array (
  0 => 'userinfo',
) ]
[ info ] [ DB ] INIT mysql
[ info ] [ DB ] INIT mysql
[ info ] [ DB ] INIT mysql
[ info ] [ DB ] INIT mysql
[ info ] [ DB ] INIT mysql
[ info ] [ DB ] INIT mysql
[ info ] [ DB ] INIT mysql
[ info ] [ DB ] INIT mysql
[ info ] [ DB ] INIT mysql
[ info ] [ DB ] INIT mysql
[ info ] [ DB ] INIT mysql
[ info ] [ LOG ] INIT file

---------------------------------------------------------------
[ 2019-02-25T21:47:53+08:00 ] 127.0.0.1 127.0.0.1 GET /index.php/index/article/page.html?name=address
[ log ] shop.com/index.php/index/article/page.html?name=address [运行时间：0.101006s][吞吐率：9.90req/s] [内存消耗：1,764.94kb] [文件加载：53]
[ info ] [ DB ] INIT mysql
[ info ] [ LANG ] C:\phpStudy\PHPTutorial\WWW\shop\core\lang\zh-cn.php
[ info ] [ ROUTE ] array (
  'type' => 'module',
  'module' => 
  array (
    0 => 'index',
    1 => 'article',
    2 => 'page',
  ),
)
[ info ] [ HEADER ] array (
  'cookie' => 'pgv_pvi=2544536576; think_var=zh-cn; PHPSESSID=dpqsdsa4qcea71gul4fb316ea1',
  'accept-language' => 'zh-CN,zh;q=0.9',
  'accept-encoding' => 'gzip, deflate',
  'referer' => 'http://shop.com/index.php/index/index/index.html',
  'accept' => 'text/html,application/xhtml+xml,application/xml;q=0.9,image/webp,image/apng,*/*;q=0.8',
  'user-agent' => 'Mozilla/5.0 (Windows NT 6.1; Win64; x64) AppleWebKit/537.36 (KHTML, like Gecko) Chrome/70.0.3538.110 Safari/537.36',
  'upgrade-insecure-requests' => '1',
  'connection' => 'close',
  'host' => 'shop.com',
)
[ info ] [ PARAM ] array (
  'name' => 'address',
)
[ info ] [ LANG ] C:\phpStudy\PHPTutorial\WWW\shop/application/index\lang\zh-cn.php
[ info ] [ SESSION ] INIT array (
  'prefix' => 'minishop',
  'type' => '',
  'auto_start' => true,
)
[ info ] [ RUN ] /**
	 * 文章单页控制器
	 * @author  tangtanglove <dai_hang_love@126.com>
	 */
Method [ <user> public method page ] {
  @@ C:\phpStudy\PHPTutorial\WWW\shop\application\index\controller\Article.php 158 - 192
}

[ info ] [ VIEW ] ./themes/default/index/page.html [ array (
  0 => 'userinfo',
  1 => 'subPage',
  2 => 'pageInfo',
  3 => 'pidInfo',
) ]
[ info ] [ DB ] INIT mysql
[ info ] [ DB ] INIT mysql
[ info ] [ LOG ] INIT file

---------------------------------------------------------------
[ 2019-02-25T21:47:55+08:00 ] 127.0.0.1 127.0.0.1 GET /index.php/index/goods/index.html
[ log ] shop.com/index.php/index/goods/index.html [运行时间：0.052003s][吞吐率：19.23req/s] [内存消耗：1,729.57kb] [文件加载：54]
[ info ] [ DB ] INIT mysql
[ info ] [ LANG ] C:\phpStudy\PHPTutorial\WWW\shop\core\lang\zh-cn.php
[ info ] [ ROUTE ] array (
  'type' => 'module',
  'module' => 
  array (
    0 => 'index',
    1 => 'goods',
    2 => 'index',
  ),
)
[ info ] [ HEADER ] array (
  'cookie' => 'pgv_pvi=2544536576; think_var=zh-cn; PHPSESSID=dpqsdsa4qcea71gul4fb316ea1',
  'accept-language' => 'zh-CN,zh;q=0.9',
  'accept-encoding' => 'gzip, deflate',
  'referer' => 'http://shop.com/index.php/index/article/page.html?name=address',
  'accept' => 'text/html,application/xhtml+xml,application/xml;q=0.9,image/webp,image/apng,*/*;q=0.8',
  'user-agent' => 'Mozilla/5.0 (Windows NT 6.1; Win64; x64) AppleWebKit/537.36 (KHTML, like Gecko) Chrome/70.0.3538.110 Safari/537.36',
  'upgrade-insecure-requests' => '1',
  'connection' => 'close',
  'host' => 'shop.com',
)
[ info ] [ PARAM ] array (
)
[ info ] [ LANG ] C:\phpStudy\PHPTutorial\WWW\shop/application/index\lang\zh-cn.php
[ info ] [ SESSION ] INIT array (
  'prefix' => 'minishop',
  'type' => '',
  'auto_start' => true,
)
[ info ] [ RUN ] Method [ <user> public method index ] {
  @@ C:\phpStudy\PHPTutorial\WWW\shop\application\index\controller\Goods.php 23 - 26
}

[ info ] [ LOG ] INIT file

---------------------------------------------------------------
[ 2019-02-25T21:47:55+08:00 ] 127.0.0.1 127.0.0.1 GET /index.php/index/goods/lists.html
[ log ] shop.com/index.php/index/goods/lists.html [运行时间：0.113007s][吞吐率：8.85req/s] [内存消耗：1,871.23kb] [文件加载：57]
[ info ] [ DB ] INIT mysql
[ info ] [ LANG ] C:\phpStudy\PHPTutorial\WWW\shop\core\lang\zh-cn.php
[ info ] [ ROUTE ] array (
  'type' => 'module',
  'module' => 
  array (
    0 => 'index',
    1 => 'goods',
    2 => 'lists',
  ),
)
[ info ] [ HEADER ] array (
  'cookie' => 'pgv_pvi=2544536576; think_var=zh-cn; PHPSESSID=dpqsdsa4qcea71gul4fb316ea1',
  'accept-language' => 'zh-CN,zh;q=0.9',
  'accept-encoding' => 'gzip, deflate',
  'referer' => 'http://shop.com/index.php/index/article/page.html?name=address',
  'accept' => 'text/html,application/xhtml+xml,application/xml;q=0.9,image/webp,image/apng,*/*;q=0.8',
  'user-agent' => 'Mozilla/5.0 (Windows NT 6.1; Win64; x64) AppleWebKit/537.36 (KHTML, like Gecko) Chrome/70.0.3538.110 Safari/537.36',
  'upgrade-insecure-requests' => '1',
  'connection' => 'close',
  'host' => 'shop.com',
)
[ info ] [ PARAM ] array (
)
[ info ] [ LANG ] C:\phpStudy\PHPTutorial\WWW\shop/application/index\lang\zh-cn.php
[ info ] [ SESSION ] INIT array (
  'prefix' => 'minishop',
  'type' => '',
  'auto_start' => true,
)
[ info ] [ RUN ] Method [ <user> public method lists ] {
  @@ C:\phpStudy\PHPTutorial\WWW\shop\application\index\controller\Goods.php 29 - 127
}

[ info ] [ VIEW ] ./themes/default/index/goods_list.html [ array (
  0 => 'userinfo',
  1 => 'categoryInfo',
  2 => 'list',
  3 => 'selfCate',
  4 => 'parentCate',
  5 => 'parent',
  6 => 'page',
  7 => 'sort',
  8 => 'type',
) ]
[ info ] [ DB ] INIT mysql
[ info ] [ DB ] INIT mysql
[ info ] [ LOG ] INIT file

---------------------------------------------------------------
[ 2019-02-25T21:47:56+08:00 ] 127.0.0.1 127.0.0.1 GET /index.php/index/article/lists.html?category=news
[ log ] shop.com/index.php/index/article/lists.html?category=news [运行时间：0.109007s][吞吐率：9.17req/s] [内存消耗：1,855.22kb] [文件加载：57]
[ info ] [ DB ] INIT mysql
[ info ] [ LANG ] C:\phpStudy\PHPTutorial\WWW\shop\core\lang\zh-cn.php
[ info ] [ ROUTE ] array (
  'type' => 'module',
  'module' => 
  array (
    0 => 'index',
    1 => 'article',
    2 => 'lists',
  ),
)
[ info ] [ HEADER ] array (
  'cookie' => 'pgv_pvi=2544536576; think_var=zh-cn; PHPSESSID=dpqsdsa4qcea71gul4fb316ea1',
  'accept-language' => 'zh-CN,zh;q=0.9',
  'accept-encoding' => 'gzip, deflate',
  'referer' => 'http://shop.com/index.php/index/goods/lists.html',
  'accept' => 'text/html,application/xhtml+xml,application/xml;q=0.9,image/webp,image/apng,*/*;q=0.8',
  'user-agent' => 'Mozilla/5.0 (Windows NT 6.1; Win64; x64) AppleWebKit/537.36 (KHTML, like Gecko) Chrome/70.0.3538.110 Safari/537.36',
  'upgrade-insecure-requests' => '1',
  'connection' => 'close',
  'host' => 'shop.com',
)
[ info ] [ PARAM ] array (
  'category' => 'news',
)
[ info ] [ LANG ] C:\phpStudy\PHPTutorial\WWW\shop/application/index\lang\zh-cn.php
[ info ] [ SESSION ] INIT array (
  'prefix' => 'minishop',
  'type' => '',
  'auto_start' => true,
)
[ info ] [ RUN ] /**
	 * 文章列表控制器
	 * @author  tangtanglove <dai_hang_love@126.com>
	 */
Method [ <user> public method lists ] {
  @@ C:\phpStudy\PHPTutorial\WWW\shop\application\index\controller\Article.php 36 - 88
}

[ info ] [ VIEW ] ./themes/default/index/news_list.html [ array (
  0 => 'userinfo',
  1 => 'list',
  2 => 'page',
  3 => 'categoryInfo',
) ]
[ info ] [ DB ] INIT mysql
[ info ] [ DB ] INIT mysql
[ info ] [ LOG ] INIT file

---------------------------------------------------------------
[ 2019-02-25T21:47:58+08:00 ] 127.0.0.1 127.0.0.1 GET /index.php/index/article/page.html?name=company
[ log ] shop.com/index.php/index/article/page.html?name=company [运行时间：0.091005s][吞吐率：10.99req/s] [内存消耗：1,776.21kb] [文件加载：53]
[ info ] [ DB ] INIT mysql
[ info ] [ LANG ] C:\phpStudy\PHPTutorial\WWW\shop\core\lang\zh-cn.php
[ info ] [ ROUTE ] array (
  'type' => 'module',
  'module' => 
  array (
    0 => 'index',
    1 => 'article',
    2 => 'page',
  ),
)
[ info ] [ HEADER ] array (
  'cookie' => 'pgv_pvi=2544536576; think_var=zh-cn; PHPSESSID=dpqsdsa4qcea71gul4fb316ea1',
  'accept-language' => 'zh-CN,zh;q=0.9',
  'accept-encoding' => 'gzip, deflate',
  'referer' => 'http://shop.com/index.php/index/article/lists.html?category=news',
  'accept' => 'text/html,application/xhtml+xml,application/xml;q=0.9,image/webp,image/apng,*/*;q=0.8',
  'user-agent' => 'Mozilla/5.0 (Windows NT 6.1; Win64; x64) AppleWebKit/537.36 (KHTML, like Gecko) Chrome/70.0.3538.110 Safari/537.36',
  'upgrade-insecure-requests' => '1',
  'connection' => 'close',
  'host' => 'shop.com',
)
[ info ] [ PARAM ] array (
  'name' => 'company',
)
[ info ] [ LANG ] C:\phpStudy\PHPTutorial\WWW\shop/application/index\lang\zh-cn.php
[ info ] [ SESSION ] INIT array (
  'prefix' => 'minishop',
  'type' => '',
  'auto_start' => true,
)
[ info ] [ RUN ] /**
	 * 文章单页控制器
	 * @author  tangtanglove <dai_hang_love@126.com>
	 */
Method [ <user> public method page ] {
  @@ C:\phpStudy\PHPTutorial\WWW\shop\application\index\controller\Article.php 158 - 192
}

[ info ] [ VIEW ] ./themes/default/index/page.html [ array (
  0 => 'userinfo',
  1 => 'subPage',
  2 => 'pageInfo',
  3 => 'pidInfo',
) ]
[ info ] [ DB ] INIT mysql
[ info ] [ DB ] INIT mysql
[ info ] [ LOG ] INIT file

---------------------------------------------------------------
[ 2019-02-25T21:48:05+08:00 ] 127.0.0.1 127.0.0.1 GET /index.php/index/search/index.html?module=posts&query=1
[ log ] shop.com/index.php/index/search/index.html?module=posts&query=1 [运行时间：0.219013s][吞吐率：4.57req/s] [内存消耗：1,833.77kb] [文件加载：57]
[ info ] [ DB ] INIT mysql
[ info ] [ LANG ] C:\phpStudy\PHPTutorial\WWW\shop\core\lang\zh-cn.php
[ info ] [ ROUTE ] array (
  'type' => 'module',
  'module' => 
  array (
    0 => 'index',
    1 => 'search',
    2 => 'index',
  ),
)
[ info ] [ HEADER ] array (
  'cookie' => 'pgv_pvi=2544536576; think_var=zh-cn; PHPSESSID=dpqsdsa4qcea71gul4fb316ea1',
  'accept-language' => 'zh-CN,zh;q=0.9',
  'accept-encoding' => 'gzip, deflate',
  'referer' => 'http://shop.com/index.php/index/article/page.html?name=company',
  'accept' => 'text/html,application/xhtml+xml,application/xml;q=0.9,image/webp,image/apng,*/*;q=0.8',
  'user-agent' => 'Mozilla/5.0 (Windows NT 6.1; Win64; x64) AppleWebKit/537.36 (KHTML, like Gecko) Chrome/70.0.3538.110 Safari/537.36',
  'upgrade-insecure-requests' => '1',
  'connection' => 'close',
  'host' => 'shop.com',
)
[ info ] [ PARAM ] array (
  'module' => 'posts',
  'query' => '1',
)
[ info ] [ LANG ] C:\phpStudy\PHPTutorial\WWW\shop/application/index\lang\zh-cn.php
[ info ] [ SESSION ] INIT array (
  'prefix' => 'minishop',
  'type' => '',
  'auto_start' => true,
)
[ info ] [ RUN ] /**
	 * 搜索控制器
	 * @author  tangtnglove <dai_hang_love@126.com>
	 */
Method [ <user> public method index ] {
  @@ C:\phpStudy\PHPTutorial\WWW\shop\application\index\controller\Search.php 26 - 84
}

[ info ] [ VIEW ] ./themes/default/index/search.html [ array (
  0 => 'userinfo',
  1 => 'page',
  2 => 'list',
) ]
[ info ] [ DB ] INIT mysql
[ info ] [ DB ] INIT mysql
[ info ] [ LOG ] INIT file

---------------------------------------------------------------
[ 2019-02-25T21:48:10+08:00 ] 127.0.0.1 127.0.0.1 GET /index.php/index/cart/index.html
[ log ] shop.com/index.php/index/cart/index.html [运行时间：0.121006s][吞吐率：8.26req/s] [内存消耗：1,680.03kb] [文件加载：54]
[ info ] [ DB ] INIT mysql
[ info ] [ LANG ] C:\phpStudy\PHPTutorial\WWW\shop\core\lang\zh-cn.php
[ info ] [ ROUTE ] array (
  'type' => 'module',
  'module' => 
  array (
    0 => 'index',
    1 => 'cart',
    2 => 'index',
  ),
)
[ info ] [ HEADER ] array (
  'cookie' => 'pgv_pvi=2544536576; think_var=zh-cn; PHPSESSID=dpqsdsa4qcea71gul4fb316ea1',
  'accept-language' => 'zh-CN,zh;q=0.9',
  'accept-encoding' => 'gzip, deflate',
  'referer' => 'http://shop.com/index.php/index/search/index.html?module=posts&query=1',
  'accept' => 'text/html,application/xhtml+xml,application/xml;q=0.9,image/webp,image/apng,*/*;q=0.8',
  'user-agent' => 'Mozilla/5.0 (Windows NT 6.1; Win64; x64) AppleWebKit/537.36 (KHTML, like Gecko) Chrome/70.0.3538.110 Safari/537.36',
  'upgrade-insecure-requests' => '1',
  'connection' => 'close',
  'host' => 'shop.com',
)
[ info ] [ PARAM ] array (
)
[ info ] [ LANG ] C:\phpStudy\PHPTutorial\WWW\shop/application/index\lang\zh-cn.php
[ info ] [ SESSION ] INIT array (
  'prefix' => 'minishop',
  'type' => '',
  'auto_start' => true,
)
[ info ] [ LOG ] INIT file

---------------------------------------------------------------
[ 2019-02-25T21:48:10+08:00 ] 127.0.0.1 127.0.0.1 GET /index.php/index/base/login.html
[ log ] shop.com/index.php/index/base/login.html [运行时间：0.050003s][吞吐率：20.00req/s] [内存消耗：1,671.04kb] [文件加载：52]
[ info ] [ DB ] INIT mysql
[ info ] [ LANG ] C:\phpStudy\PHPTutorial\WWW\shop\core\lang\zh-cn.php
[ info ] [ ROUTE ] array (
  'type' => 'module',
  'module' => 
  array (
    0 => 'index',
    1 => 'base',
    2 => 'login',
  ),
)
[ info ] [ HEADER ] array (
  'cookie' => 'pgv_pvi=2544536576; think_var=zh-cn; PHPSESSID=dpqsdsa4qcea71gul4fb316ea1',
  'accept-language' => 'zh-CN,zh;q=0.9',
  'accept-encoding' => 'gzip, deflate',
  'referer' => 'http://shop.com/index.php/index/search/index.html?module=posts&query=1',
  'accept' => 'text/html,application/xhtml+xml,application/xml;q=0.9,image/webp,image/apng,*/*;q=0.8',
  'user-agent' => 'Mozilla/5.0 (Windows NT 6.1; Win64; x64) AppleWebKit/537.36 (KHTML, like Gecko) Chrome/70.0.3538.110 Safari/537.36',
  'upgrade-insecure-requests' => '1',
  'connection' => 'close',
  'host' => 'shop.com',
)
[ info ] [ PARAM ] array (
)
[ info ] [ LANG ] C:\phpStudy\PHPTutorial\WWW\shop/application/index\lang\zh-cn.php
[ info ] [ SESSION ] INIT array (
  'prefix' => 'minishop',
  'type' => '',
  'auto_start' => true,
)
[ info ] [ RUN ] /**
     * 用户登录方法
     * @author  矢志bu渝 <745152620@qq.com>
     */
Method [ <user> public method login ] {
  @@ C:\phpStudy\PHPTutorial\WWW\shop\application\index\controller\Base.php 63 - 96
}

[ info ] [ VIEW ] ./themes/default/index/login.html [ array (
  0 => 'userinfo',
) ]
[ info ] [ LOG ] INIT file

---------------------------------------------------------------
[ 2019-02-25T21:48:12+08:00 ] 127.0.0.1 127.0.0.1 GET /index.php/index/index/index.html
[ log ] shop.com/index.php/index/index/index.html [运行时间：0.174010s][吞吐率：5.75req/s] [内存消耗：1,974.74kb] [文件加载：53]
[ info ] [ DB ] INIT mysql
[ info ] [ LANG ] C:\phpStudy\PHPTutorial\WWW\shop\core\lang\zh-cn.php
[ info ] [ ROUTE ] array (
  'type' => 'module',
  'module' => 
  array (
    0 => 'index',
    1 => 'index',
    2 => 'index',
  ),
)
[ info ] [ HEADER ] array (
  'cookie' => 'pgv_pvi=2544536576; think_var=zh-cn; PHPSESSID=dpqsdsa4qcea71gul4fb316ea1',
  'accept-language' => 'zh-CN,zh;q=0.9',
  'accept-encoding' => 'gzip, deflate',
  'referer' => 'http://shop.com/index.php/index/base/login.html',
  'accept' => 'text/html,application/xhtml+xml,application/xml;q=0.9,image/webp,image/apng,*/*;q=0.8',
  'user-agent' => 'Mozilla/5.0 (Windows NT 6.1; Win64; x64) AppleWebKit/537.36 (KHTML, like Gecko) Chrome/70.0.3538.110 Safari/537.36',
  'upgrade-insecure-requests' => '1',
  'connection' => 'close',
  'host' => 'shop.com',
)
[ info ] [ PARAM ] array (
)
[ info ] [ LANG ] C:\phpStudy\PHPTutorial\WWW\shop/application/index\lang\zh-cn.php
[ info ] [ SESSION ] INIT array (
  'prefix' => 'minishop',
  'type' => '',
  'auto_start' => true,
)
[ info ] [ RUN ] Method [ <user> public method index ] {
  @@ C:\phpStudy\PHPTutorial\WWW\shop\application\index\controller\Index.php 21 - 25
}

[ info ] [ VIEW ] ./themes/default/index/index.html [ array (
  0 => 'userinfo',
) ]
[ info ] [ DB ] INIT mysql
[ info ] [ DB ] INIT mysql
[ info ] [ DB ] INIT mysql
[ info ] [ DB ] INIT mysql
[ info ] [ DB ] INIT mysql
[ info ] [ DB ] INIT mysql
[ info ] [ DB ] INIT mysql
[ info ] [ DB ] INIT mysql
[ info ] [ DB ] INIT mysql
[ info ] [ DB ] INIT mysql
[ info ] [ DB ] INIT mysql
[ info ] [ LOG ] INIT file

---------------------------------------------------------------
[ 2019-02-25T21:48:17+08:00 ] 127.0.0.1 127.0.0.1 GET /index.php/index/goods/lists.html?category=cabbage
[ log ] shop.com/index.php/index/goods/lists.html?category=cabbage [运行时间：0.121007s][吞吐率：8.26req/s] [内存消耗：1,684.34kb] [文件加载：53]
[ info ] [ DB ] INIT mysql
[ info ] [ LANG ] C:\phpStudy\PHPTutorial\WWW\shop\core\lang\zh-cn.php
[ info ] [ ROUTE ] array (
  'type' => 'module',
  'module' => 
  array (
    0 => 'index',
    1 => 'goods',
    2 => 'lists',
  ),
)
[ info ] [ HEADER ] array (
  'cookie' => 'pgv_pvi=2544536576; think_var=zh-cn; PHPSESSID=dpqsdsa4qcea71gul4fb316ea1',
  'accept-language' => 'zh-CN,zh;q=0.9',
  'accept-encoding' => 'gzip, deflate',
  'referer' => 'http://shop.com/index.php/index/index/index.html',
  'accept' => 'text/html,application/xhtml+xml,application/xml;q=0.9,image/webp,image/apng,*/*;q=0.8',
  'user-agent' => 'Mozilla/5.0 (Windows NT 6.1; Win64; x64) AppleWebKit/537.36 (KHTML, like Gecko) Chrome/70.0.3538.110 Safari/537.36',
  'upgrade-insecure-requests' => '1',
  'connection' => 'close',
  'host' => 'shop.com',
)
[ info ] [ PARAM ] array (
  'category' => 'cabbage',
)
[ info ] [ LANG ] C:\phpStudy\PHPTutorial\WWW\shop/application/index\lang\zh-cn.php
[ info ] [ SESSION ] INIT array (
  'prefix' => 'minishop',
  'type' => '',
  'auto_start' => true,
)
[ info ] [ RUN ] Method [ <user> public method lists ] {
  @@ C:\phpStudy\PHPTutorial\WWW\shop\application\index\controller\Goods.php 29 - 127
}

[ info ] [ VIEW ] C:\phpStudy\PHPTutorial\WWW\shop\core\tpl\dispatch_jump.tpl [ array (
  0 => 'userinfo',
  1 => 'code',
  2 => 'msg',
  3 => 'data',
  4 => 'url',
  5 => 'wait',
) ]
[ info ] [ LOG ] INIT file

---------------------------------------------------------------
[ 2019-02-25T21:48:20+08:00 ] 127.0.0.1 127.0.0.1 GET /index.php/index/index/index.html
[ log ] shop.com/index.php/index/index/index.html [运行时间：0.182010s][吞吐率：5.49req/s] [内存消耗：1,974.74kb] [文件加载：53]
[ info ] [ DB ] INIT mysql
[ info ] [ LANG ] C:\phpStudy\PHPTutorial\WWW\shop\core\lang\zh-cn.php
[ info ] [ ROUTE ] array (
  'type' => 'module',
  'module' => 
  array (
    0 => 'index',
    1 => 'index',
    2 => 'index',
  ),
)
[ info ] [ HEADER ] array (
  'cookie' => 'pgv_pvi=2544536576; think_var=zh-cn; PHPSESSID=dpqsdsa4qcea71gul4fb316ea1',
  'accept-language' => 'zh-CN,zh;q=0.9',
  'accept-encoding' => 'gzip, deflate',
  'referer' => 'http://shop.com/index.php/index/base/login.html',
  'accept' => 'text/html,application/xhtml+xml,application/xml;q=0.9,image/webp,image/apng,*/*;q=0.8',
  'user-agent' => 'Mozilla/5.0 (Windows NT 6.1; Win64; x64) AppleWebKit/537.36 (KHTML, like Gecko) Chrome/70.0.3538.110 Safari/537.36',
  'upgrade-insecure-requests' => '1',
  'connection' => 'close',
  'host' => 'shop.com',
)
[ info ] [ PARAM ] array (
)
[ info ] [ LANG ] C:\phpStudy\PHPTutorial\WWW\shop/application/index\lang\zh-cn.php
[ info ] [ SESSION ] INIT array (
  'prefix' => 'minishop',
  'type' => '',
  'auto_start' => true,
)
[ info ] [ RUN ] Method [ <user> public method index ] {
  @@ C:\phpStudy\PHPTutorial\WWW\shop\application\index\controller\Index.php 21 - 25
}

[ info ] [ VIEW ] ./themes/default/index/index.html [ array (
  0 => 'userinfo',
) ]
[ info ] [ DB ] INIT mysql
[ info ] [ DB ] INIT mysql
[ info ] [ DB ] INIT mysql
[ info ] [ DB ] INIT mysql
[ info ] [ DB ] INIT mysql
[ info ] [ DB ] INIT mysql
[ info ] [ DB ] INIT mysql
[ info ] [ DB ] INIT mysql
[ info ] [ DB ] INIT mysql
[ info ] [ DB ] INIT mysql
[ info ] [ DB ] INIT mysql
[ info ] [ LOG ] INIT file

---------------------------------------------------------------
[ 2019-02-25T21:48:29+08:00 ] 127.0.0.1 127.0.0.1 GET /index.php/index/index/index.html
[ log ] shop.com/index.php/index/index/index.html [运行时间：0.177010s][吞吐率：5.65req/s] [内存消耗：1,974.66kb] [文件加载：53]
[ info ] [ DB ] INIT mysql
[ info ] [ LANG ] C:\phpStudy\PHPTutorial\WWW\shop\core\lang\zh-cn.php
[ info ] [ ROUTE ] array (
  'type' => 'module',
  'module' => 
  array (
    0 => 'index',
    1 => 'index',
    2 => 'index',
  ),
)
[ info ] [ HEADER ] array (
  'cookie' => 'pgv_pvi=2544536576; think_var=zh-cn; PHPSESSID=dpqsdsa4qcea71gul4fb316ea1',
  'accept-language' => 'zh-CN,zh;q=0.9',
  'accept-encoding' => 'gzip, deflate',
  'referer' => 'http://shop.com/index.php/index/index/index.html',
  'accept' => 'text/html,application/xhtml+xml,application/xml;q=0.9,image/webp,image/apng,*/*;q=0.8',
  'user-agent' => 'Mozilla/5.0 (Windows NT 6.1; Win64; x64) AppleWebKit/537.36 (KHTML, like Gecko) Chrome/70.0.3538.110 Safari/537.36',
  'upgrade-insecure-requests' => '1',
  'connection' => 'close',
  'host' => 'shop.com',
)
[ info ] [ PARAM ] array (
)
[ info ] [ LANG ] C:\phpStudy\PHPTutorial\WWW\shop/application/index\lang\zh-cn.php
[ info ] [ SESSION ] INIT array (
  'prefix' => 'minishop',
  'type' => '',
  'auto_start' => true,
)
[ info ] [ RUN ] Method [ <user> public method index ] {
  @@ C:\phpStudy\PHPTutorial\WWW\shop\application\index\controller\Index.php 21 - 25
}

[ info ] [ VIEW ] ./themes/default/index/index.html [ array (
  0 => 'userinfo',
) ]
[ info ] [ DB ] INIT mysql
[ info ] [ DB ] INIT mysql
[ info ] [ DB ] INIT mysql
[ info ] [ DB ] INIT mysql
[ info ] [ DB ] INIT mysql
[ info ] [ DB ] INIT mysql
[ info ] [ DB ] INIT mysql
[ info ] [ DB ] INIT mysql
[ info ] [ DB ] INIT mysql
[ info ] [ DB ] INIT mysql
[ info ] [ DB ] INIT mysql
[ info ] [ LOG ] INIT file

---------------------------------------------------------------
[ 2019-02-25T21:48:31+08:00 ] 127.0.0.1 127.0.0.1 GET /index.php/index/article/lists.html?category=news
[ log ] shop.com/index.php/index/article/lists.html?category=news [运行时间：0.102006s][吞吐率：9.80req/s] [内存消耗：1,855.22kb] [文件加载：57]
[ info ] [ DB ] INIT mysql
[ info ] [ LANG ] C:\phpStudy\PHPTutorial\WWW\shop\core\lang\zh-cn.php
[ info ] [ ROUTE ] array (
  'type' => 'module',
  'module' => 
  array (
    0 => 'index',
    1 => 'article',
    2 => 'lists',
  ),
)
[ info ] [ HEADER ] array (
  'cookie' => 'pgv_pvi=2544536576; think_var=zh-cn; PHPSESSID=dpqsdsa4qcea71gul4fb316ea1',
  'accept-language' => 'zh-CN,zh;q=0.9',
  'accept-encoding' => 'gzip, deflate',
  'referer' => 'http://shop.com/index.php/index/index/index.html',
  'accept' => 'text/html,application/xhtml+xml,application/xml;q=0.9,image/webp,image/apng,*/*;q=0.8',
  'user-agent' => 'Mozilla/5.0 (Windows NT 6.1; Win64; x64) AppleWebKit/537.36 (KHTML, like Gecko) Chrome/70.0.3538.110 Safari/537.36',
  'upgrade-insecure-requests' => '1',
  'connection' => 'close',
  'host' => 'shop.com',
)
[ info ] [ PARAM ] array (
  'category' => 'news',
)
[ info ] [ LANG ] C:\phpStudy\PHPTutorial\WWW\shop/application/index\lang\zh-cn.php
[ info ] [ SESSION ] INIT array (
  'prefix' => 'minishop',
  'type' => '',
  'auto_start' => true,
)
[ info ] [ RUN ] /**
	 * 文章列表控制器
	 * @author  tangtanglove <dai_hang_love@126.com>
	 */
Method [ <user> public method lists ] {
  @@ C:\phpStudy\PHPTutorial\WWW\shop\application\index\controller\Article.php 36 - 88
}

[ info ] [ VIEW ] ./themes/default/index/news_list.html [ array (
  0 => 'userinfo',
  1 => 'list',
  2 => 'page',
  3 => 'categoryInfo',
) ]
[ info ] [ DB ] INIT mysql
[ info ] [ DB ] INIT mysql
[ info ] [ LOG ] INIT file

---------------------------------------------------------------
[ 2019-02-25T21:48:33+08:00 ] 127.0.0.1 127.0.0.1 GET /index.php/index/article/lists.html?category=info
[ log ] shop.com/index.php/index/article/lists.html?category=info [运行时间：0.117007s][吞吐率：8.55req/s] [内存消耗：1,855.25kb] [文件加载：57]
[ info ] [ DB ] INIT mysql
[ info ] [ LANG ] C:\phpStudy\PHPTutorial\WWW\shop\core\lang\zh-cn.php
[ info ] [ ROUTE ] array (
  'type' => 'module',
  'module' => 
  array (
    0 => 'index',
    1 => 'article',
    2 => 'lists',
  ),
)
[ info ] [ HEADER ] array (
  'cookie' => 'pgv_pvi=2544536576; think_var=zh-cn; PHPSESSID=dpqsdsa4qcea71gul4fb316ea1',
  'accept-language' => 'zh-CN,zh;q=0.9',
  'accept-encoding' => 'gzip, deflate',
  'referer' => 'http://shop.com/index.php/index/article/lists.html?category=news',
  'accept' => 'text/html,application/xhtml+xml,application/xml;q=0.9,image/webp,image/apng,*/*;q=0.8',
  'user-agent' => 'Mozilla/5.0 (Windows NT 6.1; Win64; x64) AppleWebKit/537.36 (KHTML, like Gecko) Chrome/70.0.3538.110 Safari/537.36',
  'upgrade-insecure-requests' => '1',
  'connection' => 'close',
  'host' => 'shop.com',
)
[ info ] [ PARAM ] array (
  'category' => 'info',
)
[ info ] [ LANG ] C:\phpStudy\PHPTutorial\WWW\shop/application/index\lang\zh-cn.php
[ info ] [ SESSION ] INIT array (
  'prefix' => 'minishop',
  'type' => '',
  'auto_start' => true,
)
[ info ] [ RUN ] /**
	 * 文章列表控制器
	 * @author  tangtanglove <dai_hang_love@126.com>
	 */
Method [ <user> public method lists ] {
  @@ C:\phpStudy\PHPTutorial\WWW\shop\application\index\controller\Article.php 36 - 88
}

[ info ] [ VIEW ] ./themes/default/index/news_list.html [ array (
  0 => 'userinfo',
  1 => 'list',
  2 => 'page',
  3 => 'categoryInfo',
) ]
[ info ] [ DB ] INIT mysql
[ info ] [ DB ] INIT mysql
[ info ] [ LOG ] INIT file

---------------------------------------------------------------
[ 2019-02-25T21:48:34+08:00 ] 127.0.0.1 127.0.0.1 GET /index.php/index/article/lists.html?category=news
[ log ] shop.com/index.php/index/article/lists.html?category=news [运行时间：0.129008s][吞吐率：7.75req/s] [内存消耗：1,855.25kb] [文件加载：57]
[ info ] [ DB ] INIT mysql
[ info ] [ LANG ] C:\phpStudy\PHPTutorial\WWW\shop\core\lang\zh-cn.php
[ info ] [ ROUTE ] array (
  'type' => 'module',
  'module' => 
  array (
    0 => 'index',
    1 => 'article',
    2 => 'lists',
  ),
)
[ info ] [ HEADER ] array (
  'cookie' => 'pgv_pvi=2544536576; think_var=zh-cn; PHPSESSID=dpqsdsa4qcea71gul4fb316ea1',
  'accept-language' => 'zh-CN,zh;q=0.9',
  'accept-encoding' => 'gzip, deflate',
  'referer' => 'http://shop.com/index.php/index/article/lists.html?category=info',
  'accept' => 'text/html,application/xhtml+xml,application/xml;q=0.9,image/webp,image/apng,*/*;q=0.8',
  'user-agent' => 'Mozilla/5.0 (Windows NT 6.1; Win64; x64) AppleWebKit/537.36 (KHTML, like Gecko) Chrome/70.0.3538.110 Safari/537.36',
  'upgrade-insecure-requests' => '1',
  'connection' => 'close',
  'host' => 'shop.com',
)
[ info ] [ PARAM ] array (
  'category' => 'news',
)
[ info ] [ LANG ] C:\phpStudy\PHPTutorial\WWW\shop/application/index\lang\zh-cn.php
[ info ] [ SESSION ] INIT array (
  'prefix' => 'minishop',
  'type' => '',
  'auto_start' => true,
)
[ info ] [ RUN ] /**
	 * 文章列表控制器
	 * @author  tangtanglove <dai_hang_love@126.com>
	 */
Method [ <user> public method lists ] {
  @@ C:\phpStudy\PHPTutorial\WWW\shop\application\index\controller\Article.php 36 - 88
}

[ info ] [ VIEW ] ./themes/default/index/news_list.html [ array (
  0 => 'userinfo',
  1 => 'list',
  2 => 'page',
  3 => 'categoryInfo',
) ]
[ info ] [ DB ] INIT mysql
[ info ] [ DB ] INIT mysql
[ info ] [ LOG ] INIT file

---------------------------------------------------------------
[ 2019-02-25T21:48:36+08:00 ] 127.0.0.1 127.0.0.1 GET /index.php/index/article/lists.html?category=news
[ log ] shop.com/index.php/index/article/lists.html?category=news [运行时间：0.133008s][吞吐率：7.52req/s] [内存消耗：1,855.25kb] [文件加载：57]
[ info ] [ DB ] INIT mysql
[ info ] [ LANG ] C:\phpStudy\PHPTutorial\WWW\shop\core\lang\zh-cn.php
[ info ] [ ROUTE ] array (
  'type' => 'module',
  'module' => 
  array (
    0 => 'index',
    1 => 'article',
    2 => 'lists',
  ),
)
[ info ] [ HEADER ] array (
  'cookie' => 'pgv_pvi=2544536576; think_var=zh-cn; PHPSESSID=dpqsdsa4qcea71gul4fb316ea1',
  'accept-language' => 'zh-CN,zh;q=0.9',
  'accept-encoding' => 'gzip, deflate',
  'referer' => 'http://shop.com/index.php/index/article/lists.html?category=news',
  'accept' => 'text/html,application/xhtml+xml,application/xml;q=0.9,image/webp,image/apng,*/*;q=0.8',
  'user-agent' => 'Mozilla/5.0 (Windows NT 6.1; Win64; x64) AppleWebKit/537.36 (KHTML, like Gecko) Chrome/70.0.3538.110 Safari/537.36',
  'upgrade-insecure-requests' => '1',
  'connection' => 'close',
  'host' => 'shop.com',
)
[ info ] [ PARAM ] array (
  'category' => 'news',
)
[ info ] [ LANG ] C:\phpStudy\PHPTutorial\WWW\shop/application/index\lang\zh-cn.php
[ info ] [ SESSION ] INIT array (
  'prefix' => 'minishop',
  'type' => '',
  'auto_start' => true,
)
[ info ] [ RUN ] /**
	 * 文章列表控制器
	 * @author  tangtanglove <dai_hang_love@126.com>
	 */
Method [ <user> public method lists ] {
  @@ C:\phpStudy\PHPTutorial\WWW\shop\application\index\controller\Article.php 36 - 88
}

[ info ] [ VIEW ] ./themes/default/index/news_list.html [ array (
  0 => 'userinfo',
  1 => 'list',
  2 => 'page',
  3 => 'categoryInfo',
) ]
[ info ] [ DB ] INIT mysql
[ info ] [ DB ] INIT mysql
[ info ] [ LOG ] INIT file

---------------------------------------------------------------
[ 2019-02-25T21:48:38+08:00 ] 127.0.0.1 127.0.0.1 GET /index.php/index/goods/index.html
[ log ] shop.com/index.php/index/goods/index.html [运行时间：0.060003s][吞吐率：16.67req/s] [内存消耗：1,729.64kb] [文件加载：54]
[ info ] [ DB ] INIT mysql
[ info ] [ LANG ] C:\phpStudy\PHPTutorial\WWW\shop\core\lang\zh-cn.php
[ info ] [ ROUTE ] array (
  'type' => 'module',
  'module' => 
  array (
    0 => 'index',
    1 => 'goods',
    2 => 'index',
  ),
)
[ info ] [ HEADER ] array (
  'cookie' => 'pgv_pvi=2544536576; think_var=zh-cn; PHPSESSID=dpqsdsa4qcea71gul4fb316ea1',
  'accept-language' => 'zh-CN,zh;q=0.9',
  'accept-encoding' => 'gzip, deflate',
  'referer' => 'http://shop.com/index.php/index/article/lists.html?category=news',
  'accept' => 'text/html,application/xhtml+xml,application/xml;q=0.9,image/webp,image/apng,*/*;q=0.8',
  'user-agent' => 'Mozilla/5.0 (Windows NT 6.1; Win64; x64) AppleWebKit/537.36 (KHTML, like Gecko) Chrome/70.0.3538.110 Safari/537.36',
  'upgrade-insecure-requests' => '1',
  'connection' => 'close',
  'host' => 'shop.com',
)
[ info ] [ PARAM ] array (
)
[ info ] [ LANG ] C:\phpStudy\PHPTutorial\WWW\shop/application/index\lang\zh-cn.php
[ info ] [ SESSION ] INIT array (
  'prefix' => 'minishop',
  'type' => '',
  'auto_start' => true,
)
[ info ] [ RUN ] Method [ <user> public method index ] {
  @@ C:\phpStudy\PHPTutorial\WWW\shop\application\index\controller\Goods.php 23 - 26
}

[ info ] [ LOG ] INIT file

---------------------------------------------------------------
[ 2019-02-25T21:48:38+08:00 ] 127.0.0.1 127.0.0.1 GET /index.php/index/goods/lists.html
[ log ] shop.com/index.php/index/goods/lists.html [运行时间：0.135008s][吞吐率：7.41req/s] [内存消耗：1,871.24kb] [文件加载：57]
[ info ] [ DB ] INIT mysql
[ info ] [ LANG ] C:\phpStudy\PHPTutorial\WWW\shop\core\lang\zh-cn.php
[ info ] [ ROUTE ] array (
  'type' => 'module',
  'module' => 
  array (
    0 => 'index',
    1 => 'goods',
    2 => 'lists',
  ),
)
[ info ] [ HEADER ] array (
  'cookie' => 'pgv_pvi=2544536576; think_var=zh-cn; PHPSESSID=dpqsdsa4qcea71gul4fb316ea1',
  'accept-language' => 'zh-CN,zh;q=0.9',
  'accept-encoding' => 'gzip, deflate',
  'referer' => 'http://shop.com/index.php/index/article/lists.html?category=news',
  'accept' => 'text/html,application/xhtml+xml,application/xml;q=0.9,image/webp,image/apng,*/*;q=0.8',
  'user-agent' => 'Mozilla/5.0 (Windows NT 6.1; Win64; x64) AppleWebKit/537.36 (KHTML, like Gecko) Chrome/70.0.3538.110 Safari/537.36',
  'upgrade-insecure-requests' => '1',
  'connection' => 'close',
  'host' => 'shop.com',
)
[ info ] [ PARAM ] array (
)
[ info ] [ LANG ] C:\phpStudy\PHPTutorial\WWW\shop/application/index\lang\zh-cn.php
[ info ] [ SESSION ] INIT array (
  'prefix' => 'minishop',
  'type' => '',
  'auto_start' => true,
)
[ info ] [ RUN ] Method [ <user> public method lists ] {
  @@ C:\phpStudy\PHPTutorial\WWW\shop\application\index\controller\Goods.php 29 - 127
}

[ info ] [ VIEW ] ./themes/default/index/goods_list.html [ array (
  0 => 'userinfo',
  1 => 'categoryInfo',
  2 => 'list',
  3 => 'selfCate',
  4 => 'parentCate',
  5 => 'parent',
  6 => 'page',
  7 => 'sort',
  8 => 'type',
) ]
[ info ] [ DB ] INIT mysql
[ info ] [ DB ] INIT mysql
[ info ] [ LOG ] INIT file

---------------------------------------------------------------
[ 2019-02-25T21:50:08+08:00 ] 127.0.0.1 127.0.0.1 GET /index.php/index/index/index.html
[ log ] shop.com/index.php/index/index/index.html [运行时间：0.203012s][吞吐率：4.93req/s] [内存消耗：1,974.66kb] [文件加载：53]
[ info ] [ DB ] INIT mysql
[ info ] [ LANG ] C:\phpStudy\PHPTutorial\WWW\shop\core\lang\zh-cn.php
[ info ] [ ROUTE ] array (
  'type' => 'module',
  'module' => 
  array (
    0 => 'index',
    1 => 'index',
    2 => 'index',
  ),
)
[ info ] [ HEADER ] array (
  'cookie' => 'pgv_pvi=2544536576; think_var=zh-cn; PHPSESSID=dpqsdsa4qcea71gul4fb316ea1',
  'accept-language' => 'zh-CN,zh;q=0.9',
  'accept-encoding' => 'gzip, deflate',
  'referer' => 'http://shop.com/index.php/index/goods/lists.html',
  'accept' => 'text/html,application/xhtml+xml,application/xml;q=0.9,image/webp,image/apng,*/*;q=0.8',
  'user-agent' => 'Mozilla/5.0 (Windows NT 6.1; Win64; x64) AppleWebKit/537.36 (KHTML, like Gecko) Chrome/70.0.3538.110 Safari/537.36',
  'upgrade-insecure-requests' => '1',
  'connection' => 'close',
  'host' => 'shop.com',
)
[ info ] [ PARAM ] array (
)
[ info ] [ LANG ] C:\phpStudy\PHPTutorial\WWW\shop/application/index\lang\zh-cn.php
[ info ] [ SESSION ] INIT array (
  'prefix' => 'minishop',
  'type' => '',
  'auto_start' => true,
)
[ info ] [ RUN ] Method [ <user> public method index ] {
  @@ C:\phpStudy\PHPTutorial\WWW\shop\application\index\controller\Index.php 21 - 25
}

[ info ] [ VIEW ] ./themes/default/index/index.html [ array (
  0 => 'userinfo',
) ]
[ info ] [ DB ] INIT mysql
[ info ] [ DB ] INIT mysql
[ info ] [ DB ] INIT mysql
[ info ] [ DB ] INIT mysql
[ info ] [ DB ] INIT mysql
[ info ] [ DB ] INIT mysql
[ info ] [ DB ] INIT mysql
[ info ] [ DB ] INIT mysql
[ info ] [ DB ] INIT mysql
[ info ] [ DB ] INIT mysql
[ info ] [ DB ] INIT mysql
[ info ] [ LOG ] INIT file

---------------------------------------------------------------
[ 2019-02-25T21:50:11+08:00 ] 127.0.0.1 127.0.0.1 GET /index.php/index/article/page.html?name=company
[ log ] shop.com/index.php/index/article/page.html?name=company [运行时间：0.102006s][吞吐率：9.80req/s] [内存消耗：1,776.38kb] [文件加载：53]
[ info ] [ DB ] INIT mysql
[ info ] [ LANG ] C:\phpStudy\PHPTutorial\WWW\shop\core\lang\zh-cn.php
[ info ] [ ROUTE ] array (
  'type' => 'module',
  'module' => 
  array (
    0 => 'index',
    1 => 'article',
    2 => 'page',
  ),
)
[ info ] [ HEADER ] array (
  'cookie' => 'pgv_pvi=2544536576; think_var=zh-cn; PHPSESSID=dpqsdsa4qcea71gul4fb316ea1',
  'accept-language' => 'zh-CN,zh;q=0.9',
  'accept-encoding' => 'gzip, deflate',
  'referer' => 'http://shop.com/index.php/index/index/index.html',
  'accept' => 'text/html,application/xhtml+xml,application/xml;q=0.9,image/webp,image/apng,*/*;q=0.8',
  'user-agent' => 'Mozilla/5.0 (Windows NT 6.1; Win64; x64) AppleWebKit/537.36 (KHTML, like Gecko) Chrome/70.0.3538.110 Safari/537.36',
  'upgrade-insecure-requests' => '1',
  'connection' => 'close',
  'host' => 'shop.com',
)
[ info ] [ PARAM ] array (
  'name' => 'company',
)
[ info ] [ LANG ] C:\phpStudy\PHPTutorial\WWW\shop/application/index\lang\zh-cn.php
[ info ] [ SESSION ] INIT array (
  'prefix' => 'minishop',
  'type' => '',
  'auto_start' => true,
)
[ info ] [ RUN ] /**
	 * 文章单页控制器
	 * @author  tangtanglove <dai_hang_love@126.com>
	 */
Method [ <user> public method page ] {
  @@ C:\phpStudy\PHPTutorial\WWW\shop\application\index\controller\Article.php 158 - 192
}

[ info ] [ VIEW ] ./themes/default/index/page.html [ array (
  0 => 'userinfo',
  1 => 'subPage',
  2 => 'pageInfo',
  3 => 'pidInfo',
) ]
[ info ] [ DB ] INIT mysql
[ info ] [ DB ] INIT mysql
[ info ] [ LOG ] INIT file

---------------------------------------------------------------
[ 2019-02-25T21:50:13+08:00 ] 127.0.0.1 127.0.0.1 GET /index.php/index/article/lists.html?category=news
[ log ] shop.com/index.php/index/article/lists.html?category=news [运行时间：0.130008s][吞吐率：7.69req/s] [内存消耗：1,855.23kb] [文件加载：57]
[ info ] [ DB ] INIT mysql
[ info ] [ LANG ] C:\phpStudy\PHPTutorial\WWW\shop\core\lang\zh-cn.php
[ info ] [ ROUTE ] array (
  'type' => 'module',
  'module' => 
  array (
    0 => 'index',
    1 => 'article',
    2 => 'lists',
  ),
)
[ info ] [ HEADER ] array (
  'cookie' => 'pgv_pvi=2544536576; think_var=zh-cn; PHPSESSID=dpqsdsa4qcea71gul4fb316ea1',
  'accept-language' => 'zh-CN,zh;q=0.9',
  'accept-encoding' => 'gzip, deflate',
  'referer' => 'http://shop.com/index.php/index/article/page.html?name=company',
  'accept' => 'text/html,application/xhtml+xml,application/xml;q=0.9,image/webp,image/apng,*/*;q=0.8',
  'user-agent' => 'Mozilla/5.0 (Windows NT 6.1; Win64; x64) AppleWebKit/537.36 (KHTML, like Gecko) Chrome/70.0.3538.110 Safari/537.36',
  'upgrade-insecure-requests' => '1',
  'connection' => 'close',
  'host' => 'shop.com',
)
[ info ] [ PARAM ] array (
  'category' => 'news',
)
[ info ] [ LANG ] C:\phpStudy\PHPTutorial\WWW\shop/application/index\lang\zh-cn.php
[ info ] [ SESSION ] INIT array (
  'prefix' => 'minishop',
  'type' => '',
  'auto_start' => true,
)
[ info ] [ RUN ] /**
	 * 文章列表控制器
	 * @author  tangtanglove <dai_hang_love@126.com>
	 */
Method [ <user> public method lists ] {
  @@ C:\phpStudy\PHPTutorial\WWW\shop\application\index\controller\Article.php 36 - 88
}

[ info ] [ VIEW ] ./themes/default/index/news_list.html [ array (
  0 => 'userinfo',
  1 => 'list',
  2 => 'page',
  3 => 'categoryInfo',
) ]
[ info ] [ DB ] INIT mysql
[ info ] [ DB ] INIT mysql
[ info ] [ LOG ] INIT file

---------------------------------------------------------------
[ 2019-02-25T21:51:07+08:00 ] 127.0.0.1 127.0.0.1 GET /index.php/index/index/index.html
[ log ] shop.com/index.php/index/index/index.html [运行时间：0.254015s][吞吐率：3.94req/s] [内存消耗：1,974.77kb] [文件加载：53]
[ info ] [ DB ] INIT mysql
[ info ] [ LANG ] C:\phpStudy\PHPTutorial\WWW\shop\core\lang\zh-cn.php
[ info ] [ ROUTE ] array (
  'type' => 'module',
  'module' => 
  array (
    0 => 'index',
    1 => 'index',
    2 => 'index',
  ),
)
[ info ] [ HEADER ] array (
  'cookie' => 'pgv_pvi=2544536576; think_var=zh-cn; PHPSESSID=dpqsdsa4qcea71gul4fb316ea1',
  'accept-language' => 'zh-CN,zh;q=0.9',
  'accept-encoding' => 'gzip, deflate',
  'referer' => 'http://shop.com/index.php/index/article/lists.html?category=news',
  'accept' => 'text/html,application/xhtml+xml,application/xml;q=0.9,image/webp,image/apng,*/*;q=0.8',
  'user-agent' => 'Mozilla/5.0 (Windows NT 6.1; Win64; x64) AppleWebKit/537.36 (KHTML, like Gecko) Chrome/70.0.3538.110 Safari/537.36',
  'upgrade-insecure-requests' => '1',
  'connection' => 'close',
  'host' => 'shop.com',
)
[ info ] [ PARAM ] array (
)
[ info ] [ LANG ] C:\phpStudy\PHPTutorial\WWW\shop/application/index\lang\zh-cn.php
[ info ] [ SESSION ] INIT array (
  'prefix' => 'minishop',
  'type' => '',
  'auto_start' => true,
)
[ info ] [ RUN ] Method [ <user> public method index ] {
  @@ C:\phpStudy\PHPTutorial\WWW\shop\application\index\controller\Index.php 21 - 25
}

[ info ] [ VIEW ] ./themes/default/index/index.html [ array (
  0 => 'userinfo',
) ]
[ info ] [ DB ] INIT mysql
[ info ] [ DB ] INIT mysql
[ info ] [ DB ] INIT mysql
[ info ] [ DB ] INIT mysql
[ info ] [ DB ] INIT mysql
[ info ] [ DB ] INIT mysql
[ info ] [ DB ] INIT mysql
[ info ] [ DB ] INIT mysql
[ info ] [ DB ] INIT mysql
[ info ] [ DB ] INIT mysql
[ info ] [ DB ] INIT mysql
[ info ] [ LOG ] INIT file

---------------------------------------------------------------
[ 2019-02-25T21:51:17+08:00 ] 127.0.0.1 127.0.0.1 GET /index.php/index/article/lists.html?category=news
[ log ] shop.com/index.php/index/article/lists.html?category=news [运行时间：0.119007s][吞吐率：8.40req/s] [内存消耗：1,855.22kb] [文件加载：57]
[ info ] [ DB ] INIT mysql
[ info ] [ LANG ] C:\phpStudy\PHPTutorial\WWW\shop\core\lang\zh-cn.php
[ info ] [ ROUTE ] array (
  'type' => 'module',
  'module' => 
  array (
    0 => 'index',
    1 => 'article',
    2 => 'lists',
  ),
)
[ info ] [ HEADER ] array (
  'cookie' => 'pgv_pvi=2544536576; think_var=zh-cn; PHPSESSID=dpqsdsa4qcea71gul4fb316ea1',
  'accept-language' => 'zh-CN,zh;q=0.9',
  'accept-encoding' => 'gzip, deflate',
  'referer' => 'http://shop.com/index.php/index/index/index.html',
  'accept' => 'text/html,application/xhtml+xml,application/xml;q=0.9,image/webp,image/apng,*/*;q=0.8',
  'user-agent' => 'Mozilla/5.0 (Windows NT 6.1; Win64; x64) AppleWebKit/537.36 (KHTML, like Gecko) Chrome/70.0.3538.110 Safari/537.36',
  'upgrade-insecure-requests' => '1',
  'connection' => 'close',
  'host' => 'shop.com',
)
[ info ] [ PARAM ] array (
  'category' => 'news',
)
[ info ] [ LANG ] C:\phpStudy\PHPTutorial\WWW\shop/application/index\lang\zh-cn.php
[ info ] [ SESSION ] INIT array (
  'prefix' => 'minishop',
  'type' => '',
  'auto_start' => true,
)
[ info ] [ RUN ] /**
	 * 文章列表控制器
	 * @author  tangtanglove <dai_hang_love@126.com>
	 */
Method [ <user> public method lists ] {
  @@ C:\phpStudy\PHPTutorial\WWW\shop\application\index\controller\Article.php 36 - 88
}

[ info ] [ VIEW ] ./themes/default/index/news_list.html [ array (
  0 => 'userinfo',
  1 => 'list',
  2 => 'page',
  3 => 'categoryInfo',
) ]
[ info ] [ DB ] INIT mysql
[ info ] [ DB ] INIT mysql
[ info ] [ LOG ] INIT file

---------------------------------------------------------------
[ 2019-02-25T21:51:18+08:00 ] 127.0.0.1 127.0.0.1 GET /index.php/index/article/page.html?name=company
[ log ] shop.com/index.php/index/article/page.html?name=company [运行时间：0.100006s][吞吐率：10.00req/s] [内存消耗：1,776.21kb] [文件加载：53]
[ info ] [ DB ] INIT mysql
[ info ] [ LANG ] C:\phpStudy\PHPTutorial\WWW\shop\core\lang\zh-cn.php
[ info ] [ ROUTE ] array (
  'type' => 'module',
  'module' => 
  array (
    0 => 'index',
    1 => 'article',
    2 => 'page',
  ),
)
[ info ] [ HEADER ] array (
  'cookie' => 'pgv_pvi=2544536576; think_var=zh-cn; PHPSESSID=dpqsdsa4qcea71gul4fb316ea1',
  'accept-language' => 'zh-CN,zh;q=0.9',
  'accept-encoding' => 'gzip, deflate',
  'referer' => 'http://shop.com/index.php/index/article/lists.html?category=news',
  'accept' => 'text/html,application/xhtml+xml,application/xml;q=0.9,image/webp,image/apng,*/*;q=0.8',
  'user-agent' => 'Mozilla/5.0 (Windows NT 6.1; Win64; x64) AppleWebKit/537.36 (KHTML, like Gecko) Chrome/70.0.3538.110 Safari/537.36',
  'upgrade-insecure-requests' => '1',
  'connection' => 'close',
  'host' => 'shop.com',
)
[ info ] [ PARAM ] array (
  'name' => 'company',
)
[ info ] [ LANG ] C:\phpStudy\PHPTutorial\WWW\shop/application/index\lang\zh-cn.php
[ info ] [ SESSION ] INIT array (
  'prefix' => 'minishop',
  'type' => '',
  'auto_start' => true,
)
[ info ] [ RUN ] /**
	 * 文章单页控制器
	 * @author  tangtanglove <dai_hang_love@126.com>
	 */
Method [ <user> public method page ] {
  @@ C:\phpStudy\PHPTutorial\WWW\shop\application\index\controller\Article.php 158 - 192
}

[ info ] [ VIEW ] ./themes/default/index/page.html [ array (
  0 => 'userinfo',
  1 => 'subPage',
  2 => 'pageInfo',
  3 => 'pidInfo',
) ]
[ info ] [ DB ] INIT mysql
[ info ] [ DB ] INIT mysql
[ info ] [ LOG ] INIT file

---------------------------------------------------------------
[ 2019-02-25T21:51:18+08:00 ] 127.0.0.1 127.0.0.1 GET /index.php/index/goods/index.html
[ log ] shop.com/index.php/index/goods/index.html [运行时间：0.050003s][吞吐率：20.00req/s] [内存消耗：1,729.57kb] [文件加载：54]
[ info ] [ DB ] INIT mysql
[ info ] [ LANG ] C:\phpStudy\PHPTutorial\WWW\shop\core\lang\zh-cn.php
[ info ] [ ROUTE ] array (
  'type' => 'module',
  'module' => 
  array (
    0 => 'index',
    1 => 'goods',
    2 => 'index',
  ),
)
[ info ] [ HEADER ] array (
  'cookie' => 'pgv_pvi=2544536576; think_var=zh-cn; PHPSESSID=dpqsdsa4qcea71gul4fb316ea1',
  'accept-language' => 'zh-CN,zh;q=0.9',
  'accept-encoding' => 'gzip, deflate',
  'referer' => 'http://shop.com/index.php/index/article/page.html?name=company',
  'accept' => 'text/html,application/xhtml+xml,application/xml;q=0.9,image/webp,image/apng,*/*;q=0.8',
  'user-agent' => 'Mozilla/5.0 (Windows NT 6.1; Win64; x64) AppleWebKit/537.36 (KHTML, like Gecko) Chrome/70.0.3538.110 Safari/537.36',
  'upgrade-insecure-requests' => '1',
  'connection' => 'close',
  'host' => 'shop.com',
)
[ info ] [ PARAM ] array (
)
[ info ] [ LANG ] C:\phpStudy\PHPTutorial\WWW\shop/application/index\lang\zh-cn.php
[ info ] [ SESSION ] INIT array (
  'prefix' => 'minishop',
  'type' => '',
  'auto_start' => true,
)
[ info ] [ RUN ] Method [ <user> public method index ] {
  @@ C:\phpStudy\PHPTutorial\WWW\shop\application\index\controller\Goods.php 23 - 26
}

[ info ] [ LOG ] INIT file

---------------------------------------------------------------
[ 2019-02-25T21:51:18+08:00 ] 127.0.0.1 127.0.0.1 GET /index.php/index/goods/lists.html
[ log ] shop.com/index.php/index/goods/lists.html [运行时间：0.104006s][吞吐率：9.61req/s] [内存消耗：1,871.23kb] [文件加载：57]
[ info ] [ DB ] INIT mysql
[ info ] [ LANG ] C:\phpStudy\PHPTutorial\WWW\shop\core\lang\zh-cn.php
[ info ] [ ROUTE ] array (
  'type' => 'module',
  'module' => 
  array (
    0 => 'index',
    1 => 'goods',
    2 => 'lists',
  ),
)
[ info ] [ HEADER ] array (
  'cookie' => 'pgv_pvi=2544536576; think_var=zh-cn; PHPSESSID=dpqsdsa4qcea71gul4fb316ea1',
  'accept-language' => 'zh-CN,zh;q=0.9',
  'accept-encoding' => 'gzip, deflate',
  'referer' => 'http://shop.com/index.php/index/article/page.html?name=company',
  'accept' => 'text/html,application/xhtml+xml,application/xml;q=0.9,image/webp,image/apng,*/*;q=0.8',
  'user-agent' => 'Mozilla/5.0 (Windows NT 6.1; Win64; x64) AppleWebKit/537.36 (KHTML, like Gecko) Chrome/70.0.3538.110 Safari/537.36',
  'upgrade-insecure-requests' => '1',
  'connection' => 'close',
  'host' => 'shop.com',
)
[ info ] [ PARAM ] array (
)
[ info ] [ LANG ] C:\phpStudy\PHPTutorial\WWW\shop/application/index\lang\zh-cn.php
[ info ] [ SESSION ] INIT array (
  'prefix' => 'minishop',
  'type' => '',
  'auto_start' => true,
)
[ info ] [ RUN ] Method [ <user> public method lists ] {
  @@ C:\phpStudy\PHPTutorial\WWW\shop\application\index\controller\Goods.php 29 - 127
}

[ info ] [ VIEW ] ./themes/default/index/goods_list.html [ array (
  0 => 'userinfo',
  1 => 'categoryInfo',
  2 => 'list',
  3 => 'selfCate',
  4 => 'parentCate',
  5 => 'parent',
  6 => 'page',
  7 => 'sort',
  8 => 'type',
) ]
[ info ] [ DB ] INIT mysql
[ info ] [ DB ] INIT mysql
[ info ] [ LOG ] INIT file

---------------------------------------------------------------
[ 2019-02-25T21:51:19+08:00 ] 127.0.0.1 127.0.0.1 GET /index.php/index/article/page.html?name=address
[ log ] shop.com/index.php/index/article/page.html?name=address [运行时间：0.089005s][吞吐率：11.24req/s] [内存消耗：1,764.94kb] [文件加载：53]
[ info ] [ DB ] INIT mysql
[ info ] [ LANG ] C:\phpStudy\PHPTutorial\WWW\shop\core\lang\zh-cn.php
[ info ] [ ROUTE ] array (
  'type' => 'module',
  'module' => 
  array (
    0 => 'index',
    1 => 'article',
    2 => 'page',
  ),
)
[ info ] [ HEADER ] array (
  'cookie' => 'pgv_pvi=2544536576; think_var=zh-cn; PHPSESSID=dpqsdsa4qcea71gul4fb316ea1',
  'accept-language' => 'zh-CN,zh;q=0.9',
  'accept-encoding' => 'gzip, deflate',
  'referer' => 'http://shop.com/index.php/index/goods/lists.html',
  'accept' => 'text/html,application/xhtml+xml,application/xml;q=0.9,image/webp,image/apng,*/*;q=0.8',
  'user-agent' => 'Mozilla/5.0 (Windows NT 6.1; Win64; x64) AppleWebKit/537.36 (KHTML, like Gecko) Chrome/70.0.3538.110 Safari/537.36',
  'upgrade-insecure-requests' => '1',
  'connection' => 'close',
  'host' => 'shop.com',
)
[ info ] [ PARAM ] array (
  'name' => 'address',
)
[ info ] [ LANG ] C:\phpStudy\PHPTutorial\WWW\shop/application/index\lang\zh-cn.php
[ info ] [ SESSION ] INIT array (
  'prefix' => 'minishop',
  'type' => '',
  'auto_start' => true,
)
[ info ] [ RUN ] /**
	 * 文章单页控制器
	 * @author  tangtanglove <dai_hang_love@126.com>
	 */
Method [ <user> public method page ] {
  @@ C:\phpStudy\PHPTutorial\WWW\shop\application\index\controller\Article.php 158 - 192
}

[ info ] [ VIEW ] ./themes/default/index/page.html [ array (
  0 => 'userinfo',
  1 => 'subPage',
  2 => 'pageInfo',
  3 => 'pidInfo',
) ]
[ info ] [ DB ] INIT mysql
[ info ] [ DB ] INIT mysql
[ info ] [ LOG ] INIT file

---------------------------------------------------------------
[ 2019-02-25T21:51:20+08:00 ] 127.0.0.1 127.0.0.1 GET /index.php/index/index/index.html
[ log ] shop.com/index.php/index/index/index.html [运行时间：0.181010s][吞吐率：5.52req/s] [内存消耗：1,974.70kb] [文件加载：53]
[ info ] [ DB ] INIT mysql
[ info ] [ LANG ] C:\phpStudy\PHPTutorial\WWW\shop\core\lang\zh-cn.php
[ info ] [ ROUTE ] array (
  'type' => 'module',
  'module' => 
  array (
    0 => 'index',
    1 => 'index',
    2 => 'index',
  ),
)
[ info ] [ HEADER ] array (
  'cookie' => 'pgv_pvi=2544536576; think_var=zh-cn; PHPSESSID=dpqsdsa4qcea71gul4fb316ea1',
  'accept-language' => 'zh-CN,zh;q=0.9',
  'accept-encoding' => 'gzip, deflate',
  'referer' => 'http://shop.com/index.php/index/article/page.html?name=address',
  'accept' => 'text/html,application/xhtml+xml,application/xml;q=0.9,image/webp,image/apng,*/*;q=0.8',
  'user-agent' => 'Mozilla/5.0 (Windows NT 6.1; Win64; x64) AppleWebKit/537.36 (KHTML, like Gecko) Chrome/70.0.3538.110 Safari/537.36',
  'upgrade-insecure-requests' => '1',
  'connection' => 'close',
  'host' => 'shop.com',
)
[ info ] [ PARAM ] array (
)
[ info ] [ LANG ] C:\phpStudy\PHPTutorial\WWW\shop/application/index\lang\zh-cn.php
[ info ] [ SESSION ] INIT array (
  'prefix' => 'minishop',
  'type' => '',
  'auto_start' => true,
)
[ info ] [ RUN ] Method [ <user> public method index ] {
  @@ C:\phpStudy\PHPTutorial\WWW\shop\application\index\controller\Index.php 21 - 25
}

[ info ] [ VIEW ] ./themes/default/index/index.html [ array (
  0 => 'userinfo',
) ]
[ info ] [ DB ] INIT mysql
[ info ] [ DB ] INIT mysql
[ info ] [ DB ] INIT mysql
[ info ] [ DB ] INIT mysql
[ info ] [ DB ] INIT mysql
[ info ] [ DB ] INIT mysql
[ info ] [ DB ] INIT mysql
[ info ] [ DB ] INIT mysql
[ info ] [ DB ] INIT mysql
[ info ] [ DB ] INIT mysql
[ info ] [ DB ] INIT mysql
[ info ] [ LOG ] INIT file

---------------------------------------------------------------
[ 2019-02-25T21:51:23+08:00 ] 127.0.0.1 127.0.0.1 GET /index.php/index/article/page.html?name=company
[ log ] shop.com/index.php/index/article/page.html?name=company [运行时间：0.090006s][吞吐率：11.11req/s] [内存消耗：1,776.38kb] [文件加载：53]
[ info ] [ DB ] INIT mysql
[ info ] [ LANG ] C:\phpStudy\PHPTutorial\WWW\shop\core\lang\zh-cn.php
[ info ] [ ROUTE ] array (
  'type' => 'module',
  'module' => 
  array (
    0 => 'index',
    1 => 'article',
    2 => 'page',
  ),
)
[ info ] [ HEADER ] array (
  'cookie' => 'pgv_pvi=2544536576; think_var=zh-cn; PHPSESSID=dpqsdsa4qcea71gul4fb316ea1',
  'accept-language' => 'zh-CN,zh;q=0.9',
  'accept-encoding' => 'gzip, deflate',
  'referer' => 'http://shop.com/index.php/index/index/index.html',
  'accept' => 'text/html,application/xhtml+xml,application/xml;q=0.9,image/webp,image/apng,*/*;q=0.8',
  'user-agent' => 'Mozilla/5.0 (Windows NT 6.1; Win64; x64) AppleWebKit/537.36 (KHTML, like Gecko) Chrome/70.0.3538.110 Safari/537.36',
  'upgrade-insecure-requests' => '1',
  'connection' => 'close',
  'host' => 'shop.com',
)
[ info ] [ PARAM ] array (
  'name' => 'company',
)
[ info ] [ LANG ] C:\phpStudy\PHPTutorial\WWW\shop/application/index\lang\zh-cn.php
[ info ] [ SESSION ] INIT array (
  'prefix' => 'minishop',
  'type' => '',
  'auto_start' => true,
)
[ info ] [ RUN ] /**
	 * 文章单页控制器
	 * @author  tangtanglove <dai_hang_love@126.com>
	 */
Method [ <user> public method page ] {
  @@ C:\phpStudy\PHPTutorial\WWW\shop\application\index\controller\Article.php 158 - 192
}

[ info ] [ VIEW ] ./themes/default/index/page.html [ array (
  0 => 'userinfo',
  1 => 'subPage',
  2 => 'pageInfo',
  3 => 'pidInfo',
) ]
[ info ] [ DB ] INIT mysql
[ info ] [ DB ] INIT mysql
[ info ] [ LOG ] INIT file

---------------------------------------------------------------
