[ 2019-04-17T00:38:18+08:00 ] 127.0.0.1 127.0.0.1 GET /index.php/index/order/orderlists.html
[ log ] shop.com/index.php/index/order/orderlists.html [运行时间：0.206012s][吞吐率：4.85req/s] [内存消耗：1,861.09kb] [文件加载：60]
[ info ] [ DB ] INIT mysql
[ info ] [ LANG ] C:\phpStudy\PHPTutorial\WWW\shop\core\lang\zh-cn.php
[ info ] [ ROUTE ] array (
  'type' => 'module',
  'module' => 
  array (
    0 => 'index',
    1 => 'order',
    2 => 'orderlists',
  ),
)
[ info ] [ HEADER ] array (
  'cookie' => 'pgv_pvi=2544536576; PHPSESSID=ecasec1brbmg1llcd7d9ftfmr4; pgv_si=s838141952',
  'accept-language' => 'zh-CN,zh;q=0.9',
  'accept-encoding' => 'gzip, deflate',
  'referer' => 'http://shop.com/index.php/index/index/index.html',
  'accept' => 'text/html,application/xhtml+xml,application/xml;q=0.9,image/webp,image/apng,*/*;q=0.8',
  'user-agent' => 'Mozilla/5.0 (Windows NT 6.1; Win64; x64) AppleWebKit/537.36 (KHTML, like Gecko) Chrome/70.0.3538.110 Safari/537.36',
  'upgrade-insecure-requests' => '1',
  'connection' => 'close',
  'host' => 'shop.com',
)
[ info ] [ PARAM ] array (
)
[ info ] [ LANG ] C:\phpStudy\PHPTutorial\WWW\shop/application/index\lang\zh-cn.php
[ info ] [ SESSION ] INIT array (
  'prefix' => 'minishop',
  'type' => '',
  'auto_start' => true,
)
[ info ] [ RUN ] /**
     * 个人订单
     * @author ILsunshien
     */
Method [ <user> public method orderLists ] {
  @@ C:\phpStudy\PHPTutorial\WWW\shop\application\index\controller\Order.php 27 - 45
}

[ info ] [ VIEW ] ./themes/default/index/user_order.html [ array (
  0 => 'userinfo',
  1 => 'page',
  2 => 'lists',
) ]
[ info ] [ DB ] INIT mysql
[ info ] [ CACHE ] INIT File
[ info ] [ LOG ] INIT file

---------------------------------------------------------------
[ 2019-04-17T00:38:25+08:00 ] 127.0.0.1 127.0.0.1 GET /index.php/index/order/orderlists.html?status=nopaid
[ log ] shop.com/index.php/index/order/orderlists.html?status=nopaid [运行时间：0.088005s][吞吐率：11.36req/s] [内存消耗：1,775.52kb] [文件加载：57]
[ info ] [ DB ] INIT mysql
[ info ] [ LANG ] C:\phpStudy\PHPTutorial\WWW\shop\core\lang\zh-cn.php
[ info ] [ ROUTE ] array (
  'type' => 'module',
  'module' => 
  array (
    0 => 'index',
    1 => 'order',
    2 => 'orderlists',
  ),
)
[ info ] [ HEADER ] array (
  'cookie' => 'pgv_pvi=2544536576; PHPSESSID=ecasec1brbmg1llcd7d9ftfmr4; pgv_si=s838141952; think_var=zh-cn',
  'accept-language' => 'zh-CN,zh;q=0.9',
  'accept-encoding' => 'gzip, deflate',
  'referer' => 'http://shop.com/index.php/index/order/orderlists.html',
  'accept' => 'text/html,application/xhtml+xml,application/xml;q=0.9,image/webp,image/apng,*/*;q=0.8',
  'user-agent' => 'Mozilla/5.0 (Windows NT 6.1; Win64; x64) AppleWebKit/537.36 (KHTML, like Gecko) Chrome/70.0.3538.110 Safari/537.36',
  'upgrade-insecure-requests' => '1',
  'connection' => 'close',
  'host' => 'shop.com',
)
[ info ] [ PARAM ] array (
  'status' => 'nopaid',
)
[ info ] [ LANG ] C:\phpStudy\PHPTutorial\WWW\shop/application/index\lang\zh-cn.php
[ info ] [ SESSION ] INIT array (
  'prefix' => 'minishop',
  'type' => '',
  'auto_start' => true,
)
[ info ] [ RUN ] /**
     * 个人订单
     * @author ILsunshien
     */
Method [ <user> public method orderLists ] {
  @@ C:\phpStudy\PHPTutorial\WWW\shop\application\index\controller\Order.php 27 - 45
}

[ info ] [ VIEW ] ./themes/default/index/user_order.html [ array (
  0 => 'userinfo',
  1 => 'page',
  2 => 'lists',
) ]
[ info ] [ DB ] INIT mysql
[ info ] [ LOG ] INIT file

---------------------------------------------------------------
[ 2019-04-17T00:38:27+08:00 ] 127.0.0.1 127.0.0.1 GET /index.php/index/user/usercenter.html
[ log ] shop.com/index.php/index/user/usercenter.html [运行时间：0.196012s][吞吐率：5.10req/s] [内存消耗：1,702.62kb] [文件加载：53]
[ info ] [ DB ] INIT mysql
[ info ] [ LANG ] C:\phpStudy\PHPTutorial\WWW\shop\core\lang\zh-cn.php
[ info ] [ ROUTE ] array (
  'type' => 'module',
  'module' => 
  array (
    0 => 'index',
    1 => 'user',
    2 => 'usercenter',
  ),
)
[ info ] [ HEADER ] array (
  'cookie' => 'pgv_pvi=2544536576; PHPSESSID=ecasec1brbmg1llcd7d9ftfmr4; pgv_si=s838141952; think_var=zh-cn',
  'accept-language' => 'zh-CN,zh;q=0.9',
  'accept-encoding' => 'gzip, deflate',
  'referer' => 'http://shop.com/index.php/index/order/orderlists.html?status=nopaid',
  'accept' => 'text/html,application/xhtml+xml,application/xml;q=0.9,image/webp,image/apng,*/*;q=0.8',
  'user-agent' => 'Mozilla/5.0 (Windows NT 6.1; Win64; x64) AppleWebKit/537.36 (KHTML, like Gecko) Chrome/70.0.3538.110 Safari/537.36',
  'upgrade-insecure-requests' => '1',
  'connection' => 'close',
  'host' => 'shop.com',
)
[ info ] [ PARAM ] array (
)
[ info ] [ LANG ] C:\phpStudy\PHPTutorial\WWW\shop/application/index\lang\zh-cn.php
[ info ] [ SESSION ] INIT array (
  'prefix' => 'minishop',
  'type' => '',
  'auto_start' => true,
)
[ info ] [ RUN ] /**
     * 个人中心
     * @author  ILsunshine
     */
Method [ <user> public method userCenter ] {
  @@ C:\phpStudy\PHPTutorial\WWW\shop\application\index\controller\User.php 28 - 32
}

[ info ] [ VIEW ] ./themes/default/index/user_center.html [ array (
  0 => 'userinfo',
  1 => 'userInfo',
) ]
[ info ] [ DB ] INIT mysql
[ info ] [ LOG ] INIT file

---------------------------------------------------------------
