[ 2019-04-26T14:16:36+08:00 ] 127.0.0.1 127.0.0.1 GET /
[ log ] shop.com/ [运行时间：1.137517s][吞吐率：0.88req/s] [内存消耗：1,968.79kb] [文件加载：53]
[ info ] [ DB ] INIT mysql
[ info ] [ LANG ] C:\phpStudy\PHPTutorial\WWW\shop\core\lang\zh-cn.php
[ info ] [ ROUTE ] array (
  'type' => 'module',
  'module' => 
  array (
    0 => '',
    1 => NULL,
    2 => NULL,
  ),
)
[ info ] [ HEADER ] array (
  'cookie' => 'pgv_pvi=2544536576',
  'accept-language' => 'zh-CN,zh;q=0.9',
  'accept-encoding' => 'gzip, deflate',
  'accept' => 'text/html,application/xhtml+xml,application/xml;q=0.9,image/webp,image/apng,*/*;q=0.8',
  'user-agent' => 'Mozilla/5.0 (Windows NT 6.1; Win64; x64) AppleWebKit/537.36 (KHTML, like Gecko) Chrome/70.0.3538.110 Safari/537.36',
  'upgrade-insecure-requests' => '1',
  'connection' => 'close',
  'host' => 'shop.com',
)
[ info ] [ PARAM ] array (
)
[ info ] [ LANG ] C:\phpStudy\PHPTutorial\WWW\shop/application/index\lang\zh-cn.php
[ info ] [ SESSION ] INIT array (
  'prefix' => 'minishop',
  'type' => '',
  'auto_start' => true,
)
[ info ] [ RUN ] Method [ <user> public method index ] {
  @@ C:\phpStudy\PHPTutorial\WWW\shop\application\index\controller\Index.php 21 - 25
}

[ info ] [ VIEW ] ./themes/default/index/index.html [ array (
  0 => 'userinfo',
) ]
[ info ] [ DB ] INIT mysql
[ info ] [ DB ] INIT mysql
[ info ] [ DB ] INIT mysql
[ info ] [ DB ] INIT mysql
[ info ] [ DB ] INIT mysql
[ info ] [ DB ] INIT mysql
[ info ] [ DB ] INIT mysql
[ info ] [ DB ] INIT mysql
[ info ] [ DB ] INIT mysql
[ info ] [ DB ] INIT mysql
[ info ] [ DB ] INIT mysql
[ info ] [ LOG ] INIT file

---------------------------------------------------------------
[ 2019-04-26T14:16:49+08:00 ] 127.0.0.1 127.0.0.1 GET /index.php/index/goods/index.html
[ log ] shop.com/index.php/index/goods/index.html [运行时间：0.107502s][吞吐率：9.30req/s] [内存消耗：1,729.52kb] [文件加载：54]
[ info ] [ DB ] INIT mysql
[ info ] [ LANG ] C:\phpStudy\PHPTutorial\WWW\shop\core\lang\zh-cn.php
[ info ] [ ROUTE ] array (
  'type' => 'module',
  'module' => 
  array (
    0 => 'index',
    1 => 'goods',
    2 => 'index',
  ),
)
[ info ] [ HEADER ] array (
  'cookie' => 'pgv_pvi=2544536576; think_var=zh-cn; PHPSESSID=lsodll998ibf8s1faebnetnhi3',
  'accept-language' => 'zh-CN,zh;q=0.9',
  'accept-encoding' => 'gzip, deflate',
  'referer' => 'http://shop.com/',
  'accept' => 'text/html,application/xhtml+xml,application/xml;q=0.9,image/webp,image/apng,*/*;q=0.8',
  'user-agent' => 'Mozilla/5.0 (Windows NT 6.1; Win64; x64) AppleWebKit/537.36 (KHTML, like Gecko) Chrome/70.0.3538.110 Safari/537.36',
  'upgrade-insecure-requests' => '1',
  'connection' => 'close',
  'host' => 'shop.com',
)
[ info ] [ PARAM ] array (
)
[ info ] [ LANG ] C:\phpStudy\PHPTutorial\WWW\shop/application/index\lang\zh-cn.php
[ info ] [ SESSION ] INIT array (
  'prefix' => 'minishop',
  'type' => '',
  'auto_start' => true,
)
[ info ] [ RUN ] Method [ <user> public method index ] {
  @@ C:\phpStudy\PHPTutorial\WWW\shop\application\index\controller\Goods.php 23 - 26
}

[ info ] [ LOG ] INIT file

---------------------------------------------------------------
[ 2019-04-26T14:16:49+08:00 ] 127.0.0.1 127.0.0.1 GET /index.php/index/goods/lists.html
[ log ] shop.com/index.php/index/goods/lists.html [运行时间：0.172503s][吞吐率：5.80req/s] [内存消耗：1,871.06kb] [文件加载：57]
[ info ] [ DB ] INIT mysql
[ info ] [ LANG ] C:\phpStudy\PHPTutorial\WWW\shop\core\lang\zh-cn.php
[ info ] [ ROUTE ] array (
  'type' => 'module',
  'module' => 
  array (
    0 => 'index',
    1 => 'goods',
    2 => 'lists',
  ),
)
[ info ] [ HEADER ] array (
  'cookie' => 'pgv_pvi=2544536576; think_var=zh-cn; PHPSESSID=lsodll998ibf8s1faebnetnhi3',
  'accept-language' => 'zh-CN,zh;q=0.9',
  'accept-encoding' => 'gzip, deflate',
  'referer' => 'http://shop.com/',
  'accept' => 'text/html,application/xhtml+xml,application/xml;q=0.9,image/webp,image/apng,*/*;q=0.8',
  'user-agent' => 'Mozilla/5.0 (Windows NT 6.1; Win64; x64) AppleWebKit/537.36 (KHTML, like Gecko) Chrome/70.0.3538.110 Safari/537.36',
  'upgrade-insecure-requests' => '1',
  'connection' => 'close',
  'host' => 'shop.com',
)
[ info ] [ PARAM ] array (
)
[ info ] [ LANG ] C:\phpStudy\PHPTutorial\WWW\shop/application/index\lang\zh-cn.php
[ info ] [ SESSION ] INIT array (
  'prefix' => 'minishop',
  'type' => '',
  'auto_start' => true,
)
[ info ] [ RUN ] Method [ <user> public method lists ] {
  @@ C:\phpStudy\PHPTutorial\WWW\shop\application\index\controller\Goods.php 29 - 127
}

[ info ] [ VIEW ] ./themes/default/index/goods_list.html [ array (
  0 => 'userinfo',
  1 => 'categoryInfo',
  2 => 'list',
  3 => 'selfCate',
  4 => 'parentCate',
  5 => 'parent',
  6 => 'page',
  7 => 'sort',
  8 => 'type',
) ]
[ info ] [ DB ] INIT mysql
[ info ] [ DB ] INIT mysql
[ info ] [ LOG ] INIT file

---------------------------------------------------------------
[ 2019-04-26T14:16:50+08:00 ] 127.0.0.1 127.0.0.1 GET /index.php/index/article/lists.html?category=news
[ log ] shop.com/index.php/index/article/lists.html?category=news [运行时间：0.210003s][吞吐率：4.76req/s] [内存消耗：1,855.07kb] [文件加载：57]
[ info ] [ DB ] INIT mysql
[ info ] [ LANG ] C:\phpStudy\PHPTutorial\WWW\shop\core\lang\zh-cn.php
[ info ] [ ROUTE ] array (
  'type' => 'module',
  'module' => 
  array (
    0 => 'index',
    1 => 'article',
    2 => 'lists',
  ),
)
[ info ] [ HEADER ] array (
  'cookie' => 'pgv_pvi=2544536576; think_var=zh-cn; PHPSESSID=lsodll998ibf8s1faebnetnhi3',
  'accept-language' => 'zh-CN,zh;q=0.9',
  'accept-encoding' => 'gzip, deflate',
  'referer' => 'http://shop.com/index.php/index/goods/lists.html',
  'accept' => 'text/html,application/xhtml+xml,application/xml;q=0.9,image/webp,image/apng,*/*;q=0.8',
  'user-agent' => 'Mozilla/5.0 (Windows NT 6.1; Win64; x64) AppleWebKit/537.36 (KHTML, like Gecko) Chrome/70.0.3538.110 Safari/537.36',
  'upgrade-insecure-requests' => '1',
  'connection' => 'close',
  'host' => 'shop.com',
)
[ info ] [ PARAM ] array (
  'category' => 'news',
)
[ info ] [ LANG ] C:\phpStudy\PHPTutorial\WWW\shop/application/index\lang\zh-cn.php
[ info ] [ SESSION ] INIT array (
  'prefix' => 'minishop',
  'type' => '',
  'auto_start' => true,
)
[ info ] [ RUN ] /**
	 * 文章列表控制器
	 * @author  tangtanglove <dai_hang_love@126.com>
	 */
Method [ <user> public method lists ] {
  @@ C:\phpStudy\PHPTutorial\WWW\shop\application\index\controller\Article.php 36 - 88
}

[ info ] [ VIEW ] ./themes/default/index/news_list.html [ array (
  0 => 'userinfo',
  1 => 'list',
  2 => 'page',
  3 => 'categoryInfo',
) ]
[ info ] [ DB ] INIT mysql
[ info ] [ DB ] INIT mysql
[ info ] [ LOG ] INIT file

---------------------------------------------------------------
[ 2019-04-26T14:16:53+08:00 ] 127.0.0.1 127.0.0.1 GET /index.php/index/article/page.html?name=company
[ log ] shop.com/index.php/index/article/page.html?name=company [运行时间：0.117502s][吞吐率：8.51req/s] [内存消耗：1,777.40kb] [文件加载：53]
[ info ] [ DB ] INIT mysql
[ info ] [ LANG ] C:\phpStudy\PHPTutorial\WWW\shop\core\lang\zh-cn.php
[ info ] [ ROUTE ] array (
  'type' => 'module',
  'module' => 
  array (
    0 => 'index',
    1 => 'article',
    2 => 'page',
  ),
)
[ info ] [ HEADER ] array (
  'cookie' => 'pgv_pvi=2544536576; think_var=zh-cn; PHPSESSID=lsodll998ibf8s1faebnetnhi3',
  'accept-language' => 'zh-CN,zh;q=0.9',
  'accept-encoding' => 'gzip, deflate',
  'referer' => 'http://shop.com/index.php/index/article/lists.html?category=news',
  'accept' => 'text/html,application/xhtml+xml,application/xml;q=0.9,image/webp,image/apng,*/*;q=0.8',
  'user-agent' => 'Mozilla/5.0 (Windows NT 6.1; Win64; x64) AppleWebKit/537.36 (KHTML, like Gecko) Chrome/70.0.3538.110 Safari/537.36',
  'upgrade-insecure-requests' => '1',
  'connection' => 'close',
  'host' => 'shop.com',
)
[ info ] [ PARAM ] array (
  'name' => 'company',
)
[ info ] [ LANG ] C:\phpStudy\PHPTutorial\WWW\shop/application/index\lang\zh-cn.php
[ info ] [ SESSION ] INIT array (
  'prefix' => 'minishop',
  'type' => '',
  'auto_start' => true,
)
[ info ] [ RUN ] /**
	 * 文章单页控制器
	 * @author  tangtanglove <dai_hang_love@126.com>
	 */
Method [ <user> public method page ] {
  @@ C:\phpStudy\PHPTutorial\WWW\shop\application\index\controller\Article.php 158 - 192
}

[ info ] [ VIEW ] ./themes/default/index/page.html [ array (
  0 => 'userinfo',
  1 => 'subPage',
  2 => 'pageInfo',
  3 => 'pidInfo',
) ]
[ info ] [ DB ] INIT mysql
[ info ] [ DB ] INIT mysql
[ info ] [ LOG ] INIT file

---------------------------------------------------------------
[ 2019-04-26T14:16:54+08:00 ] 127.0.0.1 127.0.0.1 GET /index.php/index/index/index.html
[ log ] shop.com/index.php/index/index/index.html [运行时间：0.172503s][吞吐率：5.80req/s] [内存消耗：1,968.67kb] [文件加载：53]
[ info ] [ DB ] INIT mysql
[ info ] [ LANG ] C:\phpStudy\PHPTutorial\WWW\shop\core\lang\zh-cn.php
[ info ] [ ROUTE ] array (
  'type' => 'module',
  'module' => 
  array (
    0 => 'index',
    1 => 'index',
    2 => 'index',
  ),
)
[ info ] [ HEADER ] array (
  'cookie' => 'pgv_pvi=2544536576; think_var=zh-cn; PHPSESSID=lsodll998ibf8s1faebnetnhi3',
  'accept-language' => 'zh-CN,zh;q=0.9',
  'accept-encoding' => 'gzip, deflate',
  'referer' => 'http://shop.com/index.php/index/article/page.html?name=company',
  'accept' => 'text/html,application/xhtml+xml,application/xml;q=0.9,image/webp,image/apng,*/*;q=0.8',
  'user-agent' => 'Mozilla/5.0 (Windows NT 6.1; Win64; x64) AppleWebKit/537.36 (KHTML, like Gecko) Chrome/70.0.3538.110 Safari/537.36',
  'upgrade-insecure-requests' => '1',
  'connection' => 'close',
  'host' => 'shop.com',
)
[ info ] [ PARAM ] array (
)
[ info ] [ LANG ] C:\phpStudy\PHPTutorial\WWW\shop/application/index\lang\zh-cn.php
[ info ] [ SESSION ] INIT array (
  'prefix' => 'minishop',
  'type' => '',
  'auto_start' => true,
)
[ info ] [ RUN ] Method [ <user> public method index ] {
  @@ C:\phpStudy\PHPTutorial\WWW\shop\application\index\controller\Index.php 21 - 25
}

[ info ] [ VIEW ] ./themes/default/index/index.html [ array (
  0 => 'userinfo',
) ]
[ info ] [ DB ] INIT mysql
[ info ] [ DB ] INIT mysql
[ info ] [ DB ] INIT mysql
[ info ] [ DB ] INIT mysql
[ info ] [ DB ] INIT mysql
[ info ] [ DB ] INIT mysql
[ info ] [ DB ] INIT mysql
[ info ] [ DB ] INIT mysql
[ info ] [ DB ] INIT mysql
[ info ] [ DB ] INIT mysql
[ info ] [ DB ] INIT mysql
[ info ] [ LOG ] INIT file

---------------------------------------------------------------
[ 2019-04-26T14:17:10+08:00 ] 127.0.0.1 127.0.0.1 GET /index.php/index/index/login.html
[ log ] shop.com/index.php/index/index/login.html [运行时间：0.180003s][吞吐率：5.56req/s] [内存消耗：1,855.20kb] [文件加载：58]
[ info ] [ DB ] INIT mysql
[ info ] [ LANG ] C:\phpStudy\PHPTutorial\WWW\shop\core\lang\zh-cn.php
[ info ] [ ROUTE ] array (
  'type' => 'module',
  'module' => 
  array (
    0 => 'index',
    1 => 'index',
    2 => 'login',
  ),
)
[ info ] [ HEADER ] array (
  'cookie' => 'pgv_pvi=2544536576; think_var=zh-cn; PHPSESSID=lsodll998ibf8s1faebnetnhi3',
  'accept-language' => 'zh-CN,zh;q=0.9',
  'accept-encoding' => 'gzip, deflate',
  'referer' => 'http://shop.com/index.php/index/index/index.html',
  'accept' => 'text/html,application/xhtml+xml,application/xml;q=0.9,image/webp,image/apng,*/*;q=0.8',
  'user-agent' => 'Mozilla/5.0 (Windows NT 6.1; Win64; x64) AppleWebKit/537.36 (KHTML, like Gecko) Chrome/70.0.3538.110 Safari/537.36',
  'upgrade-insecure-requests' => '1',
  'connection' => 'close',
  'host' => 'shop.com',
)
[ info ] [ PARAM ] array (
)
[ info ] [ LANG ] C:\phpStudy\PHPTutorial\WWW\shop/application/index\lang\zh-cn.php
[ info ] [ SESSION ] INIT array (
  'prefix' => 'minishop',
  'type' => '',
  'auto_start' => true,
)
[ info ] [ RUN ] /**
     * 用户登录方法
     * @author  矢志bu渝 <745152620@qq.com>
     */
Method [ <user, inherits app\index\controller\Base> public method login ] {
  @@ C:\phpStudy\PHPTutorial\WWW\shop\application\index\controller\Base.php 63 - 96
}

[ info ] [ VIEW ] ./themes/default/index/login.html [ array (
  0 => 'userinfo',
) ]
[ info ] [ LOG ] INIT file

---------------------------------------------------------------
[ 2019-04-26T14:17:11+08:00 ] 127.0.0.1 127.0.0.1 POST /index.php/index/base/login.html
[ log ] shop.com/index.php/index/base/login.html [运行时间：0.127500s][吞吐率：7.84req/s] [内存消耗：1,686.50kb] [文件加载：53]
[ info ] [ DB ] INIT mysql
[ info ] [ LANG ] C:\phpStudy\PHPTutorial\WWW\shop\core\lang\zh-cn.php
[ info ] [ ROUTE ] array (
  'type' => 'module',
  'module' => 
  array (
    0 => 'index',
    1 => 'base',
    2 => 'login',
  ),
)
[ info ] [ HEADER ] array (
  'cookie' => 'pgv_pvi=2544536576; think_var=zh-cn; PHPSESSID=lsodll998ibf8s1faebnetnhi3',
  'accept-language' => 'zh-CN,zh;q=0.9',
  'accept-encoding' => 'gzip, deflate',
  'referer' => 'http://shop.com/index.php/index/index/login.html',
  'user-agent' => 'Mozilla/5.0 (Windows NT 6.1; Win64; x64) AppleWebKit/537.36 (KHTML, like Gecko) Chrome/70.0.3538.110 Safari/537.36',
  'x-requested-with' => 'XMLHttpRequest',
  'origin' => 'http://shop.com',
  'accept' => 'application/json, text/javascript, */*; q=0.01',
  'connection' => 'close',
  'host' => 'shop.com',
  'content-type' => 'application/x-www-form-urlencoded; charset=UTF-8',
  'content-length' => '24',
)
[ info ] [ PARAM ] array (
  'key' => 'admin',
  'password' => 'admin',
)
[ info ] [ LANG ] C:\phpStudy\PHPTutorial\WWW\shop/application/index\lang\zh-cn.php
[ info ] [ SESSION ] INIT array (
  'prefix' => 'minishop',
  'type' => '',
  'auto_start' => true,
)
[ info ] [ RUN ] /**
     * 用户登录方法
     * @author  矢志bu渝 <745152620@qq.com>
     */
Method [ <user> public method login ] {
  @@ C:\phpStudy\PHPTutorial\WWW\shop\application\index\controller\Base.php 63 - 96
}

[ info ] [ LOG ] INIT file

---------------------------------------------------------------
[ 2019-04-26T14:17:12+08:00 ] 127.0.0.1 127.0.0.1 GET /index.php/index/user/usercenter.html
[ log ] shop.com/index.php/index/user/usercenter.html [运行时间：0.177502s][吞吐率：5.63req/s] [内存消耗：1,702.02kb] [文件加载：53]
[ info ] [ DB ] INIT mysql
[ info ] [ LANG ] C:\phpStudy\PHPTutorial\WWW\shop\core\lang\zh-cn.php
[ info ] [ ROUTE ] array (
  'type' => 'module',
  'module' => 
  array (
    0 => 'index',
    1 => 'user',
    2 => 'usercenter',
  ),
)
[ info ] [ HEADER ] array (
  'cookie' => 'pgv_pvi=2544536576; think_var=zh-cn; PHPSESSID=lsodll998ibf8s1faebnetnhi3',
  'accept-language' => 'zh-CN,zh;q=0.9',
  'accept-encoding' => 'gzip, deflate',
  'referer' => 'http://shop.com/index.php/index/index/login.html',
  'accept' => 'text/html,application/xhtml+xml,application/xml;q=0.9,image/webp,image/apng,*/*;q=0.8',
  'user-agent' => 'Mozilla/5.0 (Windows NT 6.1; Win64; x64) AppleWebKit/537.36 (KHTML, like Gecko) Chrome/70.0.3538.110 Safari/537.36',
  'upgrade-insecure-requests' => '1',
  'connection' => 'close',
  'host' => 'shop.com',
)
[ info ] [ PARAM ] array (
)
[ info ] [ LANG ] C:\phpStudy\PHPTutorial\WWW\shop/application/index\lang\zh-cn.php
[ info ] [ SESSION ] INIT array (
  'prefix' => 'minishop',
  'type' => '',
  'auto_start' => true,
)
[ info ] [ RUN ] /**
     * 个人中心
     * @author  ILsunshine
     */
Method [ <user> public method userCenter ] {
  @@ C:\phpStudy\PHPTutorial\WWW\shop\application\index\controller\User.php 28 - 32
}

[ info ] [ VIEW ] ./themes/default/index/user_center.html [ array (
  0 => 'userinfo',
  1 => 'userInfo',
) ]
[ info ] [ DB ] INIT mysql
[ info ] [ LOG ] INIT file

---------------------------------------------------------------
[ 2019-04-26T14:17:27+08:00 ] 127.0.0.1 127.0.0.1 GET /index.php/index/cart/index.html
[ log ] shop.com/index.php/index/cart/index.html [运行时间：0.135001s][吞吐率：7.41req/s] [内存消耗：1,714.68kb] [文件加载：53]
[ info ] [ DB ] INIT mysql
[ info ] [ LANG ] C:\phpStudy\PHPTutorial\WWW\shop\core\lang\zh-cn.php
[ info ] [ ROUTE ] array (
  'type' => 'module',
  'module' => 
  array (
    0 => 'index',
    1 => 'cart',
    2 => 'index',
  ),
)
[ info ] [ HEADER ] array (
  'cookie' => 'pgv_pvi=2544536576; think_var=zh-cn; PHPSESSID=lsodll998ibf8s1faebnetnhi3',
  'accept-language' => 'zh-CN,zh;q=0.9',
  'accept-encoding' => 'gzip, deflate',
  'referer' => 'http://shop.com/index.php/index/user/usercenter.html',
  'accept' => 'text/html,application/xhtml+xml,application/xml;q=0.9,image/webp,image/apng,*/*;q=0.8',
  'user-agent' => 'Mozilla/5.0 (Windows NT 6.1; Win64; x64) AppleWebKit/537.36 (KHTML, like Gecko) Chrome/70.0.3538.110 Safari/537.36',
  'upgrade-insecure-requests' => '1',
  'connection' => 'close',
  'host' => 'shop.com',
)
[ info ] [ PARAM ] array (
)
[ info ] [ LANG ] C:\phpStudy\PHPTutorial\WWW\shop/application/index\lang\zh-cn.php
[ info ] [ SESSION ] INIT array (
  'prefix' => 'minishop',
  'type' => '',
  'auto_start' => true,
)
[ info ] [ RUN ] /**
	* 购物车首页
	* @author tangtanglove
	*/
Method [ <user> public method index ] {
  @@ C:\phpStudy\PHPTutorial\WWW\shop\application\index\controller\Cart.php 24 - 65
}

[ info ] [ VIEW ] ./themes/default/index/cart_step1.html [ array (
  0 => 'userinfo',
  1 => 'cartMoney',
  2 => 'selectGoods',
  3 => 'lists',
) ]
[ info ] [ DB ] INIT mysql
[ info ] [ LOG ] INIT file

---------------------------------------------------------------
[ 2019-04-26T14:17:31+08:00 ] 127.0.0.1 127.0.0.1 GET /index.php/index/cart/index.html
[ log ] shop.com/index.php/index/cart/index.html [运行时间：0.080001s][吞吐率：12.50req/s] [内存消耗：1,714.77kb] [文件加载：53]
[ info ] [ DB ] INIT mysql
[ info ] [ LANG ] C:\phpStudy\PHPTutorial\WWW\shop\core\lang\zh-cn.php
[ info ] [ ROUTE ] array (
  'type' => 'module',
  'module' => 
  array (
    0 => 'index',
    1 => 'cart',
    2 => 'index',
  ),
)
[ info ] [ HEADER ] array (
  'cookie' => 'pgv_pvi=2544536576; think_var=zh-cn; PHPSESSID=lsodll998ibf8s1faebnetnhi3',
  'accept-language' => 'zh-CN,zh;q=0.9',
  'accept-encoding' => 'gzip, deflate',
  'referer' => 'http://shop.com/index.php/index/user/usercenter.html',
  'accept' => 'text/html,application/xhtml+xml,application/xml;q=0.9,image/webp,image/apng,*/*;q=0.8',
  'user-agent' => 'Mozilla/5.0 (Windows NT 6.1; Win64; x64) AppleWebKit/537.36 (KHTML, like Gecko) Chrome/70.0.3538.110 Safari/537.36',
  'upgrade-insecure-requests' => '1',
  'cache-control' => 'max-age=0',
  'connection' => 'close',
  'host' => 'shop.com',
)
[ info ] [ PARAM ] array (
)
[ info ] [ LANG ] C:\phpStudy\PHPTutorial\WWW\shop/application/index\lang\zh-cn.php
[ info ] [ SESSION ] INIT array (
  'prefix' => 'minishop',
  'type' => '',
  'auto_start' => true,
)
[ info ] [ RUN ] /**
	* 购物车首页
	* @author tangtanglove
	*/
Method [ <user> public method index ] {
  @@ C:\phpStudy\PHPTutorial\WWW\shop\application\index\controller\Cart.php 24 - 65
}

[ info ] [ VIEW ] ./themes/default/index/cart_step1.html [ array (
  0 => 'userinfo',
  1 => 'cartMoney',
  2 => 'selectGoods',
  3 => 'lists',
) ]
[ info ] [ DB ] INIT mysql
[ info ] [ LOG ] INIT file

---------------------------------------------------------------
[ 2019-04-26T14:17:32+08:00 ] 127.0.0.1 127.0.0.1 GET /index.php/index/cart/index.html
[ log ] shop.com/index.php/index/cart/index.html [运行时间：0.075001s][吞吐率：13.33req/s] [内存消耗：1,714.77kb] [文件加载：53]
[ info ] [ DB ] INIT mysql
[ info ] [ LANG ] C:\phpStudy\PHPTutorial\WWW\shop\core\lang\zh-cn.php
[ info ] [ ROUTE ] array (
  'type' => 'module',
  'module' => 
  array (
    0 => 'index',
    1 => 'cart',
    2 => 'index',
  ),
)
[ info ] [ HEADER ] array (
  'cookie' => 'pgv_pvi=2544536576; think_var=zh-cn; PHPSESSID=lsodll998ibf8s1faebnetnhi3',
  'accept-language' => 'zh-CN,zh;q=0.9',
  'accept-encoding' => 'gzip, deflate',
  'referer' => 'http://shop.com/index.php/index/user/usercenter.html',
  'accept' => 'text/html,application/xhtml+xml,application/xml;q=0.9,image/webp,image/apng,*/*;q=0.8',
  'user-agent' => 'Mozilla/5.0 (Windows NT 6.1; Win64; x64) AppleWebKit/537.36 (KHTML, like Gecko) Chrome/70.0.3538.110 Safari/537.36',
  'upgrade-insecure-requests' => '1',
  'cache-control' => 'max-age=0',
  'connection' => 'close',
  'host' => 'shop.com',
)
[ info ] [ PARAM ] array (
)
[ info ] [ LANG ] C:\phpStudy\PHPTutorial\WWW\shop/application/index\lang\zh-cn.php
[ info ] [ SESSION ] INIT array (
  'prefix' => 'minishop',
  'type' => '',
  'auto_start' => true,
)
[ info ] [ RUN ] /**
	* 购物车首页
	* @author tangtanglove
	*/
Method [ <user> public method index ] {
  @@ C:\phpStudy\PHPTutorial\WWW\shop\application\index\controller\Cart.php 24 - 65
}

[ info ] [ VIEW ] ./themes/default/index/cart_step1.html [ array (
  0 => 'userinfo',
  1 => 'cartMoney',
  2 => 'selectGoods',
  3 => 'lists',
) ]
[ info ] [ DB ] INIT mysql
[ info ] [ LOG ] INIT file

---------------------------------------------------------------
[ 2019-04-26T14:17:37+08:00 ] 127.0.0.1 127.0.0.1 GET /index.php/index/user/usercenter.html
[ log ] shop.com/index.php/index/user/usercenter.html [运行时间：0.077501s][吞吐率：12.90req/s] [内存消耗：1,702.02kb] [文件加载：53]
[ info ] [ DB ] INIT mysql
[ info ] [ LANG ] C:\phpStudy\PHPTutorial\WWW\shop\core\lang\zh-cn.php
[ info ] [ ROUTE ] array (
  'type' => 'module',
  'module' => 
  array (
    0 => 'index',
    1 => 'user',
    2 => 'usercenter',
  ),
)
[ info ] [ HEADER ] array (
  'cookie' => 'pgv_pvi=2544536576; think_var=zh-cn; PHPSESSID=lsodll998ibf8s1faebnetnhi3',
  'accept-language' => 'zh-CN,zh;q=0.9',
  'accept-encoding' => 'gzip, deflate',
  'referer' => 'http://shop.com/index.php/index/index/login.html',
  'accept' => 'text/html,application/xhtml+xml,application/xml;q=0.9,image/webp,image/apng,*/*;q=0.8',
  'user-agent' => 'Mozilla/5.0 (Windows NT 6.1; Win64; x64) AppleWebKit/537.36 (KHTML, like Gecko) Chrome/70.0.3538.110 Safari/537.36',
  'upgrade-insecure-requests' => '1',
  'connection' => 'close',
  'host' => 'shop.com',
)
[ info ] [ PARAM ] array (
)
[ info ] [ LANG ] C:\phpStudy\PHPTutorial\WWW\shop/application/index\lang\zh-cn.php
[ info ] [ SESSION ] INIT array (
  'prefix' => 'minishop',
  'type' => '',
  'auto_start' => true,
)
[ info ] [ RUN ] /**
     * 个人中心
     * @author  ILsunshine
     */
Method [ <user> public method userCenter ] {
  @@ C:\phpStudy\PHPTutorial\WWW\shop\application\index\controller\User.php 28 - 32
}

[ info ] [ VIEW ] ./themes/default/index/user_center.html [ array (
  0 => 'userinfo',
  1 => 'userInfo',
) ]
[ info ] [ DB ] INIT mysql
[ info ] [ LOG ] INIT file

---------------------------------------------------------------
[ 2019-04-26T14:24:49+08:00 ] 127.0.0.1 127.0.0.1 GET /admin.php/index/index/index.html
[ log ] shop.com/admin.php/index/index/index.html [运行时间：0.107502s][吞吐率：9.30req/s] [内存消耗：1,643.14kb] [文件加载：51]
[ info ] [ DB ] INIT mysql
[ info ] [ LANG ] C:\phpStudy\PHPTutorial\WWW\shop\core\lang\zh-cn.php
[ info ] [ ROUTE ] array (
  'type' => 'module',
  'module' => 
  array (
    0 => 'admin',
    1 => 'index',
    2 => 'index',
  ),
)
[ info ] [ HEADER ] array (
  'cookie' => 'pgv_pvi=2544536576; think_var=zh-cn; PHPSESSID=lsodll998ibf8s1faebnetnhi3',
  'accept-language' => 'zh-CN,zh;q=0.9',
  'accept-encoding' => 'gzip, deflate',
  'accept' => 'text/html,application/xhtml+xml,application/xml;q=0.9,image/webp,image/apng,*/*;q=0.8',
  'user-agent' => 'Mozilla/5.0 (Windows NT 6.1; Win64; x64) AppleWebKit/537.36 (KHTML, like Gecko) Chrome/70.0.3538.110 Safari/537.36',
  'upgrade-insecure-requests' => '1',
  'connection' => 'close',
  'host' => 'shop.com',
)
[ info ] [ PARAM ] array (
)
[ info ] [ LANG ] C:\phpStudy\PHPTutorial\WWW\shop/application/admin\lang\zh-cn.php
[ info ] [ SESSION ] INIT array (
  'id' => '',
  'var_session_id' => 'session_id',
  'prefix' => 'minishop',
  'type' => '',
  'auto_start' => true,
)
[ info ] [ LOG ] INIT file

---------------------------------------------------------------
[ 2019-04-26T14:24:49+08:00 ] 127.0.0.1 127.0.0.1 GET /admin.php/base/login.html
[ log ] shop.com/admin.php/base/login.html [运行时间：0.062501s][吞吐率：16.00req/s] [内存消耗：1,586.22kb] [文件加载：48]
[ info ] [ DB ] INIT mysql
[ info ] [ LANG ] C:\phpStudy\PHPTutorial\WWW\shop\core\lang\zh-cn.php
[ info ] [ ROUTE ] array (
  'type' => 'module',
  'module' => 
  array (
    0 => 'admin',
    1 => 'base',
    2 => 'login',
  ),
)
[ info ] [ HEADER ] array (
  'cookie' => 'pgv_pvi=2544536576; think_var=zh-cn; PHPSESSID=lsodll998ibf8s1faebnetnhi3',
  'accept-language' => 'zh-CN,zh;q=0.9',
  'accept-encoding' => 'gzip, deflate',
  'accept' => 'text/html,application/xhtml+xml,application/xml;q=0.9,image/webp,image/apng,*/*;q=0.8',
  'user-agent' => 'Mozilla/5.0 (Windows NT 6.1; Win64; x64) AppleWebKit/537.36 (KHTML, like Gecko) Chrome/70.0.3538.110 Safari/537.36',
  'upgrade-insecure-requests' => '1',
  'connection' => 'close',
  'host' => 'shop.com',
)
[ info ] [ PARAM ] array (
)
[ info ] [ LANG ] C:\phpStudy\PHPTutorial\WWW\shop/application/admin\lang\zh-cn.php
[ info ] [ RUN ] /**
     * 用户登录方法
     * @author  tangtanglove <dai_hang_love@126.com>
     */
Method [ <user> public method login ] {
  @@ C:\phpStudy\PHPTutorial\WWW\shop\application\admin\controller\Base.php 40 - 75
}

[ info ] [ VIEW ] C:\phpStudy\PHPTutorial\WWW\shop/application/admin\view\base\login.html [ array (
) ]
[ info ] [ LOG ] INIT file

---------------------------------------------------------------
[ 2019-04-26T14:24:49+08:00 ] 127.0.0.1 127.0.0.1 GET /admin.php/base/captcha.html
[ log ] shop.com/admin.php/base/captcha.html [运行时间：0.192503s][吞吐率：5.19req/s] [内存消耗：1,626.98kb] [文件加载：48]
[ info ] [ DB ] INIT mysql
[ info ] [ LANG ] C:\phpStudy\PHPTutorial\WWW\shop\core\lang\zh-cn.php
[ info ] [ ROUTE ] array (
  'type' => 'module',
  'module' => 
  array (
    0 => 'admin',
    1 => 'base',
    2 => 'captcha',
  ),
)
[ info ] [ HEADER ] array (
  'cookie' => 'pgv_pvi=2544536576; think_var=zh-cn; PHPSESSID=lsodll998ibf8s1faebnetnhi3',
  'accept-language' => 'zh-CN,zh;q=0.9',
  'accept-encoding' => 'gzip, deflate',
  'referer' => 'http://shop.com/admin.php/base/login.html',
  'accept' => 'image/webp,image/apng,image/*,*/*;q=0.8',
  'user-agent' => 'Mozilla/5.0 (Windows NT 6.1; Win64; x64) AppleWebKit/537.36 (KHTML, like Gecko) Chrome/70.0.3538.110 Safari/537.36',
  'connection' => 'close',
  'host' => 'shop.com',
)
[ info ] [ PARAM ] array (
)
[ info ] [ LANG ] C:\phpStudy\PHPTutorial\WWW\shop/application/admin\lang\zh-cn.php
[ info ] [ RUN ] /**
     * 系统验证码方法
     * @author  tangtanglove <dai_hang_love@126.com>
     */
Method [ <user> public method captcha ] {
  @@ C:\phpStudy\PHPTutorial\WWW\shop\application\admin\controller\Base.php 81 - 85
}

[ info ] [ SESSION ] INIT array (
  'id' => '',
  'var_session_id' => 'session_id',
  'prefix' => 'minishop',
  'type' => '',
  'auto_start' => true,
)
[ info ] [ LOG ] INIT file

---------------------------------------------------------------
[ 2019-04-26T14:24:54+08:00 ] 127.0.0.1 127.0.0.1 POST /admin.php/base/login.html
[ log ] shop.com/admin.php/base/login.html [运行时间：0.080000s][吞吐率：12.50req/s] [内存消耗：1,772.05kb] [文件加载：52]
[ info ] [ DB ] INIT mysql
[ info ] [ LANG ] C:\phpStudy\PHPTutorial\WWW\shop\core\lang\zh-cn.php
[ info ] [ ROUTE ] array (
  'type' => 'module',
  'module' => 
  array (
    0 => 'admin',
    1 => 'base',
    2 => 'login',
  ),
)
[ info ] [ HEADER ] array (
  'cookie' => 'pgv_pvi=2544536576; think_var=zh-cn; PHPSESSID=lsodll998ibf8s1faebnetnhi3',
  'accept-language' => 'zh-CN,zh;q=0.9',
  'accept-encoding' => 'gzip, deflate',
  'referer' => 'http://shop.com/admin.php/base/login.html',
  'user-agent' => 'Mozilla/5.0 (Windows NT 6.1; Win64; x64) AppleWebKit/537.36 (KHTML, like Gecko) Chrome/70.0.3538.110 Safari/537.36',
  'x-requested-with' => 'XMLHttpRequest',
  'origin' => 'http://shop.com',
  'accept' => '*/*',
  'connection' => 'close',
  'host' => 'shop.com',
  'content-type' => 'application/x-www-form-urlencoded; charset=UTF-8',
  'content-length' => '41',
)
[ info ] [ PARAM ] array (
  'username' => 'admin',
  'password' => 'admin',
  'captcha' => 'zk8',
)
[ info ] [ LANG ] C:\phpStudy\PHPTutorial\WWW\shop/application/admin\lang\zh-cn.php
[ info ] [ RUN ] /**
     * 用户登录方法
     * @author  tangtanglove <dai_hang_love@126.com>
     */
Method [ <user> public method login ] {
  @@ C:\phpStudy\PHPTutorial\WWW\shop\application\admin\controller\Base.php 40 - 75
}

[ info ] [ SESSION ] INIT array (
  'id' => '',
  'var_session_id' => 'session_id',
  'prefix' => 'minishop',
  'type' => '',
  'auto_start' => true,
)
[ info ] [ LOG ] INIT file

---------------------------------------------------------------
[ 2019-04-26T14:24:58+08:00 ] 127.0.0.1 127.0.0.1 GET /admin.php/base/captcha.html?0.09746519084482608
[ log ] shop.com/admin.php/base/captcha.html?0.09746519084482608 [运行时间：0.055000s][吞吐率：18.18req/s] [内存消耗：1,627.35kb] [文件加载：48]
[ info ] [ DB ] INIT mysql
[ info ] [ LANG ] C:\phpStudy\PHPTutorial\WWW\shop\core\lang\zh-cn.php
[ info ] [ ROUTE ] array (
  'type' => 'module',
  'module' => 
  array (
    0 => 'admin',
    1 => 'base',
    2 => 'captcha',
  ),
)
[ info ] [ HEADER ] array (
  'cookie' => 'pgv_pvi=2544536576; think_var=zh-cn; PHPSESSID=lsodll998ibf8s1faebnetnhi3',
  'accept-language' => 'zh-CN,zh;q=0.9',
  'accept-encoding' => 'gzip, deflate',
  'referer' => 'http://shop.com/admin.php/base/login.html',
  'accept' => 'image/webp,image/apng,image/*,*/*;q=0.8',
  'user-agent' => 'Mozilla/5.0 (Windows NT 6.1; Win64; x64) AppleWebKit/537.36 (KHTML, like Gecko) Chrome/70.0.3538.110 Safari/537.36',
  'connection' => 'close',
  'host' => 'shop.com',
)
[ info ] [ PARAM ] array (
  '0_09746519084482608' => '',
)
[ info ] [ LANG ] C:\phpStudy\PHPTutorial\WWW\shop/application/admin\lang\zh-cn.php
[ info ] [ RUN ] /**
     * 系统验证码方法
     * @author  tangtanglove <dai_hang_love@126.com>
     */
Method [ <user> public method captcha ] {
  @@ C:\phpStudy\PHPTutorial\WWW\shop\application\admin\controller\Base.php 81 - 85
}

[ info ] [ SESSION ] INIT array (
  'id' => '',
  'var_session_id' => 'session_id',
  'prefix' => 'minishop',
  'type' => '',
  'auto_start' => true,
)
[ info ] [ LOG ] INIT file

---------------------------------------------------------------
[ 2019-04-26T14:25:04+08:00 ] 127.0.0.1 127.0.0.1 POST /admin.php/base/login.html
[ log ] shop.com/admin.php/base/login.html [运行时间：0.052501s][吞吐率：19.05req/s] [内存消耗：1,818.44kb] [文件加载：53]
[ info ] [ DB ] INIT mysql
[ info ] [ LANG ] C:\phpStudy\PHPTutorial\WWW\shop\core\lang\zh-cn.php
[ info ] [ ROUTE ] array (
  'type' => 'module',
  'module' => 
  array (
    0 => 'admin',
    1 => 'base',
    2 => 'login',
  ),
)
[ info ] [ HEADER ] array (
  'cookie' => 'pgv_pvi=2544536576; think_var=zh-cn; PHPSESSID=lsodll998ibf8s1faebnetnhi3',
  'accept-language' => 'zh-CN,zh;q=0.9',
  'accept-encoding' => 'gzip, deflate',
  'referer' => 'http://shop.com/admin.php/base/login.html',
  'user-agent' => 'Mozilla/5.0 (Windows NT 6.1; Win64; x64) AppleWebKit/537.36 (KHTML, like Gecko) Chrome/70.0.3538.110 Safari/537.36',
  'x-requested-with' => 'XMLHttpRequest',
  'origin' => 'http://shop.com',
  'accept' => '*/*',
  'connection' => 'close',
  'host' => 'shop.com',
  'content-type' => 'application/x-www-form-urlencoded; charset=UTF-8',
  'content-length' => '41',
)
[ info ] [ PARAM ] array (
  'username' => 'admin',
  'password' => 'admin',
  'captcha' => 'yqb',
)
[ info ] [ LANG ] C:\phpStudy\PHPTutorial\WWW\shop/application/admin\lang\zh-cn.php
[ info ] [ RUN ] /**
     * 用户登录方法
     * @author  tangtanglove <dai_hang_love@126.com>
     */
Method [ <user> public method login ] {
  @@ C:\phpStudy\PHPTutorial\WWW\shop\application\admin\controller\Base.php 40 - 75
}

[ info ] [ SESSION ] INIT array (
  'id' => '',
  'var_session_id' => 'session_id',
  'prefix' => 'minishop',
  'type' => '',
  'auto_start' => true,
)
[ info ] [ LOG ] INIT file

---------------------------------------------------------------
[ 2019-04-26T14:25:07+08:00 ] 127.0.0.1 127.0.0.1 GET /admin.php/index/index.html
[ log ] shop.com/admin.php/index/index.html [运行时间：0.272505s][吞吐率：3.67req/s] [内存消耗：1,735.01kb] [文件加载：53]
[ info ] [ DB ] INIT mysql
[ info ] [ LANG ] C:\phpStudy\PHPTutorial\WWW\shop\core\lang\zh-cn.php
[ info ] [ ROUTE ] array (
  'type' => 'module',
  'module' => 
  array (
    0 => 'admin',
    1 => 'index',
    2 => 'index',
  ),
)
[ info ] [ HEADER ] array (
  'cookie' => 'pgv_pvi=2544536576; think_var=zh-cn; PHPSESSID=lsodll998ibf8s1faebnetnhi3',
  'accept-language' => 'zh-CN,zh;q=0.9',
  'accept-encoding' => 'gzip, deflate',
  'referer' => 'http://shop.com/admin.php/base/login.html',
  'accept' => 'text/html,application/xhtml+xml,application/xml;q=0.9,image/webp,image/apng,*/*;q=0.8',
  'user-agent' => 'Mozilla/5.0 (Windows NT 6.1; Win64; x64) AppleWebKit/537.36 (KHTML, like Gecko) Chrome/70.0.3538.110 Safari/537.36',
  'upgrade-insecure-requests' => '1',
  'connection' => 'close',
  'host' => 'shop.com',
)
[ info ] [ PARAM ] array (
)
[ info ] [ LANG ] C:\phpStudy\PHPTutorial\WWW\shop/application/admin\lang\zh-cn.php
[ info ] [ SESSION ] INIT array (
  'id' => '',
  'var_session_id' => 'session_id',
  'prefix' => 'minishop',
  'type' => '',
  'auto_start' => true,
)
[ info ] [ RUN ] Method [ <user> public method index ] {
  @@ C:\phpStudy\PHPTutorial\WWW\shop\application\admin\controller\Index.php 21 - 38
}

[ info ] [ VIEW ] C:\phpStudy\PHPTutorial\WWW\shop/application/admin\view\index\index.html [ array (
  0 => 'menuTree',
  1 => 'version',
  2 => 'new_ver',
  3 => 'user_num',
  4 => 'post_num',
) ]
[ info ] [ CACHE ] INIT File
[ info ] [ LOG ] INIT file

---------------------------------------------------------------
[ 2019-04-26T14:25:10+08:00 ] 127.0.0.1 127.0.0.1 GET /admin.php/post/index.html
[ log ] shop.com/admin.php/post/index.html [运行时间：0.197503s][吞吐率：5.06req/s] [内存消耗：1,904.88kb] [文件加载：57]
[ info ] [ DB ] INIT mysql
[ info ] [ LANG ] C:\phpStudy\PHPTutorial\WWW\shop\core\lang\zh-cn.php
[ info ] [ ROUTE ] array (
  'type' => 'module',
  'module' => 
  array (
    0 => 'admin',
    1 => 'post',
    2 => 'index',
  ),
)
[ info ] [ HEADER ] array (
  'cookie' => 'pgv_pvi=2544536576; think_var=zh-cn; PHPSESSID=lsodll998ibf8s1faebnetnhi3',
  'accept-language' => 'zh-CN,zh;q=0.9',
  'accept-encoding' => 'gzip, deflate',
  'referer' => 'http://shop.com/admin.php/index/index.html',
  'accept' => 'text/html,application/xhtml+xml,application/xml;q=0.9,image/webp,image/apng,*/*;q=0.8',
  'user-agent' => 'Mozilla/5.0 (Windows NT 6.1; Win64; x64) AppleWebKit/537.36 (KHTML, like Gecko) Chrome/70.0.3538.110 Safari/537.36',
  'upgrade-insecure-requests' => '1',
  'connection' => 'close',
  'host' => 'shop.com',
)
[ info ] [ PARAM ] array (
)
[ info ] [ LANG ] C:\phpStudy\PHPTutorial\WWW\shop/application/admin\lang\zh-cn.php
[ info ] [ SESSION ] INIT array (
  'id' => '',
  'var_session_id' => 'session_id',
  'prefix' => 'minishop',
  'type' => '',
  'auto_start' => true,
)
[ info ] [ RUN ] /**
     * 文章列表
     * @author tangtanglove
     */
Method [ <user> public method index ] {
  @@ C:\phpStudy\PHPTutorial\WWW\shop\application\admin\controller\Post.php 36 - 82
}

[ info ] [ VIEW ] C:\phpStudy\PHPTutorial\WWW\shop/application/admin\view\post\index.html [ array (
  0 => 'menuTree',
  1 => 'postsList',
  2 => 'status',
  3 => 'category',
  4 => 'termTaxonomySelectTree',
) ]
[ info ] [ CACHE ] INIT File
[ info ] [ LOG ] INIT file

---------------------------------------------------------------
[ 2019-04-26T14:25:15+08:00 ] 127.0.0.1 127.0.0.1 GET /admin.php/post/add.html
[ log ] shop.com/admin.php/post/add.html [运行时间：0.120001s][吞吐率：8.33req/s] [内存消耗：1,804.51kb] [文件加载：53]
[ info ] [ DB ] INIT mysql
[ info ] [ LANG ] C:\phpStudy\PHPTutorial\WWW\shop\core\lang\zh-cn.php
[ info ] [ ROUTE ] array (
  'type' => 'module',
  'module' => 
  array (
    0 => 'admin',
    1 => 'post',
    2 => 'add',
  ),
)
[ info ] [ HEADER ] array (
  'cookie' => 'pgv_pvi=2544536576; think_var=zh-cn; PHPSESSID=lsodll998ibf8s1faebnetnhi3',
  'accept-language' => 'zh-CN,zh;q=0.9',
  'accept-encoding' => 'gzip, deflate',
  'referer' => 'http://shop.com/admin.php/post/index.html',
  'accept' => 'text/html,application/xhtml+xml,application/xml;q=0.9,image/webp,image/apng,*/*;q=0.8',
  'user-agent' => 'Mozilla/5.0 (Windows NT 6.1; Win64; x64) AppleWebKit/537.36 (KHTML, like Gecko) Chrome/70.0.3538.110 Safari/537.36',
  'upgrade-insecure-requests' => '1',
  'connection' => 'close',
  'host' => 'shop.com',
)
[ info ] [ PARAM ] array (
)
[ info ] [ LANG ] C:\phpStudy\PHPTutorial\WWW\shop/application/admin\lang\zh-cn.php
[ info ] [ SESSION ] INIT array (
  'id' => '',
  'var_session_id' => 'session_id',
  'prefix' => 'minishop',
  'type' => '',
  'auto_start' => true,
)
[ info ] [ RUN ] /**
     * 添加文章
     * @author tangtanglove
     */
Method [ <user> public method add ] {
  @@ C:\phpStudy\PHPTutorial\WWW\shop\application\admin\controller\Post.php 88 - 149
}

[ info ] [ VIEW ] C:\phpStudy\PHPTutorial\WWW\shop/application/admin\view\post\add.html [ array (
  0 => 'menuTree',
  1 => 'termTaxonomyTree',
) ]
[ info ] [ CACHE ] INIT File
[ info ] [ LOG ] INIT file

---------------------------------------------------------------
[ 2019-04-26T14:25:15+08:00 ] 127.0.0.1 127.0.0.1 GET /admin.php/ueditor/index.html?action=config&&noCache=1556259915527
[ log ] shop.com/admin.php/ueditor/index.html?action=config&&noCache=1556259915527 [运行时间：0.095002s][吞吐率：10.53req/s] [内存消耗：1,649.32kb] [文件加载：48]
[ info ] [ DB ] INIT mysql
[ info ] [ LANG ] C:\phpStudy\PHPTutorial\WWW\shop\core\lang\zh-cn.php
[ info ] [ ROUTE ] array (
  'type' => 'module',
  'module' => 
  array (
    0 => 'admin',
    1 => 'ueditor',
    2 => 'index',
  ),
)
[ info ] [ HEADER ] array (
  'cookie' => 'pgv_pvi=2544536576; think_var=zh-cn; PHPSESSID=lsodll998ibf8s1faebnetnhi3',
  'accept-language' => 'zh-CN,zh;q=0.9',
  'accept-encoding' => 'gzip, deflate',
  'referer' => 'http://shop.com/admin.php/post/add.html',
  'accept' => '*/*',
  'user-agent' => 'Mozilla/5.0 (Windows NT 6.1; Win64; x64) AppleWebKit/537.36 (KHTML, like Gecko) Chrome/70.0.3538.110 Safari/537.36',
  'connection' => 'close',
  'host' => 'shop.com',
)
[ info ] [ PARAM ] array (
  'action' => 'config',
  'noCache' => '1556259915527',
)
[ info ] [ LANG ] C:\phpStudy\PHPTutorial\WWW\shop/application/admin\lang\zh-cn.php
[ info ] [ SESSION ] INIT array (
  'id' => '',
  'var_session_id' => 'session_id',
  'prefix' => 'minishop',
  'type' => '',
  'auto_start' => true,
)
[ info ] [ RUN ] /**
     * 上传文件
     * @author tangtanglove <dai_hang_love@126.com>
     */
Method [ <user> public method index ] {
  @@ C:\phpStudy\PHPTutorial\WWW\shop\application\admin\controller\Ueditor.php 27 - 81
}

[ info ] [ LOG ] INIT file

---------------------------------------------------------------
[ 2019-04-26T14:25:16+08:00 ] 127.0.0.1 127.0.0.1 GET /admin.php/post/index.html
[ log ] shop.com/admin.php/post/index.html [运行时间：0.115002s][吞吐率：8.70req/s] [内存消耗：1,905.00kb] [文件加载：57]
[ info ] [ DB ] INIT mysql
[ info ] [ LANG ] C:\phpStudy\PHPTutorial\WWW\shop\core\lang\zh-cn.php
[ info ] [ ROUTE ] array (
  'type' => 'module',
  'module' => 
  array (
    0 => 'admin',
    1 => 'post',
    2 => 'index',
  ),
)
[ info ] [ HEADER ] array (
  'cookie' => 'pgv_pvi=2544536576; think_var=zh-cn; PHPSESSID=lsodll998ibf8s1faebnetnhi3',
  'accept-language' => 'zh-CN,zh;q=0.9',
  'accept-encoding' => 'gzip, deflate',
  'referer' => 'http://shop.com/admin.php/post/add.html',
  'accept' => 'text/html,application/xhtml+xml,application/xml;q=0.9,image/webp,image/apng,*/*;q=0.8',
  'user-agent' => 'Mozilla/5.0 (Windows NT 6.1; Win64; x64) AppleWebKit/537.36 (KHTML, like Gecko) Chrome/70.0.3538.110 Safari/537.36',
  'upgrade-insecure-requests' => '1',
  'connection' => 'close',
  'host' => 'shop.com',
)
[ info ] [ PARAM ] array (
)
[ info ] [ LANG ] C:\phpStudy\PHPTutorial\WWW\shop/application/admin\lang\zh-cn.php
[ info ] [ SESSION ] INIT array (
  'id' => '',
  'var_session_id' => 'session_id',
  'prefix' => 'minishop',
  'type' => '',
  'auto_start' => true,
)
[ info ] [ RUN ] /**
     * 文章列表
     * @author tangtanglove
     */
Method [ <user> public method index ] {
  @@ C:\phpStudy\PHPTutorial\WWW\shop\application\admin\controller\Post.php 36 - 82
}

[ info ] [ VIEW ] C:\phpStudy\PHPTutorial\WWW\shop/application/admin\view\post\index.html [ array (
  0 => 'menuTree',
  1 => 'postsList',
  2 => 'status',
  3 => 'category',
  4 => 'termTaxonomySelectTree',
) ]
[ info ] [ CACHE ] INIT File
[ info ] [ LOG ] INIT file

---------------------------------------------------------------
[ 2019-04-26T14:31:32+08:00 ] 127.0.0.1 127.0.0.1 GET /admin.php/goods/index.html
[ log ] shop.com/admin.php/goods/index.html [运行时间：0.200003s][吞吐率：5.00req/s] [内存消耗：2,083.46kb] [文件加载：62]
[ info ] [ DB ] INIT mysql
[ info ] [ LANG ] C:\phpStudy\PHPTutorial\WWW\shop\core\lang\zh-cn.php
[ info ] [ ROUTE ] array (
  'type' => 'module',
  'module' => 
  array (
    0 => 'admin',
    1 => 'goods',
    2 => 'index',
  ),
)
[ info ] [ HEADER ] array (
  'cookie' => 'pgv_pvi=2544536576; think_var=zh-cn; PHPSESSID=lsodll998ibf8s1faebnetnhi3',
  'accept-language' => 'zh-CN,zh;q=0.9',
  'accept-encoding' => 'gzip, deflate',
  'referer' => 'http://shop.com/admin.php/post/index.html',
  'accept' => 'text/html,application/xhtml+xml,application/xml;q=0.9,image/webp,image/apng,*/*;q=0.8',
  'user-agent' => 'Mozilla/5.0 (Windows NT 6.1; Win64; x64) AppleWebKit/537.36 (KHTML, like Gecko) Chrome/70.0.3538.110 Safari/537.36',
  'upgrade-insecure-requests' => '1',
  'connection' => 'close',
  'host' => 'shop.com',
)
[ info ] [ PARAM ] array (
)
[ info ] [ LANG ] C:\phpStudy\PHPTutorial\WWW\shop/application/admin\lang\zh-cn.php
[ info ] [ SESSION ] INIT array (
  'id' => '',
  'var_session_id' => 'session_id',
  'prefix' => 'minishop',
  'type' => '',
  'auto_start' => true,
)
[ info ] [ RUN ] /**
     * 商品列表
     * @author tangtanglove
     */
Method [ <user> public method index ] {
  @@ C:\phpStudy\PHPTutorial\WWW\shop\application\admin\controller\Goods.php 28 - 70
}

[ info ] [ VIEW ] C:\phpStudy\PHPTutorial\WWW\shop/application/admin\view\goods\index.html [ array (
  0 => 'menuTree',
  1 => 'status',
  2 => 'category',
  3 => 'goodsCateTree',
  4 => 'goodsList',
) ]
[ info ] [ CACHE ] INIT File
[ info ] [ LOG ] INIT file

---------------------------------------------------------------
[ 2019-04-26T14:31:34+08:00 ] 127.0.0.1 127.0.0.1 GET /admin.php/goods/goodsadd.html
[ log ] shop.com/admin.php/goods/goodsadd.html [运行时间：0.217503s][吞吐率：4.60req/s] [内存消耗：1,993.59kb] [文件加载：58]
[ info ] [ DB ] INIT mysql
[ info ] [ LANG ] C:\phpStudy\PHPTutorial\WWW\shop\core\lang\zh-cn.php
[ info ] [ ROUTE ] array (
  'type' => 'module',
  'module' => 
  array (
    0 => 'admin',
    1 => 'goods',
    2 => 'goodsadd',
  ),
)
[ info ] [ HEADER ] array (
  'cookie' => 'pgv_pvi=2544536576; think_var=zh-cn; PHPSESSID=lsodll998ibf8s1faebnetnhi3',
  'accept-language' => 'zh-CN,zh;q=0.9',
  'accept-encoding' => 'gzip, deflate',
  'referer' => 'http://shop.com/admin.php/goods/index.html',
  'accept' => 'text/html,application/xhtml+xml,application/xml;q=0.9,image/webp,image/apng,*/*;q=0.8',
  'user-agent' => 'Mozilla/5.0 (Windows NT 6.1; Win64; x64) AppleWebKit/537.36 (KHTML, like Gecko) Chrome/70.0.3538.110 Safari/537.36',
  'upgrade-insecure-requests' => '1',
  'connection' => 'close',
  'host' => 'shop.com',
)
[ info ] [ PARAM ] array (
)
[ info ] [ LANG ] C:\phpStudy\PHPTutorial\WWW\shop/application/admin\lang\zh-cn.php
[ info ] [ SESSION ] INIT array (
  'id' => '',
  'var_session_id' => 'session_id',
  'prefix' => 'minishop',
  'type' => '',
  'auto_start' => true,
)
[ info ] [ RUN ] /**
     * 添加商品
     * @author tangtanglove
     */
Method [ <user> public method goodsadd ] {
  @@ C:\phpStudy\PHPTutorial\WWW\shop\application\admin\controller\Goods.php 76 - 147
}

[ info ] [ VIEW ] C:\phpStudy\PHPTutorial\WWW\shop/application/admin\view\goods\goodsadd.html [ array (
  0 => 'menuTree',
  1 => 'goodsCateTree',
) ]
[ info ] [ CACHE ] INIT File
[ info ] [ LOG ] INIT file

---------------------------------------------------------------
[ 2019-04-26T14:31:35+08:00 ] 127.0.0.1 127.0.0.1 GET /admin.php/ueditor/index.html?action=config&&noCache=1556260295181
[ log ] shop.com/admin.php/ueditor/index.html?action=config&&noCache=1556260295181 [运行时间：0.077501s][吞吐率：12.90req/s] [内存消耗：1,649.15kb] [文件加载：48]
[ info ] [ DB ] INIT mysql
[ info ] [ LANG ] C:\phpStudy\PHPTutorial\WWW\shop\core\lang\zh-cn.php
[ info ] [ ROUTE ] array (
  'type' => 'module',
  'module' => 
  array (
    0 => 'admin',
    1 => 'ueditor',
    2 => 'index',
  ),
)
[ info ] [ HEADER ] array (
  'cookie' => 'pgv_pvi=2544536576; think_var=zh-cn; PHPSESSID=lsodll998ibf8s1faebnetnhi3',
  'accept-language' => 'zh-CN,zh;q=0.9',
  'accept-encoding' => 'gzip, deflate',
  'referer' => 'http://shop.com/admin.php/goods/goodsadd.html',
  'accept' => '*/*',
  'user-agent' => 'Mozilla/5.0 (Windows NT 6.1; Win64; x64) AppleWebKit/537.36 (KHTML, like Gecko) Chrome/70.0.3538.110 Safari/537.36',
  'connection' => 'close',
  'host' => 'shop.com',
)
[ info ] [ PARAM ] array (
  'action' => 'config',
  'noCache' => '1556260295181',
)
[ info ] [ LANG ] C:\phpStudy\PHPTutorial\WWW\shop/application/admin\lang\zh-cn.php
[ info ] [ SESSION ] INIT array (
  'id' => '',
  'var_session_id' => 'session_id',
  'prefix' => 'minishop',
  'type' => '',
  'auto_start' => true,
)
[ info ] [ RUN ] /**
     * 上传文件
     * @author tangtanglove <dai_hang_love@126.com>
     */
Method [ <user> public method index ] {
  @@ C:\phpStudy\PHPTutorial\WWW\shop\application\admin\controller\Ueditor.php 27 - 81
}

[ info ] [ LOG ] INIT file

---------------------------------------------------------------
[ 2019-04-26T14:31:37+08:00 ] 127.0.0.1 127.0.0.1 GET /admin.php/goods/category.html
[ log ] shop.com/admin.php/goods/category.html [运行时间：0.195003s][吞吐率：5.13req/s] [内存消耗：1,993.04kb] [文件加载：58]
[ info ] [ DB ] INIT mysql
[ info ] [ LANG ] C:\phpStudy\PHPTutorial\WWW\shop\core\lang\zh-cn.php
[ info ] [ ROUTE ] array (
  'type' => 'module',
  'module' => 
  array (
    0 => 'admin',
    1 => 'goods',
    2 => 'category',
  ),
)
[ info ] [ HEADER ] array (
  'cookie' => 'pgv_pvi=2544536576; think_var=zh-cn; PHPSESSID=lsodll998ibf8s1faebnetnhi3',
  'accept-language' => 'zh-CN,zh;q=0.9',
  'accept-encoding' => 'gzip, deflate',
  'referer' => 'http://shop.com/admin.php/goods/goodsadd.html',
  'accept' => 'text/html,application/xhtml+xml,application/xml;q=0.9,image/webp,image/apng,*/*;q=0.8',
  'user-agent' => 'Mozilla/5.0 (Windows NT 6.1; Win64; x64) AppleWebKit/537.36 (KHTML, like Gecko) Chrome/70.0.3538.110 Safari/537.36',
  'upgrade-insecure-requests' => '1',
  'connection' => 'close',
  'host' => 'shop.com',
)
[ info ] [ PARAM ] array (
)
[ info ] [ LANG ] C:\phpStudy\PHPTutorial\WWW\shop/application/admin\lang\zh-cn.php
[ info ] [ SESSION ] INIT array (
  'id' => '',
  'var_session_id' => 'session_id',
  'prefix' => 'minishop',
  'type' => '',
  'auto_start' => true,
)
[ info ] [ RUN ] /**
     * 产品分类
     * @author tangtanglove
     */
Method [ <user> public method category ] {
  @@ C:\phpStudy\PHPTutorial\WWW\shop\application\admin\controller\Goods.php 286 - 310
}

[ info ] [ VIEW ] C:\phpStudy\PHPTutorial\WWW\shop/application/admin\view\goods\category.html [ array (
  0 => 'menuTree',
  1 => 'goodsCateList',
  2 => 'goodsCateTree',
  3 => 'goodsCateSelectTree',
) ]
[ info ] [ CACHE ] INIT File
[ info ] [ LOG ] INIT file

---------------------------------------------------------------
[ 2019-04-26T14:35:54+08:00 ] 127.0.0.1 127.0.0.1 GET /admin.php/post/index.html
[ log ] shop.com/admin.php/post/index.html [运行时间：0.175003s][吞吐率：5.71req/s] [内存消耗：1,904.86kb] [文件加载：57]
[ info ] [ DB ] INIT mysql
[ info ] [ LANG ] C:\phpStudy\PHPTutorial\WWW\shop\core\lang\zh-cn.php
[ info ] [ ROUTE ] array (
  'type' => 'module',
  'module' => 
  array (
    0 => 'admin',
    1 => 'post',
    2 => 'index',
  ),
)
[ info ] [ HEADER ] array (
  'cookie' => 'pgv_pvi=2544536576; think_var=zh-cn; PHPSESSID=lsodll998ibf8s1faebnetnhi3',
  'accept-language' => 'zh-CN,zh;q=0.9',
  'accept-encoding' => 'gzip, deflate',
  'referer' => 'http://shop.com/admin.php/goods/category.html',
  'accept' => 'text/html,application/xhtml+xml,application/xml;q=0.9,image/webp,image/apng,*/*;q=0.8',
  'user-agent' => 'Mozilla/5.0 (Windows NT 6.1; Win64; x64) AppleWebKit/537.36 (KHTML, like Gecko) Chrome/70.0.3538.110 Safari/537.36',
  'upgrade-insecure-requests' => '1',
  'connection' => 'close',
  'host' => 'shop.com',
)
[ info ] [ PARAM ] array (
)
[ info ] [ LANG ] C:\phpStudy\PHPTutorial\WWW\shop/application/admin\lang\zh-cn.php
[ info ] [ SESSION ] INIT array (
  'id' => '',
  'var_session_id' => 'session_id',
  'prefix' => 'minishop',
  'type' => '',
  'auto_start' => true,
)
[ info ] [ RUN ] /**
     * 文章列表
     * @author tangtanglove
     */
Method [ <user> public method index ] {
  @@ C:\phpStudy\PHPTutorial\WWW\shop\application\admin\controller\Post.php 36 - 82
}

[ info ] [ VIEW ] C:\phpStudy\PHPTutorial\WWW\shop/application/admin\view\post\index.html [ array (
  0 => 'menuTree',
  1 => 'postsList',
  2 => 'status',
  3 => 'category',
  4 => 'termTaxonomySelectTree',
) ]
[ info ] [ CACHE ] INIT File
[ info ] [ LOG ] INIT file

---------------------------------------------------------------
[ 2019-04-26T16:25:26+08:00 ] 127.0.0.1 127.0.0.1 GET /admin.php/goods/category.html
[ log ] shop.com/admin.php/goods/category.html [运行时间：0.106006s][吞吐率：9.43req/s] [内存消耗：1,796.88kb] [文件加载：53]
[ info ] [ DB ] INIT mysql
[ info ] [ LANG ] C:\phpStudy\PHPTutorial\WWW\shop\core\lang\zh-cn.php
[ info ] [ ROUTE ] array (
  'type' => 'module',
  'module' => 
  array (
    0 => 'admin',
    1 => 'goods',
    2 => 'category',
  ),
)
[ info ] [ HEADER ] array (
  'cookie' => 'pgv_pvi=2544536576; PHPSESSID=lsodll998ibf8s1faebnetnhi3',
  'accept-language' => 'zh-CN,zh;q=0.9',
  'accept-encoding' => 'gzip, deflate',
  'referer' => 'http://shop.com/admin.php/post/index.html',
  'accept' => 'text/html,application/xhtml+xml,application/xml;q=0.9,image/webp,image/apng,*/*;q=0.8',
  'user-agent' => 'Mozilla/5.0 (Windows NT 6.1; Win64; x64) AppleWebKit/537.36 (KHTML, like Gecko) Chrome/70.0.3538.110 Safari/537.36',
  'upgrade-insecure-requests' => '1',
  'connection' => 'close',
  'host' => 'shop.com',
)
[ info ] [ PARAM ] array (
)
[ info ] [ LANG ] C:\phpStudy\PHPTutorial\WWW\shop/application/admin\lang\zh-cn.php
[ info ] [ SESSION ] INIT array (
  'id' => '',
  'var_session_id' => 'session_id',
  'prefix' => 'minishop',
  'type' => '',
  'auto_start' => true,
)
[ info ] [ RUN ] /**
     * 产品分类
     * @author tangtanglove
     */
Method [ <user> public method category ] {
  @@ C:\phpStudy\PHPTutorial\WWW\shop\application\admin\controller\Goods.php 286 - 310
}

[ info ] [ VIEW ] C:\phpStudy\PHPTutorial\WWW\shop/application/admin\view\goods\category.html [ array (
  0 => 'menuTree',
  1 => 'goodsCateList',
  2 => 'goodsCateTree',
  3 => 'goodsCateSelectTree',
) ]
[ info ] [ CACHE ] INIT File
[ info ] [ LOG ] INIT file

---------------------------------------------------------------
[ 2019-04-26T16:25:29+08:00 ] 127.0.0.1 127.0.0.1 GET /admin.php/order/index.html
[ log ] shop.com/admin.php/order/index.html [运行时间：0.182009s][吞吐率：5.49req/s] [内存消耗：1,870.89kb] [文件加载：57]
[ info ] [ DB ] INIT mysql
[ info ] [ LANG ] C:\phpStudy\PHPTutorial\WWW\shop\core\lang\zh-cn.php
[ info ] [ ROUTE ] array (
  'type' => 'module',
  'module' => 
  array (
    0 => 'admin',
    1 => 'order',
    2 => 'index',
  ),
)
[ info ] [ HEADER ] array (
  'cookie' => 'pgv_pvi=2544536576; PHPSESSID=lsodll998ibf8s1faebnetnhi3; think_var=zh-cn; pgv_si=s5162878976',
  'accept-language' => 'zh-CN,zh;q=0.9',
  'accept-encoding' => 'gzip, deflate',
  'referer' => 'http://shop.com/admin.php/goods/category.html',
  'accept' => 'text/html,application/xhtml+xml,application/xml;q=0.9,image/webp,image/apng,*/*;q=0.8',
  'user-agent' => 'Mozilla/5.0 (Windows NT 6.1; Win64; x64) AppleWebKit/537.36 (KHTML, like Gecko) Chrome/70.0.3538.110 Safari/537.36',
  'upgrade-insecure-requests' => '1',
  'connection' => 'close',
  'host' => 'shop.com',
)
[ info ] [ PARAM ] array (
)
[ info ] [ LANG ] C:\phpStudy\PHPTutorial\WWW\shop/application/admin\lang\zh-cn.php
[ info ] [ SESSION ] INIT array (
  'id' => '',
  'var_session_id' => 'session_id',
  'prefix' => 'minishop',
  'type' => '',
  'auto_start' => true,
)
[ info ] [ RUN ] /**
     * 订单列表
     * @author 
     */
Method [ <user> public method index ] {
  @@ C:\phpStudy\PHPTutorial\WWW\shop\application\admin\controller\Order.php 26 - 51
}

[ info ] [ VIEW ] C:\phpStudy\PHPTutorial\WWW\shop/application/admin\view\order\index.html [ array (
  0 => 'menuTree',
  1 => 'ordersList',
) ]
[ info ] [ CACHE ] INIT File
[ info ] [ LOG ] INIT file

---------------------------------------------------------------
[ 2019-04-26T16:25:35+08:00 ] 127.0.0.1 127.0.0.1 GET /admin.php/order/index.html
[ log ] shop.com/admin.php/order/index.html [运行时间：0.104006s][吞吐率：9.61req/s] [内存消耗：1,870.89kb] [文件加载：57]
[ info ] [ DB ] INIT mysql
[ info ] [ LANG ] C:\phpStudy\PHPTutorial\WWW\shop\core\lang\zh-cn.php
[ info ] [ ROUTE ] array (
  'type' => 'module',
  'module' => 
  array (
    0 => 'admin',
    1 => 'order',
    2 => 'index',
  ),
)
[ info ] [ HEADER ] array (
  'cookie' => 'pgv_pvi=2544536576; PHPSESSID=lsodll998ibf8s1faebnetnhi3; think_var=zh-cn; pgv_si=s5162878976',
  'accept-language' => 'zh-CN,zh;q=0.9',
  'accept-encoding' => 'gzip, deflate',
  'referer' => 'http://shop.com/admin.php/order/index.html',
  'accept' => 'text/html,application/xhtml+xml,application/xml;q=0.9,image/webp,image/apng,*/*;q=0.8',
  'user-agent' => 'Mozilla/5.0 (Windows NT 6.1; Win64; x64) AppleWebKit/537.36 (KHTML, like Gecko) Chrome/70.0.3538.110 Safari/537.36',
  'upgrade-insecure-requests' => '1',
  'connection' => 'close',
  'host' => 'shop.com',
)
[ info ] [ PARAM ] array (
)
[ info ] [ LANG ] C:\phpStudy\PHPTutorial\WWW\shop/application/admin\lang\zh-cn.php
[ info ] [ SESSION ] INIT array (
  'id' => '',
  'var_session_id' => 'session_id',
  'prefix' => 'minishop',
  'type' => '',
  'auto_start' => true,
)
[ info ] [ RUN ] /**
     * 订单列表
     * @author 
     */
Method [ <user> public method index ] {
  @@ C:\phpStudy\PHPTutorial\WWW\shop\application\admin\controller\Order.php 26 - 51
}

[ info ] [ VIEW ] C:\phpStudy\PHPTutorial\WWW\shop/application/admin\view\order\index.html [ array (
  0 => 'menuTree',
  1 => 'ordersList',
) ]
[ info ] [ CACHE ] INIT File
[ info ] [ LOG ] INIT file

---------------------------------------------------------------
[ 2019-04-26T16:25:37+08:00 ] 127.0.0.1 127.0.0.1 GET /admin.php/member/index.html
[ log ] shop.com/admin.php/member/index.html [运行时间：0.127006s][吞吐率：7.87req/s] [内存消耗：1,868.05kb] [文件加载：57]
[ info ] [ DB ] INIT mysql
[ info ] [ LANG ] C:\phpStudy\PHPTutorial\WWW\shop\core\lang\zh-cn.php
[ info ] [ ROUTE ] array (
  'type' => 'module',
  'module' => 
  array (
    0 => 'admin',
    1 => 'member',
    2 => 'index',
  ),
)
[ info ] [ HEADER ] array (
  'cookie' => 'pgv_pvi=2544536576; PHPSESSID=lsodll998ibf8s1faebnetnhi3; think_var=zh-cn; pgv_si=s5162878976',
  'accept-language' => 'zh-CN,zh;q=0.9',
  'accept-encoding' => 'gzip, deflate',
  'referer' => 'http://shop.com/admin.php/order/index.html',
  'accept' => 'text/html,application/xhtml+xml,application/xml;q=0.9,image/webp,image/apng,*/*;q=0.8',
  'user-agent' => 'Mozilla/5.0 (Windows NT 6.1; Win64; x64) AppleWebKit/537.36 (KHTML, like Gecko) Chrome/70.0.3538.110 Safari/537.36',
  'upgrade-insecure-requests' => '1',
  'connection' => 'close',
  'host' => 'shop.com',
)
[ info ] [ PARAM ] array (
)
[ info ] [ LANG ] C:\phpStudy\PHPTutorial\WWW\shop/application/admin\lang\zh-cn.php
[ info ] [ SESSION ] INIT array (
  'id' => '',
  'var_session_id' => 'session_id',
  'prefix' => 'minishop',
  'type' => '',
  'auto_start' => true,
)
[ info ] [ RUN ] Method [ <user> public method index ] {
  @@ C:\phpStudy\PHPTutorial\WWW\shop\application\admin\controller\Member.php 23 - 47
}

[ info ] [ VIEW ] C:\phpStudy\PHPTutorial\WWW\shop/application/admin\view\member\index.html [ array (
  0 => 'menuTree',
  1 => 'userList',
) ]
[ info ] [ CACHE ] INIT File
[ info ] [ LOG ] INIT file

---------------------------------------------------------------
[ 2019-04-26T16:25:41+08:00 ] 127.0.0.1 127.0.0.1 GET /admin.php/authmanager/index.html
[ log ] shop.com/admin.php/authmanager/index.html [运行时间：0.189010s][吞吐率：5.29req/s] [内存消耗：1,769.77kb] [文件加载：53]
[ info ] [ DB ] INIT mysql
[ info ] [ LANG ] C:\phpStudy\PHPTutorial\WWW\shop\core\lang\zh-cn.php
[ info ] [ ROUTE ] array (
  'type' => 'module',
  'module' => 
  array (
    0 => 'admin',
    1 => 'authmanager',
    2 => 'index',
  ),
)
[ info ] [ HEADER ] array (
  'cookie' => 'pgv_pvi=2544536576; PHPSESSID=lsodll998ibf8s1faebnetnhi3; think_var=zh-cn; pgv_si=s5162878976',
  'accept-language' => 'zh-CN,zh;q=0.9',
  'accept-encoding' => 'gzip, deflate',
  'referer' => 'http://shop.com/admin.php/member/index.html',
  'accept' => 'text/html,application/xhtml+xml,application/xml;q=0.9,image/webp,image/apng,*/*;q=0.8',
  'user-agent' => 'Mozilla/5.0 (Windows NT 6.1; Win64; x64) AppleWebKit/537.36 (KHTML, like Gecko) Chrome/70.0.3538.110 Safari/537.36',
  'upgrade-insecure-requests' => '1',
  'connection' => 'close',
  'host' => 'shop.com',
)
[ info ] [ PARAM ] array (
)
[ info ] [ LANG ] C:\phpStudy\PHPTutorial\WWW\shop/application/admin\lang\zh-cn.php
[ info ] [ SESSION ] INIT array (
  'id' => '',
  'var_session_id' => 'session_id',
  'prefix' => 'minishop',
  'type' => '',
  'auto_start' => true,
)
[ info ] [ RUN ] /**
	 * 授权首页
	 * @return [type] [description]
	 */
Method [ <user> public method index ] {
  @@ C:\phpStudy\PHPTutorial\WWW\shop\application\admin\controller\Authmanager.php 26 - 31
}

[ info ] [ VIEW ] C:\phpStudy\PHPTutorial\WWW\shop/application/admin\view\authmanager\index.html [ array (
  0 => 'menuTree',
  1 => 'userGroup',
) ]
[ info ] [ CACHE ] INIT File
[ info ] [ LOG ] INIT file

---------------------------------------------------------------
[ 2019-04-26T16:25:42+08:00 ] 127.0.0.1 127.0.0.1 GET /admin.php/config/edit.html
[ log ] shop.com/admin.php/config/edit.html [运行时间：0.176010s][吞吐率：5.68req/s] [内存消耗：1,743.24kb] [文件加载：53]
[ info ] [ DB ] INIT mysql
[ info ] [ LANG ] C:\phpStudy\PHPTutorial\WWW\shop\core\lang\zh-cn.php
[ info ] [ ROUTE ] array (
  'type' => 'module',
  'module' => 
  array (
    0 => 'admin',
    1 => 'config',
    2 => 'edit',
  ),
)
[ info ] [ HEADER ] array (
  'cookie' => 'pgv_pvi=2544536576; PHPSESSID=lsodll998ibf8s1faebnetnhi3; think_var=zh-cn; pgv_si=s5162878976',
  'accept-language' => 'zh-CN,zh;q=0.9',
  'accept-encoding' => 'gzip, deflate',
  'referer' => 'http://shop.com/admin.php/authmanager/index.html',
  'accept' => 'text/html,application/xhtml+xml,application/xml;q=0.9,image/webp,image/apng,*/*;q=0.8',
  'user-agent' => 'Mozilla/5.0 (Windows NT 6.1; Win64; x64) AppleWebKit/537.36 (KHTML, like Gecko) Chrome/70.0.3538.110 Safari/537.36',
  'upgrade-insecure-requests' => '1',
  'connection' => 'close',
  'host' => 'shop.com',
)
[ info ] [ PARAM ] array (
)
[ info ] [ LANG ] C:\phpStudy\PHPTutorial\WWW\shop/application/admin\lang\zh-cn.php
[ info ] [ SESSION ] INIT array (
  'id' => '',
  'var_session_id' => 'session_id',
  'prefix' => 'minishop',
  'type' => '',
  'auto_start' => true,
)
[ info ] [ RUN ] /**
     * 系统配置
     */
Method [ <user> public method edit ] {
  @@ C:\phpStudy\PHPTutorial\WWW\shop\application\admin\controller\Config.php 24 - 44
}

[ info ] [ VIEW ] C:\phpStudy\PHPTutorial\WWW\shop/application/admin\view\config\edit.html [ array (
  0 => 'menuTree',
  1 => 'list',
) ]
[ info ] [ CACHE ] INIT File
[ info ] [ LOG ] INIT file

---------------------------------------------------------------
[ 2019-04-26T16:25:43+08:00 ] 127.0.0.1 127.0.0.1 GET /admin.php/menu/index.html
[ log ] shop.com/admin.php/menu/index.html [运行时间：0.134007s][吞吐率：7.46req/s] [内存消耗：1,780.67kb] [文件加载：53]
[ info ] [ DB ] INIT mysql
[ info ] [ LANG ] C:\phpStudy\PHPTutorial\WWW\shop\core\lang\zh-cn.php
[ info ] [ ROUTE ] array (
  'type' => 'module',
  'module' => 
  array (
    0 => 'admin',
    1 => 'menu',
    2 => 'index',
  ),
)
[ info ] [ HEADER ] array (
  'cookie' => 'pgv_pvi=2544536576; PHPSESSID=lsodll998ibf8s1faebnetnhi3; think_var=zh-cn; pgv_si=s5162878976',
  'accept-language' => 'zh-CN,zh;q=0.9',
  'accept-encoding' => 'gzip, deflate',
  'referer' => 'http://shop.com/admin.php/config/edit.html',
  'accept' => 'text/html,application/xhtml+xml,application/xml;q=0.9,image/webp,image/apng,*/*;q=0.8',
  'user-agent' => 'Mozilla/5.0 (Windows NT 6.1; Win64; x64) AppleWebKit/537.36 (KHTML, like Gecko) Chrome/70.0.3538.110 Safari/537.36',
  'upgrade-insecure-requests' => '1',
  'connection' => 'close',
  'host' => 'shop.com',
)
[ info ] [ PARAM ] array (
)
[ info ] [ LANG ] C:\phpStudy\PHPTutorial\WWW\shop/application/admin\lang\zh-cn.php
[ info ] [ SESSION ] INIT array (
  'id' => '',
  'var_session_id' => 'session_id',
  'prefix' => 'minishop',
  'type' => '',
  'auto_start' => true,
)
[ info ] [ RUN ] /**
     * 后台菜单首页
     * @author  ILSunshine
     */
Method [ <user> public method index ] {
  @@ C:\phpStudy\PHPTutorial\WWW\shop\application\admin\controller\Menu.php 27 - 45
}

[ info ] [ VIEW ] C:\phpStudy\PHPTutorial\WWW\shop/application/admin\view\menu\index.html [ array (
  0 => 'menuTree',
  1 => 'menuListTree',
) ]
[ info ] [ CACHE ] INIT File
[ info ] [ LOG ] INIT file

---------------------------------------------------------------
[ 2019-04-26T16:25:45+08:00 ] 127.0.0.1 127.0.0.1 GET /admin.php/navigation/index.html
[ log ] shop.com/admin.php/navigation/index.html [运行时间：0.130008s][吞吐率：7.69req/s] [内存消耗：1,759.73kb] [文件加载：53]
[ info ] [ DB ] INIT mysql
[ info ] [ LANG ] C:\phpStudy\PHPTutorial\WWW\shop\core\lang\zh-cn.php
[ info ] [ ROUTE ] array (
  'type' => 'module',
  'module' => 
  array (
    0 => 'admin',
    1 => 'navigation',
    2 => 'index',
  ),
)
[ info ] [ HEADER ] array (
  'cookie' => 'pgv_pvi=2544536576; PHPSESSID=lsodll998ibf8s1faebnetnhi3; think_var=zh-cn; pgv_si=s5162878976',
  'accept-language' => 'zh-CN,zh;q=0.9',
  'accept-encoding' => 'gzip, deflate',
  'referer' => 'http://shop.com/admin.php/menu/index.html',
  'accept' => 'text/html,application/xhtml+xml,application/xml;q=0.9,image/webp,image/apng,*/*;q=0.8',
  'user-agent' => 'Mozilla/5.0 (Windows NT 6.1; Win64; x64) AppleWebKit/537.36 (KHTML, like Gecko) Chrome/70.0.3538.110 Safari/537.36',
  'upgrade-insecure-requests' => '1',
  'connection' => 'close',
  'host' => 'shop.com',
)
[ info ] [ PARAM ] array (
)
[ info ] [ LANG ] C:\phpStudy\PHPTutorial\WWW\shop/application/admin\lang\zh-cn.php
[ info ] [ SESSION ] INIT array (
  'id' => '',
  'var_session_id' => 'session_id',
  'prefix' => 'minishop',
  'type' => '',
  'auto_start' => true,
)
[ info ] [ RUN ] /**
     * 后台菜单首页
     * @author  ILSunshine
     */
Method [ <user> public method index ] {
  @@ C:\phpStudy\PHPTutorial\WWW\shop\application\admin\controller\Navigation.php 27 - 45
}

[ info ] [ VIEW ] C:\phpStudy\PHPTutorial\WWW\shop/application/admin\view\navigation\index.html [ array (
  0 => 'menuTree',
  1 => 'navigationListTree',
) ]
[ info ] [ CACHE ] INIT File
[ info ] [ LOG ] INIT file

---------------------------------------------------------------
[ 2019-04-26T16:25:47+08:00 ] 127.0.0.1 127.0.0.1 GET /admin.php/user/edit.html
[ log ] shop.com/admin.php/user/edit.html [运行时间：0.118007s][吞吐率：8.47req/s] [内存消耗：1,735.77kb] [文件加载：53]
[ info ] [ DB ] INIT mysql
[ info ] [ LANG ] C:\phpStudy\PHPTutorial\WWW\shop\core\lang\zh-cn.php
[ info ] [ ROUTE ] array (
  'type' => 'module',
  'module' => 
  array (
    0 => 'admin',
    1 => 'user',
    2 => 'edit',
  ),
)
[ info ] [ HEADER ] array (
  'cookie' => 'pgv_pvi=2544536576; PHPSESSID=lsodll998ibf8s1faebnetnhi3; think_var=zh-cn; pgv_si=s5162878976',
  'accept-language' => 'zh-CN,zh;q=0.9',
  'accept-encoding' => 'gzip, deflate',
  'referer' => 'http://shop.com/admin.php/navigation/index.html',
  'accept' => 'text/html,application/xhtml+xml,application/xml;q=0.9,image/webp,image/apng,*/*;q=0.8',
  'user-agent' => 'Mozilla/5.0 (Windows NT 6.1; Win64; x64) AppleWebKit/537.36 (KHTML, like Gecko) Chrome/70.0.3538.110 Safari/537.36',
  'upgrade-insecure-requests' => '1',
  'connection' => 'close',
  'host' => 'shop.com',
)
[ info ] [ PARAM ] array (
)
[ info ] [ LANG ] C:\phpStudy\PHPTutorial\WWW\shop/application/admin\lang\zh-cn.php
[ info ] [ SESSION ] INIT array (
  'id' => '',
  'var_session_id' => 'session_id',
  'prefix' => 'minishop',
  'type' => '',
  'auto_start' => true,
)
[ info ] [ RUN ] /**
     * 修改个人资料
     * @author 完美°ぜ界丶
     */
Method [ <user> public method edit ] {
  @@ C:\phpStudy\PHPTutorial\WWW\shop\application\admin\controller\User.php 27 - 48
}

[ info ] [ VIEW ] C:\phpStudy\PHPTutorial\WWW\shop/application/admin\view\user\edit.html [ array (
  0 => 'menuTree',
  1 => 'userInfo',
) ]
[ info ] [ CACHE ] INIT File
[ info ] [ LOG ] INIT file

---------------------------------------------------------------
[ 2019-04-26T16:25:49+08:00 ] 127.0.0.1 127.0.0.1 GET /admin.php/banner_position/index.html
[ log ] shop.com/admin.php/banner_position/index.html [运行时间：0.124006s][吞吐率：8.06req/s] [内存消耗：1,849.97kb] [文件加载：57]
[ info ] [ DB ] INIT mysql
[ info ] [ LANG ] C:\phpStudy\PHPTutorial\WWW\shop\core\lang\zh-cn.php
[ info ] [ ROUTE ] array (
  'type' => 'module',
  'module' => 
  array (
    0 => 'admin',
    1 => 'banner_position',
    2 => 'index',
  ),
)
[ info ] [ HEADER ] array (
  'cookie' => 'pgv_pvi=2544536576; PHPSESSID=lsodll998ibf8s1faebnetnhi3; think_var=zh-cn; pgv_si=s5162878976',
  'accept-language' => 'zh-CN,zh;q=0.9',
  'accept-encoding' => 'gzip, deflate',
  'referer' => 'http://shop.com/admin.php/user/edit.html',
  'accept' => 'text/html,application/xhtml+xml,application/xml;q=0.9,image/webp,image/apng,*/*;q=0.8',
  'user-agent' => 'Mozilla/5.0 (Windows NT 6.1; Win64; x64) AppleWebKit/537.36 (KHTML, like Gecko) Chrome/70.0.3538.110 Safari/537.36',
  'upgrade-insecure-requests' => '1',
  'connection' => 'close',
  'host' => 'shop.com',
)
[ info ] [ PARAM ] array (
)
[ info ] [ LANG ] C:\phpStudy\PHPTutorial\WWW\shop/application/admin\lang\zh-cn.php
[ info ] [ SESSION ] INIT array (
  'id' => '',
  'var_session_id' => 'session_id',
  'prefix' => 'minishop',
  'type' => '',
  'auto_start' => true,
)
[ info ] [ RUN ] Method [ <user> public method index ] {
  @@ C:\phpStudy\PHPTutorial\WWW\shop\application\admin\controller\BannerPosition.php 22 - 47
}

[ info ] [ VIEW ] C:\phpStudy\PHPTutorial\WWW\shop/application/admin\view\banner_position\index.html [ array (
  0 => 'menuTree',
  1 => 'posList',
) ]
[ info ] [ CACHE ] INIT File
[ info ] [ LOG ] INIT file

---------------------------------------------------------------
[ 2019-04-26T16:25:50+08:00 ] 127.0.0.1 127.0.0.1 GET /admin.php/comment/index.html
[ log ] shop.com/admin.php/comment/index.html [运行时间：0.177010s][吞吐率：5.65req/s] [内存消耗：1,859.05kb] [文件加载：57]
[ info ] [ DB ] INIT mysql
[ info ] [ LANG ] C:\phpStudy\PHPTutorial\WWW\shop\core\lang\zh-cn.php
[ info ] [ ROUTE ] array (
  'type' => 'module',
  'module' => 
  array (
    0 => 'admin',
    1 => 'comment',
    2 => 'index',
  ),
)
[ info ] [ HEADER ] array (
  'cookie' => 'pgv_pvi=2544536576; PHPSESSID=lsodll998ibf8s1faebnetnhi3; think_var=zh-cn; pgv_si=s5162878976',
  'accept-language' => 'zh-CN,zh;q=0.9',
  'accept-encoding' => 'gzip, deflate',
  'referer' => 'http://shop.com/admin.php/banner_position/index.html',
  'accept' => 'text/html,application/xhtml+xml,application/xml;q=0.9,image/webp,image/apng,*/*;q=0.8',
  'user-agent' => 'Mozilla/5.0 (Windows NT 6.1; Win64; x64) AppleWebKit/537.36 (KHTML, like Gecko) Chrome/70.0.3538.110 Safari/537.36',
  'upgrade-insecure-requests' => '1',
  'connection' => 'close',
  'host' => 'shop.com',
)
[ info ] [ PARAM ] array (
)
[ info ] [ LANG ] C:\phpStudy\PHPTutorial\WWW\shop/application/admin\lang\zh-cn.php
[ info ] [ SESSION ] INIT array (
  'id' => '',
  'var_session_id' => 'session_id',
  'prefix' => 'minishop',
  'type' => '',
  'auto_start' => true,
)
[ info ] [ RUN ] /**
     * 显示评论、订单号、部分评论内容等信息
     * 支持通过订单号搜索评论
     * 评分为1显示灰色，方便对此类评论的管理
     * @author 天行健
     */
Method [ <user> public method index ] {
  @@ C:\phpStudy\PHPTutorial\WWW\shop\application\admin\controller\Comment.php 31 - 59
}

[ info ] [ VIEW ] C:\phpStudy\PHPTutorial\WWW\shop/application/admin\view\comment\index.html [ array (
  0 => 'menuTree',
  1 => 'comment',
) ]
[ info ] [ CACHE ] INIT File
[ info ] [ LOG ] INIT file

---------------------------------------------------------------
[ 2019-04-26T16:25:52+08:00 ] 127.0.0.1 127.0.0.1 GET /admin.php/banner/index.html
[ log ] shop.com/admin.php/banner/index.html [运行时间：0.139006s][吞吐率：7.19req/s] [内存消耗：1,861.20kb] [文件加载：57]
[ info ] [ DB ] INIT mysql
[ info ] [ LANG ] C:\phpStudy\PHPTutorial\WWW\shop\core\lang\zh-cn.php
[ info ] [ ROUTE ] array (
  'type' => 'module',
  'module' => 
  array (
    0 => 'admin',
    1 => 'banner',
    2 => 'index',
  ),
)
[ info ] [ HEADER ] array (
  'cookie' => 'pgv_pvi=2544536576; PHPSESSID=lsodll998ibf8s1faebnetnhi3; think_var=zh-cn; pgv_si=s5162878976',
  'accept-language' => 'zh-CN,zh;q=0.9',
  'accept-encoding' => 'gzip, deflate',
  'referer' => 'http://shop.com/admin.php/comment/index.html',
  'accept' => 'text/html,application/xhtml+xml,application/xml;q=0.9,image/webp,image/apng,*/*;q=0.8',
  'user-agent' => 'Mozilla/5.0 (Windows NT 6.1; Win64; x64) AppleWebKit/537.36 (KHTML, like Gecko) Chrome/70.0.3538.110 Safari/537.36',
  'upgrade-insecure-requests' => '1',
  'connection' => 'close',
  'host' => 'shop.com',
)
[ info ] [ PARAM ] array (
)
[ info ] [ LANG ] C:\phpStudy\PHPTutorial\WWW\shop/application/admin\lang\zh-cn.php
[ info ] [ SESSION ] INIT array (
  'id' => '',
  'var_session_id' => 'session_id',
  'prefix' => 'minishop',
  'type' => '',
  'auto_start' => true,
)
[ info ] [ RUN ] Method [ <user> public method index ] {
  @@ C:\phpStudy\PHPTutorial\WWW\shop\application\admin\controller\Banner.php 23 - 50
}

[ info ] [ VIEW ] C:\phpStudy\PHPTutorial\WWW\shop/application/admin\view\banner\index.html [ array (
  0 => 'menuTree',
  1 => 'adList',
) ]
[ info ] [ CACHE ] INIT File
[ info ] [ LOG ] INIT file

---------------------------------------------------------------
[ 2019-04-26T16:25:53+08:00 ] 127.0.0.1 127.0.0.1 GET /admin.php/links/index.html
[ log ] shop.com/admin.php/links/index.html [运行时间：0.148008s][吞吐率：6.76req/s] [内存消耗：1,855.58kb] [文件加载：57]
[ info ] [ DB ] INIT mysql
[ info ] [ LANG ] C:\phpStudy\PHPTutorial\WWW\shop\core\lang\zh-cn.php
[ info ] [ ROUTE ] array (
  'type' => 'module',
  'module' => 
  array (
    0 => 'admin',
    1 => 'links',
    2 => 'index',
  ),
)
[ info ] [ HEADER ] array (
  'cookie' => 'pgv_pvi=2544536576; PHPSESSID=lsodll998ibf8s1faebnetnhi3; think_var=zh-cn; pgv_si=s5162878976',
  'accept-language' => 'zh-CN,zh;q=0.9',
  'accept-encoding' => 'gzip, deflate',
  'referer' => 'http://shop.com/admin.php/banner/index.html',
  'accept' => 'text/html,application/xhtml+xml,application/xml;q=0.9,image/webp,image/apng,*/*;q=0.8',
  'user-agent' => 'Mozilla/5.0 (Windows NT 6.1; Win64; x64) AppleWebKit/537.36 (KHTML, like Gecko) Chrome/70.0.3538.110 Safari/537.36',
  'upgrade-insecure-requests' => '1',
  'connection' => 'close',
  'host' => 'shop.com',
)
[ info ] [ PARAM ] array (
)
[ info ] [ LANG ] C:\phpStudy\PHPTutorial\WWW\shop/application/admin\lang\zh-cn.php
[ info ] [ SESSION ] INIT array (
  'id' => '',
  'var_session_id' => 'session_id',
  'prefix' => 'minishop',
  'type' => '',
  'auto_start' => true,
)
[ info ] [ RUN ] /**
     * 链接管理首页，链接列表
     * @author 矢志bu渝
     */
Method [ <user> public method index ] {
  @@ C:\phpStudy\PHPTutorial\WWW\shop\application\admin\controller\Links.php 27 - 56
}

[ info ] [ VIEW ] C:\phpStudy\PHPTutorial\WWW\shop/application/admin\view\links\index.html [ array (
  0 => 'menuTree',
  1 => 'linkList',
) ]
[ info ] [ CACHE ] INIT File
[ info ] [ LOG ] INIT file

---------------------------------------------------------------
[ 2019-04-26T16:26:02+08:00 ] 127.0.0.1 127.0.0.1 GET /admin.php/links/edit/id/1.html
[ log ] shop.com/admin.php/links/edit/id/1.html [运行时间：0.105006s][吞吐率：9.52req/s] [内存消耗：1,763.48kb] [文件加载：53]
[ info ] [ DB ] INIT mysql
[ info ] [ LANG ] C:\phpStudy\PHPTutorial\WWW\shop\core\lang\zh-cn.php
[ info ] [ ROUTE ] array (
  'type' => 'module',
  'module' => 
  array (
    0 => 'admin',
    1 => 'links',
    2 => 'edit',
  ),
)
[ info ] [ HEADER ] array (
  'cookie' => 'pgv_pvi=2544536576; PHPSESSID=lsodll998ibf8s1faebnetnhi3; think_var=zh-cn; pgv_si=s5162878976',
  'accept-language' => 'zh-CN,zh;q=0.9',
  'accept-encoding' => 'gzip, deflate',
  'referer' => 'http://shop.com/admin.php/links/index.html',
  'accept' => 'text/html,application/xhtml+xml,application/xml;q=0.9,image/webp,image/apng,*/*;q=0.8',
  'user-agent' => 'Mozilla/5.0 (Windows NT 6.1; Win64; x64) AppleWebKit/537.36 (KHTML, like Gecko) Chrome/70.0.3538.110 Safari/537.36',
  'upgrade-insecure-requests' => '1',
  'connection' => 'close',
  'host' => 'shop.com',
)
[ info ] [ PARAM ] array (
  'id' => '1',
)
[ info ] [ LANG ] C:\phpStudy\PHPTutorial\WWW\shop/application/admin\lang\zh-cn.php
[ info ] [ SESSION ] INIT array (
  'id' => '',
  'var_session_id' => 'session_id',
  'prefix' => 'minishop',
  'type' => '',
  'auto_start' => true,
)
[ info ] [ RUN ] /**
     * @author 矢志bu渝
     * 编辑链接
     */
Method [ <user> public method edit ] {
  @@ C:\phpStudy\PHPTutorial\WWW\shop\application\admin\controller\Links.php 108 - 148

  - Parameters [1] {
    Parameter #0 [ <required> $id ]
  }
}

[ info ] [ VIEW ] C:\phpStudy\PHPTutorial\WWW\shop/application/admin\view\Links\edit.html [ array (
  0 => 'menuTree',
  1 => 'linkInfo',
) ]
[ info ] [ CACHE ] INIT File
[ info ] [ LOG ] INIT file

---------------------------------------------------------------
[ 2019-04-26T16:26:34+08:00 ] 127.0.0.1 127.0.0.1 GET /admin.php/links/index.html
[ log ] shop.com/admin.php/links/index.html [运行时间：0.085005s][吞吐率：11.76req/s] [内存消耗：1,855.58kb] [文件加载：57]
[ info ] [ DB ] INIT mysql
[ info ] [ LANG ] C:\phpStudy\PHPTutorial\WWW\shop\core\lang\zh-cn.php
[ info ] [ ROUTE ] array (
  'type' => 'module',
  'module' => 
  array (
    0 => 'admin',
    1 => 'links',
    2 => 'index',
  ),
)
[ info ] [ HEADER ] array (
  'cookie' => 'pgv_pvi=2544536576; PHPSESSID=lsodll998ibf8s1faebnetnhi3; think_var=zh-cn; pgv_si=s5162878976',
  'accept-language' => 'zh-CN,zh;q=0.9',
  'accept-encoding' => 'gzip, deflate',
  'referer' => 'http://shop.com/admin.php/links/edit/id/1.html',
  'accept' => 'text/html,application/xhtml+xml,application/xml;q=0.9,image/webp,image/apng,*/*;q=0.8',
  'user-agent' => 'Mozilla/5.0 (Windows NT 6.1; Win64; x64) AppleWebKit/537.36 (KHTML, like Gecko) Chrome/70.0.3538.110 Safari/537.36',
  'upgrade-insecure-requests' => '1',
  'connection' => 'close',
  'host' => 'shop.com',
)
[ info ] [ PARAM ] array (
)
[ info ] [ LANG ] C:\phpStudy\PHPTutorial\WWW\shop/application/admin\lang\zh-cn.php
[ info ] [ SESSION ] INIT array (
  'id' => '',
  'var_session_id' => 'session_id',
  'prefix' => 'minishop',
  'type' => '',
  'auto_start' => true,
)
[ info ] [ RUN ] /**
     * 链接管理首页，链接列表
     * @author 矢志bu渝
     */
Method [ <user> public method index ] {
  @@ C:\phpStudy\PHPTutorial\WWW\shop\application\admin\controller\Links.php 27 - 56
}

[ info ] [ VIEW ] C:\phpStudy\PHPTutorial\WWW\shop/application/admin\view\links\index.html [ array (
  0 => 'menuTree',
  1 => 'linkList',
) ]
[ info ] [ CACHE ] INIT File
[ info ] [ LOG ] INIT file

---------------------------------------------------------------
[ 2019-04-26T16:26:35+08:00 ] 127.0.0.1 127.0.0.1 GET /admin.php/index/index.html
[ log ] shop.com/admin.php/index/index.html [运行时间：0.085004s][吞吐率：11.76req/s] [内存消耗：1,735.08kb] [文件加载：53]
[ info ] [ DB ] INIT mysql
[ info ] [ LANG ] C:\phpStudy\PHPTutorial\WWW\shop\core\lang\zh-cn.php
[ info ] [ ROUTE ] array (
  'type' => 'module',
  'module' => 
  array (
    0 => 'admin',
    1 => 'index',
    2 => 'index',
  ),
)
[ info ] [ HEADER ] array (
  'cookie' => 'pgv_pvi=2544536576; PHPSESSID=lsodll998ibf8s1faebnetnhi3; think_var=zh-cn; pgv_si=s5162878976',
  'accept-language' => 'zh-CN,zh;q=0.9',
  'accept-encoding' => 'gzip, deflate',
  'referer' => 'http://shop.com/admin.php/links/index.html',
  'accept' => 'text/html,application/xhtml+xml,application/xml;q=0.9,image/webp,image/apng,*/*;q=0.8',
  'user-agent' => 'Mozilla/5.0 (Windows NT 6.1; Win64; x64) AppleWebKit/537.36 (KHTML, like Gecko) Chrome/70.0.3538.110 Safari/537.36',
  'upgrade-insecure-requests' => '1',
  'connection' => 'close',
  'host' => 'shop.com',
)
[ info ] [ PARAM ] array (
)
[ info ] [ LANG ] C:\phpStudy\PHPTutorial\WWW\shop/application/admin\lang\zh-cn.php
[ info ] [ SESSION ] INIT array (
  'id' => '',
  'var_session_id' => 'session_id',
  'prefix' => 'minishop',
  'type' => '',
  'auto_start' => true,
)
[ info ] [ RUN ] Method [ <user> public method index ] {
  @@ C:\phpStudy\PHPTutorial\WWW\shop\application\admin\controller\Index.php 21 - 38
}

[ info ] [ VIEW ] C:\phpStudy\PHPTutorial\WWW\shop/application/admin\view\index\index.html [ array (
  0 => 'menuTree',
  1 => 'version',
  2 => 'new_ver',
  3 => 'user_num',
  4 => 'post_num',
) ]
[ info ] [ CACHE ] INIT File
[ info ] [ LOG ] INIT file

---------------------------------------------------------------
[ 2019-04-26T16:26:41+08:00 ] 127.0.0.1 127.0.0.1 GET /admin.php/user/edit.html
[ log ] shop.com/admin.php/user/edit.html [运行时间：0.074004s][吞吐率：13.51req/s] [内存消耗：1,735.77kb] [文件加载：53]
[ info ] [ DB ] INIT mysql
[ info ] [ LANG ] C:\phpStudy\PHPTutorial\WWW\shop\core\lang\zh-cn.php
[ info ] [ ROUTE ] array (
  'type' => 'module',
  'module' => 
  array (
    0 => 'admin',
    1 => 'user',
    2 => 'edit',
  ),
)
[ info ] [ HEADER ] array (
  'cookie' => 'pgv_pvi=2544536576; PHPSESSID=lsodll998ibf8s1faebnetnhi3; think_var=zh-cn; pgv_si=s5162878976',
  'accept-language' => 'zh-CN,zh;q=0.9',
  'accept-encoding' => 'gzip, deflate',
  'referer' => 'http://shop.com/admin.php/index/index.html',
  'accept' => 'text/html,application/xhtml+xml,application/xml;q=0.9,image/webp,image/apng,*/*;q=0.8',
  'user-agent' => 'Mozilla/5.0 (Windows NT 6.1; Win64; x64) AppleWebKit/537.36 (KHTML, like Gecko) Chrome/70.0.3538.110 Safari/537.36',
  'upgrade-insecure-requests' => '1',
  'connection' => 'close',
  'host' => 'shop.com',
)
[ info ] [ PARAM ] array (
)
[ info ] [ LANG ] C:\phpStudy\PHPTutorial\WWW\shop/application/admin\lang\zh-cn.php
[ info ] [ SESSION ] INIT array (
  'id' => '',
  'var_session_id' => 'session_id',
  'prefix' => 'minishop',
  'type' => '',
  'auto_start' => true,
)
[ info ] [ RUN ] /**
     * 修改个人资料
     * @author 完美°ぜ界丶
     */
Method [ <user> public method edit ] {
  @@ C:\phpStudy\PHPTutorial\WWW\shop\application\admin\controller\User.php 27 - 48
}

[ info ] [ VIEW ] C:\phpStudy\PHPTutorial\WWW\shop/application/admin\view\user\edit.html [ array (
  0 => 'menuTree',
  1 => 'userInfo',
) ]
[ info ] [ CACHE ] INIT File
[ info ] [ LOG ] INIT file

---------------------------------------------------------------
[ 2019-04-26T16:26:49+08:00 ] 127.0.0.1 127.0.0.1 GET /index.php/index/goods/index.html
[ log ] shop.com/index.php/index/goods/index.html [运行时间：0.051002s][吞吐率：19.61req/s] [内存消耗：1,731.09kb] [文件加载：54]
[ info ] [ DB ] INIT mysql
[ info ] [ LANG ] C:\phpStudy\PHPTutorial\WWW\shop\core\lang\zh-cn.php
[ info ] [ ROUTE ] array (
  'type' => 'module',
  'module' => 
  array (
    0 => 'index',
    1 => 'goods',
    2 => 'index',
  ),
)
[ info ] [ HEADER ] array (
  'cookie' => 'pgv_pvi=2544536576; PHPSESSID=lsodll998ibf8s1faebnetnhi3; think_var=zh-cn; pgv_si=s5162878976',
  'accept-language' => 'zh-CN,zh;q=0.9',
  'accept-encoding' => 'gzip, deflate',
  'referer' => 'http://shop.com/index.php/index/user/usercenter.html',
  'accept' => 'text/html,application/xhtml+xml,application/xml;q=0.9,image/webp,image/apng,*/*;q=0.8',
  'user-agent' => 'Mozilla/5.0 (Windows NT 6.1; Win64; x64) AppleWebKit/537.36 (KHTML, like Gecko) Chrome/70.0.3538.110 Safari/537.36',
  'upgrade-insecure-requests' => '1',
  'connection' => 'close',
  'host' => 'shop.com',
)
[ info ] [ PARAM ] array (
)
[ info ] [ LANG ] C:\phpStudy\PHPTutorial\WWW\shop/application/index\lang\zh-cn.php
[ info ] [ SESSION ] INIT array (
  'prefix' => 'minishop',
  'type' => '',
  'auto_start' => true,
)
[ info ] [ RUN ] Method [ <user> public method index ] {
  @@ C:\phpStudy\PHPTutorial\WWW\shop\application\index\controller\Goods.php 23 - 26
}

[ info ] [ LOG ] INIT file

---------------------------------------------------------------
[ 2019-04-26T16:26:50+08:00 ] 127.0.0.1 127.0.0.1 GET /index.php/index/goods/lists.html
[ log ] shop.com/index.php/index/goods/lists.html [运行时间：0.081004s][吞吐率：12.35req/s] [内存消耗：1,872.61kb] [文件加载：57]
[ info ] [ DB ] INIT mysql
[ info ] [ LANG ] C:\phpStudy\PHPTutorial\WWW\shop\core\lang\zh-cn.php
[ info ] [ ROUTE ] array (
  'type' => 'module',
  'module' => 
  array (
    0 => 'index',
    1 => 'goods',
    2 => 'lists',
  ),
)
[ info ] [ HEADER ] array (
  'cookie' => 'pgv_pvi=2544536576; PHPSESSID=lsodll998ibf8s1faebnetnhi3; think_var=zh-cn; pgv_si=s5162878976',
  'accept-language' => 'zh-CN,zh;q=0.9',
  'accept-encoding' => 'gzip, deflate',
  'referer' => 'http://shop.com/index.php/index/user/usercenter.html',
  'accept' => 'text/html,application/xhtml+xml,application/xml;q=0.9,image/webp,image/apng,*/*;q=0.8',
  'user-agent' => 'Mozilla/5.0 (Windows NT 6.1; Win64; x64) AppleWebKit/537.36 (KHTML, like Gecko) Chrome/70.0.3538.110 Safari/537.36',
  'upgrade-insecure-requests' => '1',
  'connection' => 'close',
  'host' => 'shop.com',
)
[ info ] [ PARAM ] array (
)
[ info ] [ LANG ] C:\phpStudy\PHPTutorial\WWW\shop/application/index\lang\zh-cn.php
[ info ] [ SESSION ] INIT array (
  'prefix' => 'minishop',
  'type' => '',
  'auto_start' => true,
)
[ info ] [ RUN ] Method [ <user> public method lists ] {
  @@ C:\phpStudy\PHPTutorial\WWW\shop\application\index\controller\Goods.php 29 - 127
}

[ info ] [ VIEW ] ./themes/default/index/goods_list.html [ array (
  0 => 'userinfo',
  1 => 'categoryInfo',
  2 => 'list',
  3 => 'selfCate',
  4 => 'parentCate',
  5 => 'parent',
  6 => 'page',
  7 => 'sort',
  8 => 'type',
) ]
[ info ] [ DB ] INIT mysql
[ info ] [ DB ] INIT mysql
[ info ] [ LOG ] INIT file

---------------------------------------------------------------
[ 2019-04-26T16:26:51+08:00 ] 127.0.0.1 127.0.0.1 GET /index.php/index/article/page.html?name=address
[ log ] shop.com/index.php/index/article/page.html?name=address [运行时间：0.092005s][吞吐率：10.87req/s] [内存消耗：1,767.54kb] [文件加载：53]
[ info ] [ DB ] INIT mysql
[ info ] [ LANG ] C:\phpStudy\PHPTutorial\WWW\shop\core\lang\zh-cn.php
[ info ] [ ROUTE ] array (
  'type' => 'module',
  'module' => 
  array (
    0 => 'index',
    1 => 'article',
    2 => 'page',
  ),
)
[ info ] [ HEADER ] array (
  'cookie' => 'pgv_pvi=2544536576; PHPSESSID=lsodll998ibf8s1faebnetnhi3; think_var=zh-cn; pgv_si=s5162878976',
  'accept-language' => 'zh-CN,zh;q=0.9',
  'accept-encoding' => 'gzip, deflate',
  'referer' => 'http://shop.com/index.php/index/goods/lists.html',
  'accept' => 'text/html,application/xhtml+xml,application/xml;q=0.9,image/webp,image/apng,*/*;q=0.8',
  'user-agent' => 'Mozilla/5.0 (Windows NT 6.1; Win64; x64) AppleWebKit/537.36 (KHTML, like Gecko) Chrome/70.0.3538.110 Safari/537.36',
  'upgrade-insecure-requests' => '1',
  'connection' => 'close',
  'host' => 'shop.com',
)
[ info ] [ PARAM ] array (
  'name' => 'address',
)
[ info ] [ LANG ] C:\phpStudy\PHPTutorial\WWW\shop/application/index\lang\zh-cn.php
[ info ] [ SESSION ] INIT array (
  'prefix' => 'minishop',
  'type' => '',
  'auto_start' => true,
)
[ info ] [ RUN ] /**
	 * 文章单页控制器
	 * @author  tangtanglove <dai_hang_love@126.com>
	 */
Method [ <user> public method page ] {
  @@ C:\phpStudy\PHPTutorial\WWW\shop\application\index\controller\Article.php 158 - 192
}

[ info ] [ VIEW ] ./themes/default/index/page.html [ array (
  0 => 'userinfo',
  1 => 'subPage',
  2 => 'pageInfo',
  3 => 'pidInfo',
) ]
[ info ] [ DB ] INIT mysql
[ info ] [ DB ] INIT mysql
[ info ] [ LOG ] INIT file

---------------------------------------------------------------
[ 2019-04-26T16:26:58+08:00 ] 127.0.0.1 127.0.0.1 GET /index.php/index/index/index.html
[ log ] shop.com/index.php/index/index/index.html [运行时间：0.150008s][吞吐率：6.67req/s] [内存消耗：1,970.16kb] [文件加载：53]
[ info ] [ DB ] INIT mysql
[ info ] [ LANG ] C:\phpStudy\PHPTutorial\WWW\shop\core\lang\zh-cn.php
[ info ] [ ROUTE ] array (
  'type' => 'module',
  'module' => 
  array (
    0 => 'index',
    1 => 'index',
    2 => 'index',
  ),
)
[ info ] [ HEADER ] array (
  'cookie' => 'pgv_pvi=2544536576; PHPSESSID=lsodll998ibf8s1faebnetnhi3; think_var=zh-cn; pgv_si=s5162878976',
  'accept-language' => 'zh-CN,zh;q=0.9',
  'accept-encoding' => 'gzip, deflate',
  'referer' => 'http://shop.com/index.php/index/article/page.html?name=address',
  'accept' => 'text/html,application/xhtml+xml,application/xml;q=0.9,image/webp,image/apng,*/*;q=0.8',
  'user-agent' => 'Mozilla/5.0 (Windows NT 6.1; Win64; x64) AppleWebKit/537.36 (KHTML, like Gecko) Chrome/70.0.3538.110 Safari/537.36',
  'upgrade-insecure-requests' => '1',
  'connection' => 'close',
  'host' => 'shop.com',
)
[ info ] [ PARAM ] array (
)
[ info ] [ LANG ] C:\phpStudy\PHPTutorial\WWW\shop/application/index\lang\zh-cn.php
[ info ] [ SESSION ] INIT array (
  'prefix' => 'minishop',
  'type' => '',
  'auto_start' => true,
)
[ info ] [ RUN ] Method [ <user> public method index ] {
  @@ C:\phpStudy\PHPTutorial\WWW\shop\application\index\controller\Index.php 21 - 25
}

[ info ] [ VIEW ] ./themes/default/index/index.html [ array (
  0 => 'userinfo',
) ]
[ info ] [ DB ] INIT mysql
[ info ] [ DB ] INIT mysql
[ info ] [ DB ] INIT mysql
[ info ] [ DB ] INIT mysql
[ info ] [ DB ] INIT mysql
[ info ] [ DB ] INIT mysql
[ info ] [ DB ] INIT mysql
[ info ] [ DB ] INIT mysql
[ info ] [ DB ] INIT mysql
[ info ] [ DB ] INIT mysql
[ info ] [ DB ] INIT mysql
[ info ] [ LOG ] INIT file

---------------------------------------------------------------
[ 2019-04-26T16:27:12+08:00 ] 127.0.0.1 127.0.0.1 GET /index.php/index/article/page.html?name=address
[ log ] shop.com/index.php/index/article/page.html?name=address [运行时间：0.091006s][吞吐率：10.99req/s] [内存消耗：1,767.54kb] [文件加载：53]
[ info ] [ DB ] INIT mysql
[ info ] [ LANG ] C:\phpStudy\PHPTutorial\WWW\shop\core\lang\zh-cn.php
[ info ] [ ROUTE ] array (
  'type' => 'module',
  'module' => 
  array (
    0 => 'index',
    1 => 'article',
    2 => 'page',
  ),
)
[ info ] [ HEADER ] array (
  'cookie' => 'pgv_pvi=2544536576; PHPSESSID=lsodll998ibf8s1faebnetnhi3; think_var=zh-cn; pgv_si=s5162878976',
  'accept-language' => 'zh-CN,zh;q=0.9',
  'accept-encoding' => 'gzip, deflate',
  'referer' => 'http://shop.com/index.php/index/index/index.html',
  'accept' => 'text/html,application/xhtml+xml,application/xml;q=0.9,image/webp,image/apng,*/*;q=0.8',
  'user-agent' => 'Mozilla/5.0 (Windows NT 6.1; Win64; x64) AppleWebKit/537.36 (KHTML, like Gecko) Chrome/70.0.3538.110 Safari/537.36',
  'upgrade-insecure-requests' => '1',
  'connection' => 'close',
  'host' => 'shop.com',
)
[ info ] [ PARAM ] array (
  'name' => 'address',
)
[ info ] [ LANG ] C:\phpStudy\PHPTutorial\WWW\shop/application/index\lang\zh-cn.php
[ info ] [ SESSION ] INIT array (
  'prefix' => 'minishop',
  'type' => '',
  'auto_start' => true,
)
[ info ] [ RUN ] /**
	 * 文章单页控制器
	 * @author  tangtanglove <dai_hang_love@126.com>
	 */
Method [ <user> public method page ] {
  @@ C:\phpStudy\PHPTutorial\WWW\shop\application\index\controller\Article.php 158 - 192
}

[ info ] [ VIEW ] ./themes/default/index/page.html [ array (
  0 => 'userinfo',
  1 => 'subPage',
  2 => 'pageInfo',
  3 => 'pidInfo',
) ]
[ info ] [ DB ] INIT mysql
[ info ] [ DB ] INIT mysql
[ info ] [ LOG ] INIT file

---------------------------------------------------------------
[ 2019-04-26T16:27:14+08:00 ] 127.0.0.1 127.0.0.1 GET /index.php/index/goods/index.html
[ log ] shop.com/index.php/index/goods/index.html [运行时间：0.046002s][吞吐率：21.74req/s] [内存消耗：1,731.05kb] [文件加载：54]
[ info ] [ DB ] INIT mysql
[ info ] [ LANG ] C:\phpStudy\PHPTutorial\WWW\shop\core\lang\zh-cn.php
[ info ] [ ROUTE ] array (
  'type' => 'module',
  'module' => 
  array (
    0 => 'index',
    1 => 'goods',
    2 => 'index',
  ),
)
[ info ] [ HEADER ] array (
  'cookie' => 'pgv_pvi=2544536576; PHPSESSID=lsodll998ibf8s1faebnetnhi3; think_var=zh-cn; pgv_si=s5162878976',
  'accept-language' => 'zh-CN,zh;q=0.9',
  'accept-encoding' => 'gzip, deflate',
  'referer' => 'http://shop.com/index.php/index/article/page.html?name=address',
  'accept' => 'text/html,application/xhtml+xml,application/xml;q=0.9,image/webp,image/apng,*/*;q=0.8',
  'user-agent' => 'Mozilla/5.0 (Windows NT 6.1; Win64; x64) AppleWebKit/537.36 (KHTML, like Gecko) Chrome/70.0.3538.110 Safari/537.36',
  'upgrade-insecure-requests' => '1',
  'connection' => 'close',
  'host' => 'shop.com',
)
[ info ] [ PARAM ] array (
)
[ info ] [ LANG ] C:\phpStudy\PHPTutorial\WWW\shop/application/index\lang\zh-cn.php
[ info ] [ SESSION ] INIT array (
  'prefix' => 'minishop',
  'type' => '',
  'auto_start' => true,
)
[ info ] [ RUN ] Method [ <user> public method index ] {
  @@ C:\phpStudy\PHPTutorial\WWW\shop\application\index\controller\Goods.php 23 - 26
}

[ info ] [ LOG ] INIT file

---------------------------------------------------------------
[ 2019-04-26T16:27:14+08:00 ] 127.0.0.1 127.0.0.1 GET /index.php/index/goods/lists.html
[ log ] shop.com/index.php/index/goods/lists.html [运行时间：0.087005s][吞吐率：11.49req/s] [内存消耗：1,872.59kb] [文件加载：57]
[ info ] [ DB ] INIT mysql
[ info ] [ LANG ] C:\phpStudy\PHPTutorial\WWW\shop\core\lang\zh-cn.php
[ info ] [ ROUTE ] array (
  'type' => 'module',
  'module' => 
  array (
    0 => 'index',
    1 => 'goods',
    2 => 'lists',
  ),
)
[ info ] [ HEADER ] array (
  'cookie' => 'pgv_pvi=2544536576; PHPSESSID=lsodll998ibf8s1faebnetnhi3; think_var=zh-cn; pgv_si=s5162878976',
  'accept-language' => 'zh-CN,zh;q=0.9',
  'accept-encoding' => 'gzip, deflate',
  'referer' => 'http://shop.com/index.php/index/article/page.html?name=address',
  'accept' => 'text/html,application/xhtml+xml,application/xml;q=0.9,image/webp,image/apng,*/*;q=0.8',
  'user-agent' => 'Mozilla/5.0 (Windows NT 6.1; Win64; x64) AppleWebKit/537.36 (KHTML, like Gecko) Chrome/70.0.3538.110 Safari/537.36',
  'upgrade-insecure-requests' => '1',
  'connection' => 'close',
  'host' => 'shop.com',
)
[ info ] [ PARAM ] array (
)
[ info ] [ LANG ] C:\phpStudy\PHPTutorial\WWW\shop/application/index\lang\zh-cn.php
[ info ] [ SESSION ] INIT array (
  'prefix' => 'minishop',
  'type' => '',
  'auto_start' => true,
)
[ info ] [ RUN ] Method [ <user> public method lists ] {
  @@ C:\phpStudy\PHPTutorial\WWW\shop\application\index\controller\Goods.php 29 - 127
}

[ info ] [ VIEW ] ./themes/default/index/goods_list.html [ array (
  0 => 'userinfo',
  1 => 'categoryInfo',
  2 => 'list',
  3 => 'selfCate',
  4 => 'parentCate',
  5 => 'parent',
  6 => 'page',
  7 => 'sort',
  8 => 'type',
) ]
[ info ] [ DB ] INIT mysql
[ info ] [ DB ] INIT mysql
[ info ] [ LOG ] INIT file

---------------------------------------------------------------
[ 2019-04-26T16:27:15+08:00 ] 127.0.0.1 127.0.0.1 GET /index.php/index/article/lists.html?category=news
[ log ] shop.com/index.php/index/article/lists.html?category=news [运行时间：0.099005s][吞吐率：10.10req/s] [内存消耗：1,856.52kb] [文件加载：57]
[ info ] [ DB ] INIT mysql
[ info ] [ LANG ] C:\phpStudy\PHPTutorial\WWW\shop\core\lang\zh-cn.php
[ info ] [ ROUTE ] array (
  'type' => 'module',
  'module' => 
  array (
    0 => 'index',
    1 => 'article',
    2 => 'lists',
  ),
)
[ info ] [ HEADER ] array (
  'cookie' => 'pgv_pvi=2544536576; PHPSESSID=lsodll998ibf8s1faebnetnhi3; think_var=zh-cn; pgv_si=s5162878976',
  'accept-language' => 'zh-CN,zh;q=0.9',
  'accept-encoding' => 'gzip, deflate',
  'referer' => 'http://shop.com/index.php/index/goods/lists.html',
  'accept' => 'text/html,application/xhtml+xml,application/xml;q=0.9,image/webp,image/apng,*/*;q=0.8',
  'user-agent' => 'Mozilla/5.0 (Windows NT 6.1; Win64; x64) AppleWebKit/537.36 (KHTML, like Gecko) Chrome/70.0.3538.110 Safari/537.36',
  'upgrade-insecure-requests' => '1',
  'connection' => 'close',
  'host' => 'shop.com',
)
[ info ] [ PARAM ] array (
  'category' => 'news',
)
[ info ] [ LANG ] C:\phpStudy\PHPTutorial\WWW\shop/application/index\lang\zh-cn.php
[ info ] [ SESSION ] INIT array (
  'prefix' => 'minishop',
  'type' => '',
  'auto_start' => true,
)
[ info ] [ RUN ] /**
	 * 文章列表控制器
	 * @author  tangtanglove <dai_hang_love@126.com>
	 */
Method [ <user> public method lists ] {
  @@ C:\phpStudy\PHPTutorial\WWW\shop\application\index\controller\Article.php 36 - 88
}

[ info ] [ VIEW ] ./themes/default/index/news_list.html [ array (
  0 => 'userinfo',
  1 => 'list',
  2 => 'page',
  3 => 'categoryInfo',
) ]
[ info ] [ DB ] INIT mysql
[ info ] [ DB ] INIT mysql
[ info ] [ LOG ] INIT file

---------------------------------------------------------------
[ 2019-04-26T16:27:17+08:00 ] 127.0.0.1 127.0.0.1 GET /index.php/index/article/page.html?name=company
[ log ] shop.com/index.php/index/article/page.html?name=company [运行时间：0.082005s][吞吐率：12.19req/s] [内存消耗：1,779.02kb] [文件加载：53]
[ info ] [ DB ] INIT mysql
[ info ] [ LANG ] C:\phpStudy\PHPTutorial\WWW\shop\core\lang\zh-cn.php
[ info ] [ ROUTE ] array (
  'type' => 'module',
  'module' => 
  array (
    0 => 'index',
    1 => 'article',
    2 => 'page',
  ),
)
[ info ] [ HEADER ] array (
  'cookie' => 'pgv_pvi=2544536576; PHPSESSID=lsodll998ibf8s1faebnetnhi3; think_var=zh-cn; pgv_si=s5162878976',
  'accept-language' => 'zh-CN,zh;q=0.9',
  'accept-encoding' => 'gzip, deflate',
  'referer' => 'http://shop.com/index.php/index/article/lists.html?category=news',
  'accept' => 'text/html,application/xhtml+xml,application/xml;q=0.9,image/webp,image/apng,*/*;q=0.8',
  'user-agent' => 'Mozilla/5.0 (Windows NT 6.1; Win64; x64) AppleWebKit/537.36 (KHTML, like Gecko) Chrome/70.0.3538.110 Safari/537.36',
  'upgrade-insecure-requests' => '1',
  'connection' => 'close',
  'host' => 'shop.com',
)
[ info ] [ PARAM ] array (
  'name' => 'company',
)
[ info ] [ LANG ] C:\phpStudy\PHPTutorial\WWW\shop/application/index\lang\zh-cn.php
[ info ] [ SESSION ] INIT array (
  'prefix' => 'minishop',
  'type' => '',
  'auto_start' => true,
)
[ info ] [ RUN ] /**
	 * 文章单页控制器
	 * @author  tangtanglove <dai_hang_love@126.com>
	 */
Method [ <user> public method page ] {
  @@ C:\phpStudy\PHPTutorial\WWW\shop\application\index\controller\Article.php 158 - 192
}

[ info ] [ VIEW ] ./themes/default/index/page.html [ array (
  0 => 'userinfo',
  1 => 'subPage',
  2 => 'pageInfo',
  3 => 'pidInfo',
) ]
[ info ] [ DB ] INIT mysql
[ info ] [ DB ] INIT mysql
[ info ] [ LOG ] INIT file

---------------------------------------------------------------
